{"C:\\Users\\najib.fauzan\\OneDrive - PT Garuda Yamato Steel\\Document\\1. Project DevSecOps\\ai-portal\\server\\services\\cleanup.service.js": {"path":"C:\\Users\\najib.fauzan\\OneDrive - PT Garuda Yamato Steel\\Document\\1. Project DevSecOps\\ai-portal\\server\\services\\cleanup.service.js","statementMap":{"0":{"start":{"line":6,"column":4},"end":{"line":6,"column":62}},"1":{"start":{"line":7,"column":4},"end":{"line":7,"column":66}},"2":{"start":{"line":8,"column":4},"end":{"line":8,"column":28}},"3":{"start":{"line":9,"column":4},"end":{"line":9,"column":64}},"4":{"start":{"line":14,"column":4},"end":{"line":14,"column":19}},"5":{"start":{"line":16,"column":4},"end":{"line":16,"column":59}},"6":{"start":{"line":16,"column":22},"end":{"line":16,"column":36}},"7":{"start":{"line":20,"column":4},"end":{"line":20,"column":93}},"8":{"start":{"line":21,"column":16},"end":{"line":21,"column":26}},"9":{"start":{"line":23,"column":4},"end":{"line":58,"column":7}},"10":{"start":{"line":24,"column":6},"end":{"line":24,"column":38}},"11":{"start":{"line":24,"column":31},"end":{"line":24,"column":38}},"12":{"start":{"line":26,"column":6},"end":{"line":57,"column":9}},"13":{"start":{"line":27,"column":8},"end":{"line":30,"column":9}},"14":{"start":{"line":28,"column":10},"end":{"line":28,"column":74}},"15":{"start":{"line":29,"column":10},"end":{"line":29,"column":17}},"16":{"start":{"line":32,"column":27},"end":{"line":32,"column":28}},"17":{"start":{"line":33,"column":8},"end":{"line":56,"column":11}},"18":{"start":{"line":35,"column":10},"end":{"line":35,"column":43}},"19":{"start":{"line":35,"column":36},"end":{"line":35,"column":43}},"20":{"start":{"line":37,"column":27},"end":{"line":37,"column":47}},"21":{"start":{"line":38,"column":10},"end":{"line":55,"column":13}},"22":{"start":{"line":39,"column":12},"end":{"line":39,"column":28}},"23":{"start":{"line":39,"column":21},"end":{"line":39,"column":28}},"24":{"start":{"line":42,"column":12},"end":{"line":42,"column":44}},"25":{"start":{"line":42,"column":37},"end":{"line":42,"column":44}},"26":{"start":{"line":45,"column":12},"end":{"line":54,"column":13}},"27":{"start":{"line":46,"column":14},"end":{"line":53,"column":17}},"28":{"start":{"line":47,"column":16},"end":{"line":52,"column":17}},"29":{"start":{"line":48,"column":18},"end":{"line":48,"column":84}},"30":{"start":{"line":50,"column":18},"end":{"line":50,"column":71}},"31":{"start":{"line":51,"column":18},"end":{"line":51,"column":33}}},"fnMap":{"0":{"name":"(anonymous_0)","decl":{"start":{"line":5,"column":2},"end":{"line":5,"column":3}},"loc":{"start":{"line":5,"column":16},"end":{"line":10,"column":3}},"line":5},"1":{"name":"(anonymous_1)","decl":{"start":{"line":12,"column":2},"end":{"line":12,"column":3}},"loc":{"start":{"line":12,"column":10},"end":{"line":17,"column":3}},"line":12},"2":{"name":"(anonymous_2)","decl":{"start":{"line":16,"column":16},"end":{"line":16,"column":17}},"loc":{"start":{"line":16,"column":22},"end":{"line":16,"column":36}},"line":16},"3":{"name":"(anonymous_3)","decl":{"start":{"line":19,"column":2},"end":{"line":19,"column":3}},"loc":{"start":{"line":19,"column":12},"end":{"line":59,"column":3}},"line":19},"4":{"name":"(anonymous_4)","decl":{"start":{"line":23,"column":45},"end":{"line":23,"column":46}},"loc":{"start":{"line":23,"column":52},"end":{"line":58,"column":5}},"line":23},"5":{"name":"(anonymous_5)","decl":{"start":{"line":26,"column":22},"end":{"line":26,"column":23}},"loc":{"start":{"line":26,"column":38},"end":{"line":57,"column":7}},"line":26},"6":{"name":"(anonymous_6)","decl":{"start":{"line":33,"column":22},"end":{"line":33,"column":23}},"loc":{"start":{"line":33,"column":30},"end":{"line":56,"column":9}},"line":33},"7":{"name":"(anonymous_7)","decl":{"start":{"line":38,"column":28},"end":{"line":38,"column":29}},"loc":{"start":{"line":38,"column":44},"end":{"line":55,"column":11}},"line":38},"8":{"name":"(anonymous_8)","decl":{"start":{"line":46,"column":34},"end":{"line":46,"column":35}},"loc":{"start":{"line":46,"column":41},"end":{"line":53,"column":15}},"line":46}},"branchMap":{"0":{"loc":{"start":{"line":24,"column":6},"end":{"line":24,"column":38}},"type":"if","locations":[{"start":{"line":24,"column":6},"end":{"line":24,"column":38}},{"start":{},"end":{}}],"line":24},"1":{"loc":{"start":{"line":27,"column":8},"end":{"line":30,"column":9}},"type":"if","locations":[{"start":{"line":27,"column":8},"end":{"line":30,"column":9}},{"start":{},"end":{}}],"line":27},"2":{"loc":{"start":{"line":35,"column":10},"end":{"line":35,"column":43}},"type":"if","locations":[{"start":{"line":35,"column":10},"end":{"line":35,"column":43}},{"start":{},"end":{}}],"line":35},"3":{"loc":{"start":{"line":39,"column":12},"end":{"line":39,"column":28}},"type":"if","locations":[{"start":{"line":39,"column":12},"end":{"line":39,"column":28}},{"start":{},"end":{}}],"line":39},"4":{"loc":{"start":{"line":42,"column":12},"end":{"line":42,"column":44}},"type":"if","locations":[{"start":{"line":42,"column":12},"end":{"line":42,"column":44}},{"start":{},"end":{}}],"line":42},"5":{"loc":{"start":{"line":45,"column":12},"end":{"line":54,"column":13}},"type":"if","locations":[{"start":{"line":45,"column":12},"end":{"line":54,"column":13}},{"start":{},"end":{}}],"line":45},"6":{"loc":{"start":{"line":47,"column":16},"end":{"line":52,"column":17}},"type":"if","locations":[{"start":{"line":47,"column":16},"end":{"line":52,"column":17}},{"start":{"line":49,"column":23},"end":{"line":52,"column":17}}],"line":47}},"s":{"0":1,"1":1,"2":1,"3":1,"4":0,"5":0,"6":0,"7":0,"8":0,"9":0,"10":0,"11":0,"12":0,"13":0,"14":0,"15":0,"16":0,"17":0,"18":0,"19":0,"20":0,"21":0,"22":0,"23":0,"24":0,"25":0,"26":0,"27":0,"28":0,"29":0,"30":0,"31":0},"f":{"0":1,"1":0,"2":0,"3":0,"4":0,"5":0,"6":0,"7":0,"8":0},"b":{"0":[0,0],"1":[0,0],"2":[0,0],"3":[0,0],"4":[0,0],"5":[0,0],"6":[0,0]},"_coverageSchema":"1a1c01bbd47fc00a2c39e90264f33305004495a9","hash":"e171a7c14397ba6529fdab0ac84dc01ed3271919"}
}
