{"C:\\Users\\najib.fauzan\\OneDrive - PT Garuda Yamato Steel\\Document\\1. Project DevSecOps\\ai-portal\\client\\src\\App.jsx": {"path":"C:\\Users\\najib.fauzan\\OneDrive - PT Garuda Yamato Steel\\Document\\1. Project DevSecOps\\ai-portal\\client\\src\\App.jsx","statementMap":{"0":{"start":{"line":10,"column":23},"end":{"line":10,"column":28}},"1":{"start":{"line":11,"column":0},"end":{"line":16,"column":1}},"2":{"start":{"line":12,"column":24},"end":{"line":12,"column":50}},"3":{"start":{"line":13,"column":2},"end":{"line":13,"column":50}},"4":{"start":{"line":19,"column":0},"end":{"line":19,"column":38}},"5":{"start":{"line":22,"column":0},"end":{"line":24,"column":7}},"6":{"start":{"line":27,"column":0},"end":{"line":27,"column":61}},"7":{"start":{"line":28,"column":0},"end":{"line":28,"column":67}},"8":{"start":{"line":31,"column":0},"end":{"line":42,"column":2}},"9":{"start":{"line":33,"column":4},"end":{"line":33,"column":78}},"10":{"start":{"line":34,"column":4},"end":{"line":34,"column":64}},"11":{"start":{"line":35,"column":4},"end":{"line":35,"column":47}},"12":{"start":{"line":36,"column":4},"end":{"line":36,"column":18}},"13":{"start":{"line":39,"column":4},"end":{"line":39,"column":51}},"14":{"start":{"line":40,"column":4},"end":{"line":40,"column":33}},"15":{"start":{"line":45,"column":0},"end":{"line":84,"column":2}},"16":{"start":{"line":47,"column":4},"end":{"line":47,"column":75}},"17":{"start":{"line":49,"column":20},"end":{"line":49,"column":35}},"18":{"start":{"line":50,"column":4},"end":{"line":54,"column":5}},"19":{"start":{"line":51,"column":6},"end":{"line":51,"column":81}},"20":{"start":{"line":53,"column":6},"end":{"line":53,"column":44}},"21":{"start":{"line":55,"column":4},"end":{"line":55,"column":20}},"22":{"start":{"line":58,"column":4},"end":{"line":58,"column":88}},"23":{"start":{"line":61,"column":4},"end":{"line":70,"column":5}},"24":{"start":{"line":62,"column":6},"end":{"line":62,"column":57}},"25":{"start":{"line":63,"column":6},"end":{"line":63,"column":53}},"26":{"start":{"line":64,"column":6},"end":{"line":64,"column":59}},"27":{"start":{"line":65,"column":11},"end":{"line":70,"column":5}},"28":{"start":{"line":66,"column":6},"end":{"line":66,"column":47}},"29":{"start":{"line":67,"column":6},"end":{"line":67,"column":50}},"30":{"start":{"line":69,"column":6},"end":{"line":69,"column":48}},"31":{"start":{"line":73,"column":20},"end":{"line":73,"column":35}},"32":{"start":{"line":74,"column":4},"end":{"line":80,"column":5}},"33":{"start":{"line":75,"column":6},"end":{"line":75,"column":75}},"34":{"start":{"line":76,"column":6},"end":{"line":76,"column":33}},"35":{"start":{"line":77,"column":6},"end":{"line":77,"column":70}},"36":{"start":{"line":78,"column":6},"end":{"line":78,"column":52}},"37":{"start":{"line":79,"column":6},"end":{"line":79,"column":70}},"38":{"start":{"line":82,"column":4},"end":{"line":82,"column":33}},"39":{"start":{"line":87,"column":26},"end":{"line":87,"column":40}},"40":{"start":{"line":88,"column":32},"end":{"line":88,"column":46}},"41":{"start":{"line":89,"column":42},"end":{"line":89,"column":57}},"42":{"start":{"line":91,"column":2},"end":{"line":93,"column":9}},"43":{"start":{"line":92,"column":4},"end":{"line":92,"column":16}},"44":{"start":{"line":95,"column":20},"end":{"line":114,"column":3}},"45":{"start":{"line":96,"column":4},"end":{"line":113,"column":5}},"46":{"start":{"line":97,"column":6},"end":{"line":97,"column":51}},"47":{"start":{"line":98,"column":6},"end":{"line":98,"column":68}},"48":{"start":{"line":100,"column":23},"end":{"line":100,"column":54}},"49":{"start":{"line":101,"column":6},"end":{"line":101,"column":61}},"50":{"start":{"line":102,"column":6},"end":{"line":102,"column":34}},"51":{"start":{"line":104,"column":6},"end":{"line":104,"column":59}},"52":{"start":{"line":107,"column":6},"end":{"line":110,"column":7}},"53":{"start":{"line":108,"column":8},"end":{"line":108,"column":81}},"54":{"start":{"line":109,"column":8},"end":{"line":109,"column":50}},"55":{"start":{"line":112,"column":6},"end":{"line":112,"column":24}},"56":{"start":{"line":117,"column":22},"end":{"line":120,"column":3}},"57":{"start":{"line":118,"column":4},"end":{"line":118,"column":26}},"58":{"start":{"line":119,"column":4},"end":{"line":119,"column":22}},"59":{"start":{"line":122,"column":23},"end":{"line":136,"column":3}},"60":{"start":{"line":123,"column":4},"end":{"line":135,"column":5}},"61":{"start":{"line":124,"column":6},"end":{"line":124,"column":43}},"62":{"start":{"line":125,"column":6},"end":{"line":125,"column":20}},"63":{"start":{"line":126,"column":6},"end":{"line":126,"column":29}},"64":{"start":{"line":129,"column":6},"end":{"line":129,"column":27}},"65":{"start":{"line":130,"column":6},"end":{"line":130,"column":29}},"66":{"start":{"line":132,"column":6},"end":{"line":132,"column":47}},"67":{"start":{"line":134,"column":6},"end":{"line":134,"column":44}},"68":{"start":{"line":138,"column":2},"end":{"line":148,"column":3}},"69":{"start":{"line":139,"column":4},"end":{"line":147,"column":6}},"70":{"start":{"line":150,"column":2},"end":{"line":185,"column":4}},"71":{"start":{"line":170,"column":44},"end":{"line":170,"column":66}}},"fnMap":{"0":{"name":"(anonymous_0)","decl":{"start":{"line":32,"column":2},"end":{"line":32,"column":3}},"loc":{"start":{"line":32,"column":12},"end":{"line":37,"column":3}},"line":32},"1":{"name":"(anonymous_1)","decl":{"start":{"line":38,"column":2},"end":{"line":38,"column":3}},"loc":{"start":{"line":38,"column":11},"end":{"line":41,"column":3}},"line":38},"2":{"name":"(anonymous_2)","decl":{"start":{"line":46,"column":2},"end":{"line":46,"column":3}},"loc":{"start":{"line":46,"column":14},"end":{"line":56,"column":3}},"line":46},"3":{"name":"(anonymous_3)","decl":{"start":{"line":57,"column":2},"end":{"line":57,"column":3}},"loc":{"start":{"line":57,"column":11},"end":{"line":83,"column":3}},"line":57},"4":{"name":"App","decl":{"start":{"line":86,"column":9},"end":{"line":86,"column":12}},"loc":{"start":{"line":86,"column":15},"end":{"line":186,"column":1}},"line":86},"5":{"name":"(anonymous_5)","decl":{"start":{"line":91,"column":12},"end":{"line":91,"column":13}},"loc":{"start":{"line":91,"column":18},"end":{"line":93,"column":3}},"line":91},"6":{"name":"(anonymous_6)","decl":{"start":{"line":95,"column":20},"end":{"line":95,"column":21}},"loc":{"start":{"line":95,"column":32},"end":{"line":114,"column":3}},"line":95},"7":{"name":"(anonymous_7)","decl":{"start":{"line":117,"column":22},"end":{"line":117,"column":23}},"loc":{"start":{"line":117,"column":36},"end":{"line":120,"column":3}},"line":117},"8":{"name":"(anonymous_8)","decl":{"start":{"line":122,"column":23},"end":{"line":122,"column":24}},"loc":{"start":{"line":122,"column":35},"end":{"line":136,"column":3}},"line":122},"9":{"name":"(anonymous_9)","decl":{"start":{"line":170,"column":38},"end":{"line":170,"column":39}},"loc":{"start":{"line":170,"column":44},"end":{"line":170,"column":66}},"line":170}},"branchMap":{"0":{"loc":{"start":{"line":22,"column":25},"end":{"line":24,"column":6}},"type":"cond-expr","locations":[{"start":{"line":23,"column":4},"end":{"line":23,"column":31}},{"start":{"line":24,"column":4},"end":{"line":24,"column":6}}],"line":22},"1":{"loc":{"start":{"line":50,"column":4},"end":{"line":54,"column":5}},"type":"if","locations":[{"start":{"line":50,"column":4},"end":{"line":54,"column":5}},{"start":{"line":52,"column":11},"end":{"line":54,"column":5}}],"line":50},"2":{"loc":{"start":{"line":61,"column":4},"end":{"line":70,"column":5}},"type":"if","locations":[{"start":{"line":61,"column":4},"end":{"line":70,"column":5}},{"start":{"line":65,"column":11},"end":{"line":70,"column":5}}],"line":61},"3":{"loc":{"start":{"line":65,"column":11},"end":{"line":70,"column":5}},"type":"if","locations":[{"start":{"line":65,"column":11},"end":{"line":70,"column":5}},{"start":{"line":68,"column":11},"end":{"line":70,"column":5}}],"line":65},"4":{"loc":{"start":{"line":74,"column":4},"end":{"line":80,"column":5}},"type":"if","locations":[{"start":{"line":74,"column":4},"end":{"line":80,"column":5}},{"start":{},"end":{}}],"line":74},"5":{"loc":{"start":{"line":98,"column":41},"end":{"line":98,"column":66}},"type":"binary-expr","locations":[{"start":{"line":98,"column":41},"end":{"line":98,"column":56}},{"start":{"line":98,"column":60},"end":{"line":98,"column":66}}],"line":98},"6":{"loc":{"start":{"line":107,"column":6},"end":{"line":110,"column":7}},"type":"if","locations":[{"start":{"line":107,"column":6},"end":{"line":110,"column":7}},{"start":{},"end":{}}],"line":107},"7":{"loc":{"start":{"line":138,"column":2},"end":{"line":148,"column":3}},"type":"if","locations":[{"start":{"line":138,"column":2},"end":{"line":148,"column":3}},{"start":{},"end":{}}],"line":138},"8":{"loc":{"start":{"line":156,"column":9},"end":{"line":182,"column":9}},"type":"cond-expr","locations":[{"start":{"line":157,"column":10},"end":{"line":160,"column":13}},{"start":{"line":162,"column":10},"end":{"line":181,"column":13}}],"line":156},"9":{"loc":{"start":{"line":174,"column":13},"end":{"line":179,"column":13}},"type":"binary-expr","locations":[{"start":{"line":174,"column":14},"end":{"line":174,"column":26}},{"start":{"line":174,"column":30},"end":{"line":174,"column":47}},{"start":{"line":175,"column":14},"end":{"line":178,"column":16}}],"line":174}},"s":{"0":0,"1":0,"2":0,"3":0,"4":0,"5":0,"6":0,"7":0,"8":0,"9":0,"10":0,"11":0,"12":0,"13":0,"14":0,"15":0,"16":0,"17":0,"18":0,"19":0,"20":0,"21":0,"22":0,"23":0,"24":0,"25":0,"26":0,"27":0,"28":0,"29":0,"30":0,"31":0,"32":0,"33":0,"34":0,"35":0,"36":0,"37":0,"38":0,"39":0,"40":0,"41":0,"42":0,"43":0,"44":0,"45":0,"46":0,"47":0,"48":0,"49":0,"50":0,"51":0,"52":0,"53":0,"54":0,"55":0,"56":0,"57":0,"58":0,"59":0,"60":0,"61":0,"62":0,"63":0,"64":0,"65":0,"66":0,"67":0,"68":0,"69":0,"70":0,"71":0},"f":{"0":0,"1":0,"2":0,"3":0,"4":0,"5":0,"6":0,"7":0,"8":0,"9":0},"b":{"0":[0,0],"1":[0,0],"2":[0,0],"3":[0,0],"4":[0,0],"5":[0,0],"6":[0,0],"7":[0,0],"8":[0,0],"9":[0,0,0]}}
,"C:\\Users\\najib.fauzan\\OneDrive - PT Garuda Yamato Steel\\Document\\1. Project DevSecOps\\ai-portal\\client\\src\\index.js": {"path":"C:\\Users\\najib.fauzan\\OneDrive - PT Garuda Yamato Steel\\Document\\1. Project DevSecOps\\ai-portal\\client\\src\\index.js","statementMap":{"0":{"start":{"line":11,"column":0},"end":{"line":11,"column":38}},"1":{"start":{"line":13,"column":13},"end":{"line":13,"column":65}},"2":{"start":{"line":14,"column":0},"end":{"line":18,"column":2}}},"fnMap":{},"branchMap":{},"s":{"0":0,"1":0,"2":0},"f":{},"b":{}}
,"C:\\Users\\najib.fauzan\\OneDrive - PT Garuda Yamato Steel\\Document\\1. Project DevSecOps\\ai-portal\\client\\src\\components\\AdminDashboard.jsx": {"path":"C:\\Users\\najib.fauzan\\OneDrive - PT Garuda Yamato Steel\\Document\\1. Project DevSecOps\\ai-portal\\client\\src\\components\\AdminDashboard.jsx","statementMap":{"0":{"start":{"line":16,"column":0},"end":{"line":16,"column":128}},"1":{"start":{"line":19,"column":21},"end":{"line":71,"column":1}},"2":{"start":{"line":73,"column":19},"end":{"line":79,"column":1}},"3":{"start":{"line":81,"column":25},"end":{"line":87,"column":1}},"4":{"start":{"line":89,"column":25},"end":{"line":95,"column":1}},"5":{"start":{"line":97,"column":24},"end":{"line":101,"column":1}},"6":{"start":{"line":103,"column":21},"end":{"line":110,"column":1}},"7":{"start":{"line":112,"column":29},"end":{"line":112,"column":82}},"8":{"start":{"line":113,"column":23},"end":{"line":113,"column":137}},"9":{"start":{"line":114,"column":20},"end":{"line":114,"column":95}},"10":{"start":{"line":114,"column":35},"end":{"line":114,"column":95}},"11":{"start":{"line":115,"column":16},"end":{"line":115,"column":136}},"12":{"start":{"line":115,"column":23},"end":{"line":115,"column":136}},"13":{"start":{"line":118,"column":24},"end":{"line":156,"column":1}},"14":{"start":{"line":159,"column":16},"end":{"line":159,"column":74}},"15":{"start":{"line":160,"column":17},"end":{"line":160,"column":19}},"16":{"start":{"line":161,"column":2},"end":{"line":161,"column":108}},"17":{"start":{"line":161,"column":34},"end":{"line":161,"column":52}},"18":{"start":{"line":161,"column":54},"end":{"line":161,"column":85}},"19":{"start":{"line":161,"column":70},"end":{"line":161,"column":85}},"20":{"start":{"line":161,"column":86},"end":{"line":161,"column":104}},"21":{"start":{"line":162,"column":2},"end":{"line":162,"column":81}},"22":{"start":{"line":162,"column":27},"end":{"line":162,"column":36}},"23":{"start":{"line":162,"column":48},"end":{"line":162,"column":78}},"24":{"start":{"line":169,"column":28},"end":{"line":169,"column":46}},"25":{"start":{"line":170,"column":34},"end":{"line":170,"column":46}},"26":{"start":{"line":171,"column":30},"end":{"line":171,"column":45}},"27":{"start":{"line":172,"column":42},"end":{"line":172,"column":58}},"28":{"start":{"line":174,"column":20},"end":{"line":174,"column":32}},"29":{"start":{"line":175,"column":2},"end":{"line":180,"column":14}},"30":{"start":{"line":176,"column":4},"end":{"line":178,"column":5}},"31":{"start":{"line":177,"column":6},"end":{"line":177,"column":92}},"32":{"start":{"line":177,"column":45},"end":{"line":177,"column":64}},"33":{"start":{"line":177,"column":65},"end":{"line":177,"column":81}},"34":{"start":{"line":179,"column":4},"end":{"line":179,"column":49}},"35":{"start":{"line":179,"column":17},"end":{"line":179,"column":48}},"36":{"start":{"line":182,"column":23},"end":{"line":192,"column":3}},"37":{"start":{"line":183,"column":4},"end":{"line":183,"column":24}},"38":{"start":{"line":184,"column":4},"end":{"line":191,"column":5}},"39":{"start":{"line":185,"column":18},"end":{"line":185,"column":69}},"40":{"start":{"line":186,"column":6},"end":{"line":187,"column":58}},"41":{"start":{"line":186,"column":32},"end":{"line":186,"column":64}},"42":{"start":{"line":186,"column":65},"end":{"line":186,"column":85}},"43":{"start":{"line":187,"column":13},"end":{"line":187,"column":32}},"44":{"start":{"line":187,"column":33},"end":{"line":187,"column":56}},"45":{"start":{"line":189,"column":6},"end":{"line":189,"column":25}},"46":{"start":{"line":190,"column":6},"end":{"line":190,"column":89}},"47":{"start":{"line":194,"column":25},"end":{"line":206,"column":3}},"48":{"start":{"line":195,"column":4},"end":{"line":197,"column":5}},"49":{"start":{"line":196,"column":6},"end":{"line":196,"column":177}},"50":{"start":{"line":196,"column":170},"end":{"line":196,"column":177}},"51":{"start":{"line":198,"column":4},"end":{"line":198,"column":27}},"52":{"start":{"line":199,"column":4},"end":{"line":205,"column":5}},"53":{"start":{"line":200,"column":18},"end":{"line":200,"column":77}},"54":{"start":{"line":201,"column":6},"end":{"line":201,"column":38}},"55":{"start":{"line":201,"column":39},"end":{"line":201,"column":61}},"56":{"start":{"line":201,"column":62},"end":{"line":201,"column":82}},"57":{"start":{"line":203,"column":6},"end":{"line":203,"column":25}},"58":{"start":{"line":204,"column":6},"end":{"line":204,"column":89}},"59":{"start":{"line":208,"column":21},"end":{"line":211,"column":3}},"60":{"start":{"line":209,"column":4},"end":{"line":209,"column":26}},"61":{"start":{"line":209,"column":19},"end":{"line":209,"column":26}},"62":{"start":{"line":210,"column":4},"end":{"line":210,"column":119}},"63":{"start":{"line":210,"column":57},"end":{"line":210,"column":73}},"64":{"start":{"line":210,"column":74},"end":{"line":210,"column":115}},"65":{"start":{"line":210,"column":91},"end":{"line":210,"column":107}},"66":{"start":{"line":213,"column":21},"end":{"line":213,"column":100}},"67":{"start":{"line":213,"column":29},"end":{"line":213,"column":48}},"68":{"start":{"line":213,"column":49},"end":{"line":213,"column":65}},"69":{"start":{"line":213,"column":66},"end":{"line":213,"column":98}},"70":{"start":{"line":214,"column":20},"end":{"line":214,"column":65}},"71":{"start":{"line":215,"column":20},"end":{"line":215,"column":39}},"72":{"start":{"line":217,"column":2},"end":{"line":279,"column":4}},"73":{"start":{"line":285,"column":28},"end":{"line":293,"column":1}},"74":{"start":{"line":295,"column":21},"end":{"line":313,"column":1}},"75":{"start":{"line":316,"column":2},"end":{"line":316,"column":35}},"76":{"start":{"line":316,"column":23},"end":{"line":316,"column":35}},"77":{"start":{"line":317,"column":12},"end":{"line":317,"column":25}},"78":{"start":{"line":318,"column":23},"end":{"line":318,"column":72}},"79":{"start":{"line":319,"column":20},"end":{"line":319,"column":58}},"80":{"start":{"line":320,"column":2},"end":{"line":346,"column":4}},"81":{"start":{"line":350,"column":2},"end":{"line":350,"column":82}},"82":{"start":{"line":350,"column":15},"end":{"line":350,"column":82}},"83":{"start":{"line":351,"column":2},"end":{"line":351,"column":120}},"84":{"start":{"line":351,"column":82},"end":{"line":351,"column":120}},"85":{"start":{"line":352,"column":2},"end":{"line":360,"column":3}},"86":{"start":{"line":353,"column":4},"end":{"line":359,"column":6}},"87":{"start":{"line":361,"column":2},"end":{"line":376,"column":3}},"88":{"start":{"line":362,"column":20},"end":{"line":362,"column":128}},"89":{"start":{"line":362,"column":59},"end":{"line":362,"column":127}},"90":{"start":{"line":363,"column":4},"end":{"line":363,"column":113}},"91":{"start":{"line":363,"column":25},"end":{"line":363,"column":113}},"92":{"start":{"line":364,"column":4},"end":{"line":375,"column":6}},"93":{"start":{"line":367,"column":10},"end":{"line":372,"column":16}},"94":{"start":{"line":377,"column":2},"end":{"line":396,"column":3}},"95":{"start":{"line":378,"column":18},"end":{"line":378,"column":20}},"96":{"start":{"line":379,"column":4},"end":{"line":379,"column":165}},"97":{"start":{"line":379,"column":58},"end":{"line":379,"column":165}},"98":{"start":{"line":380,"column":4},"end":{"line":380,"column":191}},"99":{"start":{"line":380,"column":68},"end":{"line":380,"column":191}},"100":{"start":{"line":381,"column":4},"end":{"line":381,"column":198}},"101":{"start":{"line":381,"column":78},"end":{"line":381,"column":198}},"102":{"start":{"line":382,"column":4},"end":{"line":382,"column":102}},"103":{"start":{"line":382,"column":32},"end":{"line":382,"column":102}},"104":{"start":{"line":383,"column":4},"end":{"line":383,"column":111}},"105":{"start":{"line":383,"column":23},"end":{"line":383,"column":111}},"106":{"start":{"line":384,"column":4},"end":{"line":395,"column":6}},"107":{"start":{"line":387,"column":10},"end":{"line":392,"column":16}},"108":{"start":{"line":397,"column":2},"end":{"line":407,"column":3}},"109":{"start":{"line":398,"column":4},"end":{"line":406,"column":6}},"110":{"start":{"line":401,"column":10},"end":{"line":403,"column":16}},"111":{"start":{"line":408,"column":2},"end":{"line":410,"column":3}},"112":{"start":{"line":409,"column":4},"end":{"line":409,"column":162}},"113":{"start":{"line":411,"column":18},"end":{"line":411,"column":100}},"114":{"start":{"line":411,"column":57},"end":{"line":411,"column":99}},"115":{"start":{"line":412,"column":2},"end":{"line":412,"column":109}},"116":{"start":{"line":412,"column":23},"end":{"line":412,"column":109}},"117":{"start":{"line":413,"column":2},"end":{"line":421,"column":4}},"118":{"start":{"line":416,"column":8},"end":{"line":418,"column":15}},"119":{"start":{"line":428,"column":30},"end":{"line":428,"column":45}},"120":{"start":{"line":429,"column":21},"end":{"line":433,"column":3}},"121":{"start":{"line":430,"column":4},"end":{"line":430,"column":46}},"122":{"start":{"line":431,"column":4},"end":{"line":431,"column":20}},"123":{"start":{"line":432,"column":4},"end":{"line":432,"column":45}},"124":{"start":{"line":432,"column":21},"end":{"line":432,"column":37}},"125":{"start":{"line":434,"column":2},"end":{"line":454,"column":4}},"126":{"start":{"line":458,"column":40},"end":{"line":458,"column":54}},"127":{"start":{"line":459,"column":32},"end":{"line":459,"column":48}},"128":{"start":{"line":460,"column":40},"end":{"line":460,"column":75}},"129":{"start":{"line":461,"column":38},"end":{"line":461,"column":52}},"130":{"start":{"line":462,"column":32},"end":{"line":462,"column":47}},"131":{"start":{"line":463,"column":40},"end":{"line":463,"column":52}},"132":{"start":{"line":464,"column":36},"end":{"line":464,"column":48}},"133":{"start":{"line":466,"column":23},"end":{"line":466,"column":78}},"134":{"start":{"line":466,"column":40},"end":{"line":466,"column":77}},"135":{"start":{"line":467,"column":22},"end":{"line":467,"column":60}},"136":{"start":{"line":468,"column":20},"end":{"line":468,"column":50}},"137":{"start":{"line":471,"column":26},"end":{"line":476,"column":3}},"138":{"start":{"line":472,"column":4},"end":{"line":475,"column":48}},"139":{"start":{"line":473,"column":18},"end":{"line":473,"column":71}},"140":{"start":{"line":474,"column":6},"end":{"line":474,"column":75}},"141":{"start":{"line":474,"column":27},"end":{"line":474,"column":72}},"142":{"start":{"line":475,"column":14},"end":{"line":475,"column":46}},"143":{"start":{"line":478,"column":24},"end":{"line":482,"column":3}},"144":{"start":{"line":479,"column":4},"end":{"line":479,"column":45}},"145":{"start":{"line":480,"column":4},"end":{"line":480,"column":46}},"146":{"start":{"line":480,"column":23},"end":{"line":480,"column":43}},"147":{"start":{"line":481,"column":4},"end":{"line":481,"column":71}},"148":{"start":{"line":481,"column":21},"end":{"line":481,"column":63}},"149":{"start":{"line":481,"column":40},"end":{"line":481,"column":61}},"150":{"start":{"line":484,"column":21},"end":{"line":496,"column":3}},"151":{"start":{"line":485,"column":4},"end":{"line":485,"column":50}},"152":{"start":{"line":485,"column":43},"end":{"line":485,"column":50}},"153":{"start":{"line":486,"column":4},"end":{"line":486,"column":21}},"154":{"start":{"line":486,"column":22},"end":{"line":486,"column":42}},"155":{"start":{"line":487,"column":4},"end":{"line":495,"column":36}},"156":{"start":{"line":488,"column":21},"end":{"line":488,"column":80}},"157":{"start":{"line":489,"column":18},"end":{"line":489,"column":39}},"158":{"start":{"line":490,"column":6},"end":{"line":490,"column":125}},"159":{"start":{"line":490,"column":18},"end":{"line":490,"column":115}},"160":{"start":{"line":490,"column":116},"end":{"line":490,"column":123}},"161":{"start":{"line":491,"column":18},"end":{"line":491,"column":139}},"162":{"start":{"line":492,"column":6},"end":{"line":492,"column":62}},"163":{"start":{"line":494,"column":6},"end":{"line":494,"column":86}},"164":{"start":{"line":495,"column":16},"end":{"line":495,"column":34}},"165":{"start":{"line":498,"column":19},"end":{"line":505,"column":30}},"166":{"start":{"line":507,"column":21},"end":{"line":523,"column":49}},"167":{"start":{"line":525,"column":17},"end":{"line":539,"column":45}},"168":{"start":{"line":541,"column":17},"end":{"line":566,"column":49}},"169":{"start":{"line":568,"column":18},"end":{"line":568,"column":96}},"170":{"start":{"line":569,"column":19},"end":{"line":569,"column":105}},"171":{"start":{"line":571,"column":2},"end":{"line":807,"column":4}},"172":{"start":{"line":601,"column":16},"end":{"line":639,"column":22}},"173":{"start":{"line":602,"column":33},"end":{"line":602,"column":52}},"174":{"start":{"line":626,"column":50},"end":{"line":626,"column":70}},"175":{"start":{"line":626,"column":71},"end":{"line":626,"column":116}},"176":{"start":{"line":632,"column":48},"end":{"line":632,"column":68}},"177":{"start":{"line":632,"column":69},"end":{"line":632,"column":90}},"178":{"start":{"line":656,"column":18},"end":{"line":672,"column":24}},"179":{"start":{"line":687,"column":31},"end":{"line":687,"column":95}},"180":{"start":{"line":687,"column":61},"end":{"line":687,"column":85}},"181":{"start":{"line":689,"column":31},"end":{"line":689,"column":108}},"182":{"start":{"line":721,"column":16},"end":{"line":725,"column":25}},"183":{"start":{"line":721,"column":50},"end":{"line":721,"column":66}},"184":{"start":{"line":752,"column":33},"end":{"line":752,"column":97}},"185":{"start":{"line":752,"column":63},"end":{"line":752,"column":87}},"186":{"start":{"line":754,"column":33},"end":{"line":754,"column":110}},"187":{"start":{"line":760,"column":33},"end":{"line":760,"column":63}},"188":{"start":{"line":761,"column":34},"end":{"line":761,"column":67}},"189":{"start":{"line":815,"column":19},"end":{"line":815,"column":32}},"190":{"start":{"line":816,"column":41},"end":{"line":816,"column":54}},"191":{"start":{"line":817,"column":36},"end":{"line":817,"column":57}},"192":{"start":{"line":818,"column":28},"end":{"line":818,"column":42}},"193":{"start":{"line":819,"column":28},"end":{"line":819,"column":40}},"194":{"start":{"line":820,"column":26},"end":{"line":820,"column":38}},"195":{"start":{"line":821,"column":34},"end":{"line":821,"column":46}},"196":{"start":{"line":822,"column":32},"end":{"line":822,"column":43}},"197":{"start":{"line":823,"column":44},"end":{"line":823,"column":55}},"198":{"start":{"line":824,"column":34},"end":{"line":824,"column":45}},"199":{"start":{"line":825,"column":32},"end":{"line":825,"column":47}},"200":{"start":{"line":826,"column":42},"end":{"line":826,"column":54}},"201":{"start":{"line":828,"column":38},"end":{"line":828,"column":50}},"202":{"start":{"line":829,"column":34},"end":{"line":829,"column":46}},"203":{"start":{"line":830,"column":42},"end":{"line":830,"column":54}},"204":{"start":{"line":831,"column":38},"end":{"line":831,"column":50}},"205":{"start":{"line":832,"column":44},"end":{"line":832,"column":56}},"206":{"start":{"line":834,"column":42},"end":{"line":834,"column":57}},"207":{"start":{"line":835,"column":38},"end":{"line":835,"column":52}},"208":{"start":{"line":836,"column":32},"end":{"line":836,"column":57}},"209":{"start":{"line":837,"column":40},"end":{"line":837,"column":57}},"210":{"start":{"line":838,"column":40},"end":{"line":838,"column":54}},"211":{"start":{"line":839,"column":52},"end":{"line":839,"column":66}},"212":{"start":{"line":840,"column":54},"end":{"line":840,"column":69}},"213":{"start":{"line":841,"column":46},"end":{"line":841,"column":58}},"214":{"start":{"line":842,"column":28},"end":{"line":842,"column":40}},"215":{"start":{"line":844,"column":44},"end":{"line":844,"column":59}},"216":{"start":{"line":845,"column":40},"end":{"line":845,"column":54}},"217":{"start":{"line":846,"column":34},"end":{"line":846,"column":129}},"218":{"start":{"line":848,"column":48},"end":{"line":848,"column":62}},"219":{"start":{"line":849,"column":36},"end":{"line":849,"column":48}},"220":{"start":{"line":850,"column":34},"end":{"line":850,"column":48}},"221":{"start":{"line":853,"column":36},"end":{"line":853,"column":48}},"222":{"start":{"line":854,"column":36},"end":{"line":854,"column":47}},"223":{"start":{"line":855,"column":48},"end":{"line":855,"column":59}},"224":{"start":{"line":856,"column":38},"end":{"line":856,"column":49}},"225":{"start":{"line":857,"column":42},"end":{"line":857,"column":57}},"226":{"start":{"line":858,"column":44},"end":{"line":858,"column":56}},"227":{"start":{"line":859,"column":40},"end":{"line":859,"column":52}},"228":{"start":{"line":860,"column":44},"end":{"line":860,"column":56}},"229":{"start":{"line":861,"column":40},"end":{"line":861,"column":52}},"230":{"start":{"line":862,"column":44},"end":{"line":862,"column":58}},"231":{"start":{"line":863,"column":48},"end":{"line":863,"column":62}},"232":{"start":{"line":866,"column":38},"end":{"line":866,"column":52}},"233":{"start":{"line":867,"column":42},"end":{"line":867,"column":57}},"234":{"start":{"line":868,"column":44},"end":{"line":868,"column":56}},"235":{"start":{"line":869,"column":40},"end":{"line":869,"column":52}},"236":{"start":{"line":870,"column":44},"end":{"line":870,"column":56}},"237":{"start":{"line":871,"column":38},"end":{"line":871,"column":50}},"238":{"start":{"line":873,"column":2},"end":{"line":873,"column":87}},"239":{"start":{"line":873,"column":20},"end":{"line":873,"column":33}},"240":{"start":{"line":873,"column":34},"end":{"line":873,"column":46}},"241":{"start":{"line":873,"column":47},"end":{"line":873,"column":79}},"242":{"start":{"line":873,"column":66},"end":{"line":873,"column":79}},"243":{"start":{"line":874,"column":2},"end":{"line":874,"column":169}},"244":{"start":{"line":874,"column":20},"end":{"line":874,"column":80}},"245":{"start":{"line":874,"column":64},"end":{"line":874,"column":80}},"246":{"start":{"line":875,"column":2},"end":{"line":875,"column":124}},"247":{"start":{"line":875,"column":20},"end":{"line":875,"column":81}},"248":{"start":{"line":875,"column":64},"end":{"line":875,"column":81}},"249":{"start":{"line":876,"column":2},"end":{"line":876,"column":100}},"250":{"start":{"line":876,"column":20},"end":{"line":876,"column":83}},"251":{"start":{"line":876,"column":65},"end":{"line":876,"column":83}},"252":{"start":{"line":878,"column":21},"end":{"line":878,"column":119}},"253":{"start":{"line":878,"column":35},"end":{"line":878,"column":117}},"254":{"start":{"line":878,"column":51},"end":{"line":878,"column":86}},"255":{"start":{"line":878,"column":88},"end":{"line":878,"column":105}},"256":{"start":{"line":879,"column":21},"end":{"line":879,"column":159}},"257":{"start":{"line":879,"column":35},"end":{"line":879,"column":62}},"258":{"start":{"line":879,"column":55},"end":{"line":879,"column":62}},"259":{"start":{"line":879,"column":63},"end":{"line":879,"column":157}},"260":{"start":{"line":879,"column":79},"end":{"line":879,"column":114}},"261":{"start":{"line":879,"column":116},"end":{"line":879,"column":145}},"262":{"start":{"line":880,"column":20},"end":{"line":880,"column":160}},"263":{"start":{"line":880,"column":34},"end":{"line":880,"column":158}},"264":{"start":{"line":880,"column":50},"end":{"line":880,"column":84}},"265":{"start":{"line":880,"column":86},"end":{"line":880,"column":146}},"266":{"start":{"line":881,"column":24},"end":{"line":896,"column":3}},"267":{"start":{"line":882,"column":4},"end":{"line":882,"column":31}},"268":{"start":{"line":882,"column":24},"end":{"line":882,"column":31}},"269":{"start":{"line":883,"column":4},"end":{"line":883,"column":21}},"270":{"start":{"line":884,"column":4},"end":{"line":895,"column":36}},"271":{"start":{"line":885,"column":16},"end":{"line":885,"column":65}},"272":{"start":{"line":886,"column":6},"end":{"line":886,"column":50}},"273":{"start":{"line":886,"column":22},"end":{"line":886,"column":50}},"274":{"start":{"line":887,"column":6},"end":{"line":887,"column":44}},"275":{"start":{"line":887,"column":20},"end":{"line":887,"column":44}},"276":{"start":{"line":888,"column":6},"end":{"line":888,"column":56}},"277":{"start":{"line":888,"column":24},"end":{"line":888,"column":56}},"278":{"start":{"line":889,"column":6},"end":{"line":889,"column":50}},"279":{"start":{"line":889,"column":22},"end":{"line":889,"column":50}},"280":{"start":{"line":890,"column":6},"end":{"line":890,"column":55}},"281":{"start":{"line":890,"column":25},"end":{"line":890,"column":55}},"282":{"start":{"line":891,"column":16},"end":{"line":891,"column":60}},"283":{"start":{"line":892,"column":6},"end":{"line":892,"column":38}},"284":{"start":{"line":893,"column":6},"end":{"line":893,"column":47}},"285":{"start":{"line":894,"column":6},"end":{"line":894,"column":41}},"286":{"start":{"line":895,"column":16},"end":{"line":895,"column":34}},"287":{"start":{"line":898,"column":32},"end":{"line":901,"column":3}},"288":{"start":{"line":899,"column":4},"end":{"line":899,"column":22}},"289":{"start":{"line":899,"column":23},"end":{"line":899,"column":39}},"290":{"start":{"line":899,"column":40},"end":{"line":899,"column":60}},"291":{"start":{"line":899,"column":61},"end":{"line":899,"column":79}},"292":{"start":{"line":899,"column":80},"end":{"line":899,"column":101}},"293":{"start":{"line":900,"column":4},"end":{"line":900,"column":18}},"294":{"start":{"line":903,"column":25},"end":{"line":927,"column":3}},"295":{"start":{"line":904,"column":4},"end":{"line":904,"column":31}},"296":{"start":{"line":904,"column":24},"end":{"line":904,"column":31}},"297":{"start":{"line":905,"column":4},"end":{"line":905,"column":26}},"298":{"start":{"line":906,"column":4},"end":{"line":926,"column":51}},"299":{"start":{"line":907,"column":16},"end":{"line":907,"column":67}},"300":{"start":{"line":908,"column":6},"end":{"line":908,"column":58}},"301":{"start":{"line":908,"column":25},"end":{"line":908,"column":58}},"302":{"start":{"line":909,"column":6},"end":{"line":909,"column":52}},"303":{"start":{"line":909,"column":23},"end":{"line":909,"column":52}},"304":{"start":{"line":910,"column":6},"end":{"line":910,"column":58}},"305":{"start":{"line":910,"column":25},"end":{"line":910,"column":58}},"306":{"start":{"line":911,"column":6},"end":{"line":911,"column":52}},"307":{"start":{"line":911,"column":23},"end":{"line":911,"column":52}},"308":{"start":{"line":912,"column":16},"end":{"line":912,"column":61}},"309":{"start":{"line":913,"column":19},"end":{"line":913,"column":36}},"310":{"start":{"line":914,"column":6},"end":{"line":914,"column":25}},"311":{"start":{"line":915,"column":6},"end":{"line":915,"column":49}},"312":{"start":{"line":916,"column":6},"end":{"line":916,"column":39}},"313":{"start":{"line":917,"column":23},"end":{"line":917,"column":82}},"314":{"start":{"line":917,"column":40},"end":{"line":917,"column":81}},"315":{"start":{"line":918,"column":6},"end":{"line":925,"column":42}},"316":{"start":{"line":919,"column":8},"end":{"line":924,"column":11}},"317":{"start":{"line":920,"column":43},"end":{"line":920,"column":75}},"318":{"start":{"line":921,"column":47},"end":{"line":921,"column":83}},"319":{"start":{"line":922,"column":43},"end":{"line":922,"column":75}},"320":{"start":{"line":925,"column":15},"end":{"line":925,"column":40}},"321":{"start":{"line":926,"column":26},"end":{"line":926,"column":49}},"322":{"start":{"line":929,"column":28},"end":{"line":929,"column":72}},"323":{"start":{"line":929,"column":36},"end":{"line":929,"column":52}},"324":{"start":{"line":929,"column":53},"end":{"line":929,"column":70}},"325":{"start":{"line":930,"column":27},"end":{"line":934,"column":3}},"326":{"start":{"line":931,"column":4},"end":{"line":931,"column":25}},"327":{"start":{"line":931,"column":26},"end":{"line":931,"column":45}},"328":{"start":{"line":931,"column":46},"end":{"line":931,"column":67}},"329":{"start":{"line":931,"column":68},"end":{"line":931,"column":87}},"330":{"start":{"line":932,"column":4},"end":{"line":932,"column":20}},"331":{"start":{"line":932,"column":21},"end":{"line":932,"column":46}},"332":{"start":{"line":933,"column":4},"end":{"line":933,"column":35}},"333":{"start":{"line":936,"column":26},"end":{"line":952,"column":3}},"334":{"start":{"line":937,"column":4},"end":{"line":937,"column":31}},"335":{"start":{"line":937,"column":24},"end":{"line":937,"column":31}},"336":{"start":{"line":938,"column":4},"end":{"line":938,"column":26}},"337":{"start":{"line":939,"column":4},"end":{"line":951,"column":5}},"338":{"start":{"line":940,"column":16},"end":{"line":940,"column":37}},"339":{"start":{"line":941,"column":6},"end":{"line":941,"column":58}},"340":{"start":{"line":941,"column":25},"end":{"line":941,"column":58}},"341":{"start":{"line":942,"column":6},"end":{"line":942,"column":52}},"342":{"start":{"line":942,"column":23},"end":{"line":942,"column":52}},"343":{"start":{"line":943,"column":6},"end":{"line":943,"column":58}},"344":{"start":{"line":943,"column":25},"end":{"line":943,"column":58}},"345":{"start":{"line":944,"column":6},"end":{"line":944,"column":49}},"346":{"start":{"line":944,"column":22},"end":{"line":944,"column":49}},"347":{"start":{"line":945,"column":16},"end":{"line":945,"column":62}},"348":{"start":{"line":946,"column":6},"end":{"line":946,"column":28}},"349":{"start":{"line":948,"column":6},"end":{"line":948,"column":45}},"350":{"start":{"line":950,"column":6},"end":{"line":950,"column":29}},"351":{"start":{"line":955,"column":26},"end":{"line":958,"column":3}},"352":{"start":{"line":956,"column":4},"end":{"line":956,"column":24}},"353":{"start":{"line":956,"column":25},"end":{"line":956,"column":53}},"354":{"start":{"line":956,"column":54},"end":{"line":956,"column":76}},"355":{"start":{"line":957,"column":4},"end":{"line":957,"column":28}},"356":{"start":{"line":957,"column":29},"end":{"line":957,"column":50}},"357":{"start":{"line":957,"column":51},"end":{"line":957,"column":73}},"358":{"start":{"line":961,"column":24},"end":{"line":1037,"column":3}},"359":{"start":{"line":962,"column":4},"end":{"line":962,"column":23}},"360":{"start":{"line":964,"column":30},"end":{"line":980,"column":5}},"361":{"start":{"line":982,"column":4},"end":{"line":1031,"column":7}},"362":{"start":{"line":1033,"column":4},"end":{"line":1033,"column":48}},"363":{"start":{"line":1034,"column":4},"end":{"line":1034,"column":28}},"364":{"start":{"line":1035,"column":4},"end":{"line":1035,"column":25}},"365":{"start":{"line":1036,"column":4},"end":{"line":1036,"column":26}},"366":{"start":{"line":1039,"column":24},"end":{"line":1052,"column":3}},"367":{"start":{"line":1040,"column":4},"end":{"line":1040,"column":23}},"368":{"start":{"line":1041,"column":4},"end":{"line":1051,"column":70}},"369":{"start":{"line":1042,"column":47},"end":{"line":1042,"column":54}},"370":{"start":{"line":1043,"column":27},"end":{"line":1047,"column":7}},"371":{"start":{"line":1045,"column":63},"end":{"line":1045,"column":71}},"372":{"start":{"line":1048,"column":6},"end":{"line":1049,"column":61}},"373":{"start":{"line":1048,"column":22},"end":{"line":1048,"column":89}},"374":{"start":{"line":1049,"column":11},"end":{"line":1049,"column":61}},"375":{"start":{"line":1050,"column":6},"end":{"line":1050,"column":29}},"376":{"start":{"line":1050,"column":30},"end":{"line":1050,"column":42}},"377":{"start":{"line":1050,"column":43},"end":{"line":1050,"column":56}},"378":{"start":{"line":1051,"column":20},"end":{"line":1051,"column":68}},"379":{"start":{"line":1054,"column":26},"end":{"line":1057,"column":3}},"380":{"start":{"line":1055,"column":4},"end":{"line":1055,"column":52}},"381":{"start":{"line":1055,"column":45},"end":{"line":1055,"column":52}},"382":{"start":{"line":1056,"column":4},"end":{"line":1056,"column":115}},"383":{"start":{"line":1056,"column":10},"end":{"line":1056,"column":54}},"384":{"start":{"line":1056,"column":55},"end":{"line":1056,"column":67}},"385":{"start":{"line":1056,"column":68},"end":{"line":1056,"column":81}},"386":{"start":{"line":1056,"column":96},"end":{"line":1056,"column":113}},"387":{"start":{"line":1059,"column":23},"end":{"line":1067,"column":3}},"388":{"start":{"line":1060,"column":4},"end":{"line":1060,"column":30}},"389":{"start":{"line":1061,"column":4},"end":{"line":1066,"column":105}},"390":{"start":{"line":1063,"column":6},"end":{"line":1064,"column":87}},"391":{"start":{"line":1063,"column":24},"end":{"line":1063,"column":93}},"392":{"start":{"line":1063,"column":94},"end":{"line":1063,"column":162}},"393":{"start":{"line":1064,"column":13},"end":{"line":1064,"column":85}},"394":{"start":{"line":1065,"column":6},"end":{"line":1065,"column":31}},"395":{"start":{"line":1066,"column":20},"end":{"line":1066,"column":103}},"396":{"start":{"line":1069,"column":29},"end":{"line":1082,"column":3}},"397":{"start":{"line":1070,"column":4},"end":{"line":1070,"column":36}},"398":{"start":{"line":1071,"column":4},"end":{"line":1081,"column":5}},"399":{"start":{"line":1072,"column":6},"end":{"line":1078,"column":7}},"400":{"start":{"line":1073,"column":8},"end":{"line":1073,"column":77}},"401":{"start":{"line":1074,"column":20},"end":{"line":1074,"column":87}},"402":{"start":{"line":1075,"column":8},"end":{"line":1075,"column":39}},"403":{"start":{"line":1077,"column":8},"end":{"line":1077,"column":106}},"404":{"start":{"line":1080,"column":6},"end":{"line":1080,"column":93}},"405":{"start":{"line":1085,"column":32},"end":{"line":1101,"column":3}},"406":{"start":{"line":1086,"column":18},"end":{"line":1086,"column":32}},"407":{"start":{"line":1087,"column":4},"end":{"line":1087,"column":45}},"408":{"start":{"line":1087,"column":38},"end":{"line":1087,"column":45}},"409":{"start":{"line":1088,"column":4},"end":{"line":1088,"column":96}},"410":{"start":{"line":1088,"column":23},"end":{"line":1088,"column":86}},"411":{"start":{"line":1088,"column":87},"end":{"line":1088,"column":94}},"412":{"start":{"line":1089,"column":4},"end":{"line":1089,"column":32}},"413":{"start":{"line":1090,"column":4},"end":{"line":1100,"column":114}},"414":{"start":{"line":1091,"column":17},"end":{"line":1091,"column":31}},"415":{"start":{"line":1092,"column":6},"end":{"line":1092,"column":60}},"416":{"start":{"line":1092,"column":37},"end":{"line":1092,"column":58}},"417":{"start":{"line":1093,"column":18},"end":{"line":1093,"column":141}},"418":{"start":{"line":1094,"column":6},"end":{"line":1094,"column":30}},"419":{"start":{"line":1095,"column":22},"end":{"line":1095,"column":56}},"420":{"start":{"line":1096,"column":20},"end":{"line":1096,"column":126}},"421":{"start":{"line":1096,"column":101},"end":{"line":1096,"column":125}},"422":{"start":{"line":1097,"column":6},"end":{"line":1097,"column":53}},"423":{"start":{"line":1098,"column":6},"end":{"line":1098,"column":84}},"424":{"start":{"line":1099,"column":20},"end":{"line":1099,"column":90}},"425":{"start":{"line":1100,"column":14},"end":{"line":1100,"column":43}},"426":{"start":{"line":1100,"column":44},"end":{"line":1100,"column":112}},"427":{"start":{"line":1100,"column":75},"end":{"line":1100,"column":112}},"428":{"start":{"line":1103,"column":32},"end":{"line":1107,"column":3}},"429":{"start":{"line":1104,"column":4},"end":{"line":1104,"column":62}},"430":{"start":{"line":1104,"column":55},"end":{"line":1104,"column":62}},"431":{"start":{"line":1105,"column":4},"end":{"line":1106,"column":68}},"432":{"start":{"line":1105,"column":10},"end":{"line":1105,"column":86}},"433":{"start":{"line":1105,"column":87},"end":{"line":1105,"column":149}},"434":{"start":{"line":1105,"column":113},"end":{"line":1105,"column":147}},"435":{"start":{"line":1105,"column":130},"end":{"line":1105,"column":146}},"436":{"start":{"line":1106,"column":18},"end":{"line":1106,"column":66}},"437":{"start":{"line":1109,"column":28},"end":{"line":1112,"column":3}},"438":{"start":{"line":1110,"column":4},"end":{"line":1110,"column":78}},"439":{"start":{"line":1110,"column":20},"end":{"line":1110,"column":76}},"440":{"start":{"line":1110,"column":34},"end":{"line":1110,"column":75}},"441":{"start":{"line":1111,"column":4},"end":{"line":1111,"column":130}},"442":{"start":{"line":1111,"column":46},"end":{"line":1111,"column":72}},"443":{"start":{"line":1111,"column":73},"end":{"line":1111,"column":128}},"444":{"start":{"line":1111,"column":90},"end":{"line":1111,"column":125}},"445":{"start":{"line":1114,"column":22},"end":{"line":1114,"column":107}},"446":{"start":{"line":1114,"column":28},"end":{"line":1114,"column":107}},"447":{"start":{"line":1115,"column":25},"end":{"line":1115,"column":138}},"448":{"start":{"line":1115,"column":47},"end":{"line":1115,"column":76}},"449":{"start":{"line":1115,"column":78},"end":{"line":1115,"column":87}},"450":{"start":{"line":1115,"column":88},"end":{"line":1115,"column":136}},"451":{"start":{"line":1116,"column":25},"end":{"line":1116,"column":132}},"452":{"start":{"line":1116,"column":32},"end":{"line":1116,"column":132}},"453":{"start":{"line":1116,"column":119},"end":{"line":1116,"column":128}},"454":{"start":{"line":1119,"column":25},"end":{"line":1123,"column":3}},"455":{"start":{"line":1120,"column":4},"end":{"line":1120,"column":22}},"456":{"start":{"line":1121,"column":4},"end":{"line":1121,"column":168}},"457":{"start":{"line":1121,"column":152},"end":{"line":1121,"column":157}},"458":{"start":{"line":1122,"column":4},"end":{"line":1122,"column":27}},"459":{"start":{"line":1124,"column":25},"end":{"line":1131,"column":3}},"460":{"start":{"line":1125,"column":4},"end":{"line":1125,"column":23}},"461":{"start":{"line":1126,"column":4},"end":{"line":1130,"column":70}},"462":{"start":{"line":1127,"column":6},"end":{"line":1128,"column":58}},"463":{"start":{"line":1127,"column":23},"end":{"line":1127,"column":88}},"464":{"start":{"line":1128,"column":11},"end":{"line":1128,"column":58}},"465":{"start":{"line":1129,"column":6},"end":{"line":1129,"column":30}},"466":{"start":{"line":1129,"column":31},"end":{"line":1129,"column":44}},"467":{"start":{"line":1129,"column":45},"end":{"line":1129,"column":58}},"468":{"start":{"line":1130,"column":20},"end":{"line":1130,"column":68}},"469":{"start":{"line":1132,"column":30},"end":{"line":1134,"column":5}},"470":{"start":{"line":1132,"column":38},"end":{"line":1134,"column":5}},"471":{"start":{"line":1132,"column":56},"end":{"line":1134,"column":3}},"472":{"start":{"line":1133,"column":81},"end":{"line":1133,"column":89}},"473":{"start":{"line":1136,"column":23},"end":{"line":1145,"column":3}},"474":{"start":{"line":1137,"column":4},"end":{"line":1144,"column":39}},"475":{"start":{"line":1138,"column":16},"end":{"line":1138,"column":41}},"476":{"start":{"line":1139,"column":6},"end":{"line":1139,"column":99}},"477":{"start":{"line":1139,"column":41},"end":{"line":1139,"column":64}},"478":{"start":{"line":1139,"column":66},"end":{"line":1139,"column":97}},"479":{"start":{"line":1140,"column":23},"end":{"line":1140,"column":69}},"480":{"start":{"line":1141,"column":16},"end":{"line":1141,"column":43}},"481":{"start":{"line":1141,"column":45},"end":{"line":1141,"column":108}},"482":{"start":{"line":1142,"column":6},"end":{"line":1142,"column":103}},"483":{"start":{"line":1143,"column":6},"end":{"line":1143,"column":35}},"484":{"start":{"line":1143,"column":36},"end":{"line":1143,"column":46}},"485":{"start":{"line":1143,"column":47},"end":{"line":1143,"column":58}},"486":{"start":{"line":1144,"column":14},"end":{"line":1144,"column":37}},"487":{"start":{"line":1148,"column":24},"end":{"line":1151,"column":3}},"488":{"start":{"line":1149,"column":43},"end":{"line":1149,"column":48}},"489":{"start":{"line":1150,"column":73},"end":{"line":1150,"column":80}},"490":{"start":{"line":1152,"column":20},"end":{"line":1152,"column":75}},"491":{"start":{"line":1153,"column":23},"end":{"line":1156,"column":3}},"492":{"start":{"line":1154,"column":43},"end":{"line":1154,"column":49}},"493":{"start":{"line":1155,"column":54},"end":{"line":1155,"column":61}},"494":{"start":{"line":1158,"column":26},"end":{"line":1158,"column":66}},"495":{"start":{"line":1159,"column":26},"end":{"line":1159,"column":69}},"496":{"start":{"line":1160,"column":22},"end":{"line":1160,"column":56}},"497":{"start":{"line":1161,"column":23},"end":{"line":1161,"column":72}},"498":{"start":{"line":1162,"column":23},"end":{"line":1162,"column":95}},"499":{"start":{"line":1162,"column":40},"end":{"line":1162,"column":94}},"500":{"start":{"line":1163,"column":25},"end":{"line":1163,"column":89}},"501":{"start":{"line":1164,"column":28},"end":{"line":1164,"column":80}},"502":{"start":{"line":1167,"column":34},"end":{"line":1168,"column":70}},"503":{"start":{"line":1173,"column":2},"end":{"line":3150,"column":4}},"504":{"start":{"line":1180,"column":92},"end":{"line":1180,"column":123}},"505":{"start":{"line":1192,"column":35},"end":{"line":1192,"column":48}},"506":{"start":{"line":1207,"column":26},"end":{"line":1207,"column":32}},"507":{"start":{"line":1208,"column":14},"end":{"line":1215,"column":23}},"508":{"start":{"line":1208,"column":48},"end":{"line":1208,"column":66}},"509":{"start":{"line":1233,"column":16},"end":{"line":1240,"column":22}},"510":{"start":{"line":1288,"column":18},"end":{"line":1301,"column":24}},"511":{"start":{"line":1319,"column":58},"end":{"line":1319,"column":86}},"512":{"start":{"line":1337,"column":33},"end":{"line":1337,"column":93}},"513":{"start":{"line":1338,"column":16},"end":{"line":1388,"column":18}},"514":{"start":{"line":1341,"column":92},"end":{"line":1341,"column":115}},"515":{"start":{"line":1351,"column":45},"end":{"line":1351,"column":63}},"516":{"start":{"line":1356,"column":34},"end":{"line":1356,"column":70}},"517":{"start":{"line":1357,"column":34},"end":{"line":1357,"column":67}},"518":{"start":{"line":1358,"column":41},"end":{"line":1358,"column":56}},"519":{"start":{"line":1359,"column":42},"end":{"line":1359,"column":80}},"520":{"start":{"line":1359,"column":69},"end":{"line":1359,"column":79}},"521":{"start":{"line":1360,"column":24},"end":{"line":1360,"column":171}},"522":{"start":{"line":1368,"column":54},"end":{"line":1368,"column":78}},"523":{"start":{"line":1369,"column":26},"end":{"line":1369,"column":223}},"524":{"start":{"line":1382,"column":45},"end":{"line":1382,"column":61}},"525":{"start":{"line":1402,"column":39},"end":{"line":1402,"column":60}},"526":{"start":{"line":1402,"column":61},"end":{"line":1402,"column":160}},"527":{"start":{"line":1402,"column":161},"end":{"line":1402,"column":184}},"528":{"start":{"line":1421,"column":20},"end":{"line":1444,"column":25}},"529":{"start":{"line":1442,"column":47},"end":{"line":1442,"column":64}},"530":{"start":{"line":1464,"column":72},"end":{"line":1464,"column":103}},"531":{"start":{"line":1483,"column":35},"end":{"line":1483,"column":65}},"532":{"start":{"line":1483,"column":66},"end":{"line":1483,"column":80}},"533":{"start":{"line":1491,"column":33},"end":{"line":1491,"column":66}},"534":{"start":{"line":1491,"column":67},"end":{"line":1491,"column":81}},"535":{"start":{"line":1495,"column":31},"end":{"line":1495,"column":82}},"536":{"start":{"line":1501,"column":33},"end":{"line":1501,"column":61}},"537":{"start":{"line":1501,"column":62},"end":{"line":1501,"column":76}},"538":{"start":{"line":1513,"column":33},"end":{"line":1513,"column":65}},"539":{"start":{"line":1513,"column":66},"end":{"line":1513,"column":80}},"540":{"start":{"line":1522,"column":33},"end":{"line":1522,"column":63}},"541":{"start":{"line":1522,"column":64},"end":{"line":1522,"column":78}},"542":{"start":{"line":1563,"column":22},"end":{"line":1571,"column":27}},"543":{"start":{"line":1580,"column":64},"end":{"line":1580,"column":86}},"544":{"start":{"line":1580,"column":80},"end":{"line":1580,"column":85}},"545":{"start":{"line":1581,"column":76},"end":{"line":1581,"column":98}},"546":{"start":{"line":1581,"column":92},"end":{"line":1581,"column":97}},"547":{"start":{"line":1599,"column":74},"end":{"line":1599,"column":106}},"548":{"start":{"line":1604,"column":72},"end":{"line":1604,"column":102}},"549":{"start":{"line":1616,"column":35},"end":{"line":1616,"column":114}},"550":{"start":{"line":1646,"column":20},"end":{"line":1649,"column":26}},"551":{"start":{"line":1677,"column":44},"end":{"line":1677,"column":83}},"552":{"start":{"line":1678,"column":38},"end":{"line":1678,"column":83}},"553":{"start":{"line":1679,"column":38},"end":{"line":1679,"column":105}},"554":{"start":{"line":1680,"column":39},"end":{"line":1680,"column":53}},"555":{"start":{"line":1681,"column":26},"end":{"line":1706,"column":28}},"556":{"start":{"line":1725,"column":37},"end":{"line":1725,"column":75}},"557":{"start":{"line":1726,"column":36},"end":{"line":1726,"column":76}},"558":{"start":{"line":1727,"column":24},"end":{"line":1742,"column":26}},"559":{"start":{"line":1757,"column":37},"end":{"line":1757,"column":106}},"560":{"start":{"line":1757,"column":88},"end":{"line":1757,"column":101}},"561":{"start":{"line":1758,"column":36},"end":{"line":1758,"column":76}},"562":{"start":{"line":1759,"column":24},"end":{"line":1767,"column":26}},"563":{"start":{"line":1810,"column":18},"end":{"line":1816,"column":24}},"564":{"start":{"line":1825,"column":65},"end":{"line":1825,"column":98}},"565":{"start":{"line":1825,"column":99},"end":{"line":1825,"column":115}},"566":{"start":{"line":1827,"column":73},"end":{"line":1827,"column":126}},"567":{"start":{"line":1832,"column":60},"end":{"line":1832,"column":90}},"568":{"start":{"line":1832,"column":108},"end":{"line":1832,"column":148}},"569":{"start":{"line":1836,"column":74},"end":{"line":1836,"column":106}},"570":{"start":{"line":1840,"column":72},"end":{"line":1840,"column":102}},"571":{"start":{"line":1851,"column":41},"end":{"line":1851,"column":62}},"572":{"start":{"line":1851,"column":63},"end":{"line":1851,"column":79}},"573":{"start":{"line":1851,"column":80},"end":{"line":1851,"column":111}},"574":{"start":{"line":1854,"column":18},"end":{"line":1857,"column":27}},"575":{"start":{"line":1854,"column":51},"end":{"line":1854,"column":71}},"576":{"start":{"line":1854,"column":72},"end":{"line":1854,"column":88}},"577":{"start":{"line":1854,"column":89},"end":{"line":1854,"column":120}},"578":{"start":{"line":1891,"column":40},"end":{"line":1891,"column":103}},"579":{"start":{"line":1892,"column":40},"end":{"line":1892,"column":200}},"580":{"start":{"line":1893,"column":43},"end":{"line":1893,"column":68}},"581":{"start":{"line":1894,"column":43},"end":{"line":1894,"column":91}},"582":{"start":{"line":1895,"column":24},"end":{"line":1943,"column":26}},"583":{"start":{"line":1898,"column":45},"end":{"line":1898,"column":90}},"584":{"start":{"line":1953,"column":70},"end":{"line":1953,"column":94}},"585":{"start":{"line":1953,"column":88},"end":{"line":1953,"column":93}},"586":{"start":{"line":1954,"column":84},"end":{"line":1954,"column":108}},"587":{"start":{"line":1954,"column":102},"end":{"line":1954,"column":107}},"588":{"start":{"line":1975,"column":37},"end":{"line":1975,"column":59}},"589":{"start":{"line":1988,"column":16},"end":{"line":1991,"column":25}},"590":{"start":{"line":1988,"column":50},"end":{"line":1988,"column":70}},"591":{"start":{"line":2001,"column":85},"end":{"line":2001,"column":129}},"592":{"start":{"line":2009,"column":63},"end":{"line":2009,"column":93}},"593":{"start":{"line":2016,"column":333},"end":{"line":2016,"column":381}},"594":{"start":{"line":2020,"column":321},"end":{"line":2020,"column":376}},"595":{"start":{"line":2026,"column":309},"end":{"line":2026,"column":360}},"596":{"start":{"line":2030,"column":252},"end":{"line":2030,"column":300}},"597":{"start":{"line":2031,"column":47},"end":{"line":2031,"column":97}},"598":{"start":{"line":2037,"column":340},"end":{"line":2037,"column":390}},"599":{"start":{"line":2047,"column":24},"end":{"line":2050,"column":30}},"600":{"start":{"line":2048,"column":259},"end":{"line":2048,"column":292}},"601":{"start":{"line":2049,"column":49},"end":{"line":2049,"column":66}},"602":{"start":{"line":2070,"column":24},"end":{"line":2088,"column":33}},"603":{"start":{"line":2070,"column":71},"end":{"line":2074,"column":26}},"604":{"start":{"line":2071,"column":42},"end":{"line":2071,"column":63}},"605":{"start":{"line":2072,"column":26},"end":{"line":2072,"column":122}},"606":{"start":{"line":2072,"column":60},"end":{"line":2072,"column":118}},"607":{"start":{"line":2072,"column":94},"end":{"line":2072,"column":118}},"608":{"start":{"line":2073,"column":26},"end":{"line":2073,"column":146}},"609":{"start":{"line":2112,"column":41},"end":{"line":2112,"column":127}},"610":{"start":{"line":2112,"column":58},"end":{"line":2112,"column":125}},"611":{"start":{"line":2120,"column":85},"end":{"line":2120,"column":121}},"612":{"start":{"line":2124,"column":41},"end":{"line":2124,"column":125}},"613":{"start":{"line":2124,"column":58},"end":{"line":2124,"column":123}},"614":{"start":{"line":2133,"column":28},"end":{"line":2144,"column":37}},"615":{"start":{"line":2134,"column":45},"end":{"line":2134,"column":122}},"616":{"start":{"line":2134,"column":62},"end":{"line":2134,"column":120}},"617":{"start":{"line":2153,"column":43},"end":{"line":2153,"column":167}},"618":{"start":{"line":2153,"column":60},"end":{"line":2153,"column":165}},"619":{"start":{"line":2166,"column":28},"end":{"line":2175,"column":37}},"620":{"start":{"line":2167,"column":45},"end":{"line":2167,"column":132}},"621":{"start":{"line":2167,"column":64},"end":{"line":2167,"column":130}},"622":{"start":{"line":2188,"column":41},"end":{"line":2188,"column":132}},"623":{"start":{"line":2188,"column":58},"end":{"line":2188,"column":130}},"624":{"start":{"line":2211,"column":26},"end":{"line":2230,"column":32}},"625":{"start":{"line":2218,"column":32},"end":{"line":2227,"column":41}},"626":{"start":{"line":2218,"column":80},"end":{"line":2218,"column":153}},"627":{"start":{"line":2218,"column":97},"end":{"line":2218,"column":151}},"628":{"start":{"line":2251,"column":39},"end":{"line":2251,"column":122}},"629":{"start":{"line":2251,"column":56},"end":{"line":2251,"column":120}},"630":{"start":{"line":2269,"column":83},"end":{"line":2269,"column":119}},"631":{"start":{"line":2272,"column":80},"end":{"line":2272,"column":164}},"632":{"start":{"line":2272,"column":97},"end":{"line":2272,"column":162}},"633":{"start":{"line":2274,"column":61},"end":{"line":2274,"column":133}},"634":{"start":{"line":2274,"column":78},"end":{"line":2274,"column":131}},"635":{"start":{"line":2301,"column":41},"end":{"line":2301,"column":127}},"636":{"start":{"line":2301,"column":58},"end":{"line":2301,"column":125}},"637":{"start":{"line":2337,"column":43},"end":{"line":2337,"column":131}},"638":{"start":{"line":2337,"column":60},"end":{"line":2337,"column":129}},"639":{"start":{"line":2351,"column":132},"end":{"line":2351,"column":233}},"640":{"start":{"line":2351,"column":149},"end":{"line":2351,"column":231}},"641":{"start":{"line":2357,"column":85},"end":{"line":2357,"column":182}},"642":{"start":{"line":2357,"column":102},"end":{"line":2357,"column":180}},"643":{"start":{"line":2384,"column":42},"end":{"line":2384,"column":81}},"644":{"start":{"line":2385,"column":35},"end":{"line":2385,"column":74}},"645":{"start":{"line":2386,"column":22},"end":{"line":2404,"column":24}},"646":{"start":{"line":2396,"column":87},"end":{"line":2396,"column":258}},"647":{"start":{"line":2399,"column":87},"end":{"line":2399,"column":168}},"648":{"start":{"line":2399,"column":104},"end":{"line":2399,"column":166}},"649":{"start":{"line":2429,"column":24},"end":{"line":2448,"column":32}},"650":{"start":{"line":2441,"column":44},"end":{"line":2441,"column":91}},"651":{"start":{"line":2453,"column":58},"end":{"line":2453,"column":105}},"652":{"start":{"line":2462,"column":26},"end":{"line":2465,"column":28}},"653":{"start":{"line":2470,"column":39},"end":{"line":2470,"column":86}},"654":{"start":{"line":2472,"column":28},"end":{"line":2474,"column":37}},"655":{"start":{"line":2489,"column":39},"end":{"line":2489,"column":73}},"656":{"start":{"line":2525,"column":26},"end":{"line":2553,"column":32}},"657":{"start":{"line":2547,"column":47},"end":{"line":2547,"column":91}},"658":{"start":{"line":2581,"column":33},"end":{"line":2581,"column":57}},"659":{"start":{"line":2582,"column":36},"end":{"line":2585,"column":23}},"660":{"start":{"line":2582,"column":47},"end":{"line":2585,"column":23}},"661":{"start":{"line":2582,"column":64},"end":{"line":2585,"column":21}},"662":{"start":{"line":2587,"column":36},"end":{"line":2587,"column":54}},"663":{"start":{"line":2588,"column":38},"end":{"line":2588,"column":58}},"664":{"start":{"line":2590,"column":38},"end":{"line":2590,"column":147}},"665":{"start":{"line":2590,"column":45},"end":{"line":2590,"column":146}},"666":{"start":{"line":2591,"column":40},"end":{"line":2591,"column":253}},"667":{"start":{"line":2591,"column":47},"end":{"line":2591,"column":252}},"668":{"start":{"line":2593,"column":38},"end":{"line":2593,"column":91}},"669":{"start":{"line":2593,"column":44},"end":{"line":2593,"column":91}},"670":{"start":{"line":2594,"column":41},"end":{"line":2594,"column":104}},"671":{"start":{"line":2594,"column":49},"end":{"line":2594,"column":104}},"672":{"start":{"line":2594,"column":88},"end":{"line":2594,"column":100}},"673":{"start":{"line":2595,"column":41},"end":{"line":2595,"column":133}},"674":{"start":{"line":2595,"column":56},"end":{"line":2595,"column":133}},"675":{"start":{"line":2595,"column":92},"end":{"line":2595,"column":129}},"676":{"start":{"line":2597,"column":40},"end":{"line":2597,"column":99}},"677":{"start":{"line":2597,"column":46},"end":{"line":2597,"column":99}},"678":{"start":{"line":2598,"column":43},"end":{"line":2598,"column":110}},"679":{"start":{"line":2598,"column":51},"end":{"line":2598,"column":110}},"680":{"start":{"line":2598,"column":94},"end":{"line":2598,"column":106}},"681":{"start":{"line":2599,"column":43},"end":{"line":2599,"column":139}},"682":{"start":{"line":2599,"column":58},"end":{"line":2599,"column":139}},"683":{"start":{"line":2599,"column":98},"end":{"line":2599,"column":135}},"684":{"start":{"line":2601,"column":20},"end":{"line":2874,"column":22}},"685":{"start":{"line":2611,"column":43},"end":{"line":2611,"column":78}},"686":{"start":{"line":2624,"column":94},"end":{"line":2624,"column":131}},"687":{"start":{"line":2630,"column":100},"end":{"line":2630,"column":136}},"688":{"start":{"line":2635,"column":96},"end":{"line":2635,"column":131}},"689":{"start":{"line":2647,"column":69},"end":{"line":2647,"column":118}},"690":{"start":{"line":2661,"column":106},"end":{"line":2661,"column":149}},"691":{"start":{"line":2667,"column":105},"end":{"line":2667,"column":147}},"692":{"start":{"line":2689,"column":34},"end":{"line":2730,"column":40}},"693":{"start":{"line":2694,"column":103},"end":{"line":2694,"column":154}},"694":{"start":{"line":2699,"column":104},"end":{"line":2699,"column":156}},"695":{"start":{"line":2704,"column":98},"end":{"line":2704,"column":148}},"696":{"start":{"line":2714,"column":117},"end":{"line":2714,"column":173}},"697":{"start":{"line":2719,"column":114},"end":{"line":2719,"column":168}},"698":{"start":{"line":2722,"column":77},"end":{"line":2722,"column":101}},"699":{"start":{"line":2749,"column":34},"end":{"line":2859,"column":40}},"700":{"start":{"line":2754,"column":102},"end":{"line":2754,"column":154}},"701":{"start":{"line":2759,"column":103},"end":{"line":2759,"column":162}},"702":{"start":{"line":2769,"column":113},"end":{"line":2769,"column":168}},"703":{"start":{"line":2772,"column":77},"end":{"line":2772,"column":102}},"704":{"start":{"line":2779,"column":104},"end":{"line":2779,"column":155}},"705":{"start":{"line":2788,"column":79},"end":{"line":2788,"column":150}},"706":{"start":{"line":2793,"column":44},"end":{"line":2801,"column":50}},"707":{"start":{"line":2795,"column":65},"end":{"line":2795,"column":89}},"708":{"start":{"line":2796,"column":48},"end":{"line":2796,"column":78}},"709":{"start":{"line":2797,"column":48},"end":{"line":2797,"column":95}},"710":{"start":{"line":2799,"column":83},"end":{"line":2799,"column":159}},"711":{"start":{"line":2799,"column":147},"end":{"line":2799,"column":155}},"712":{"start":{"line":2811,"column":59},"end":{"line":2811,"column":137}},"713":{"start":{"line":2816,"column":115},"end":{"line":2816,"column":175}},"714":{"start":{"line":2821,"column":113},"end":{"line":2821,"column":171}},"715":{"start":{"line":2829,"column":99},"end":{"line":2829,"column":152}},"716":{"start":{"line":2839,"column":63},"end":{"line":2839,"column":71}},"717":{"start":{"line":2840,"column":44},"end":{"line":2853,"column":52}},"718":{"start":{"line":2844,"column":63},"end":{"line":2844,"column":84}},"719":{"start":{"line":2845,"column":50},"end":{"line":2849,"column":51}},"720":{"start":{"line":2846,"column":52},"end":{"line":2846,"column":126}},"721":{"start":{"line":2846,"column":109},"end":{"line":2846,"column":121}},"722":{"start":{"line":2848,"column":52},"end":{"line":2848,"column":138}},"723":{"start":{"line":2848,"column":79},"end":{"line":2848,"column":138}},"724":{"start":{"line":2879,"column":35},"end":{"line":2879,"column":65}},"725":{"start":{"line":2880,"column":37},"end":{"line":2880,"column":58}},"726":{"start":{"line":2881,"column":40},"end":{"line":2881,"column":64}},"727":{"start":{"line":2883,"column":42},"end":{"line":2886,"column":21}},"728":{"start":{"line":2884,"column":35},"end":{"line":2884,"column":48}},"729":{"start":{"line":2884,"column":50},"end":{"line":2884,"column":66}},"730":{"start":{"line":2885,"column":22},"end":{"line":2885,"column":111}},"731":{"start":{"line":2885,"column":39},"end":{"line":2885,"column":108}},"732":{"start":{"line":2887,"column":45},"end":{"line":2890,"column":21}},"733":{"start":{"line":2888,"column":35},"end":{"line":2888,"column":51}},"734":{"start":{"line":2888,"column":53},"end":{"line":2888,"column":69}},"735":{"start":{"line":2889,"column":22},"end":{"line":2889,"column":114}},"736":{"start":{"line":2889,"column":39},"end":{"line":2889,"column":111}},"737":{"start":{"line":2891,"column":37},"end":{"line":2900,"column":21}},"738":{"start":{"line":2892,"column":22},"end":{"line":2899,"column":26}},"739":{"start":{"line":2892,"column":39},"end":{"line":2899,"column":23}},"740":{"start":{"line":2901,"column":40},"end":{"line":2905,"column":21}},"741":{"start":{"line":2902,"column":38},"end":{"line":2902,"column":74}},"742":{"start":{"line":2902,"column":64},"end":{"line":2902,"column":73}},"743":{"start":{"line":2903,"column":41},"end":{"line":2903,"column":80}},"744":{"start":{"line":2903,"column":70},"end":{"line":2903,"column":79}},"745":{"start":{"line":2904,"column":22},"end":{"line":2904,"column":139}},"746":{"start":{"line":2904,"column":39},"end":{"line":2904,"column":136}},"747":{"start":{"line":2907,"column":20},"end":{"line":2979,"column":22}},"748":{"start":{"line":2916,"column":43},"end":{"line":2916,"column":141}},"749":{"start":{"line":2916,"column":60},"end":{"line":2916,"column":139}},"750":{"start":{"line":2928,"column":45},"end":{"line":2928,"column":141}},"751":{"start":{"line":2928,"column":62},"end":{"line":2928,"column":139}},"752":{"start":{"line":2950,"column":34},"end":{"line":2966,"column":40}},"753":{"start":{"line":2955,"column":55},"end":{"line":2955,"column":89}},"754":{"start":{"line":2959,"column":55},"end":{"line":2959,"column":92}},"755":{"start":{"line":2961,"column":73},"end":{"line":2961,"column":89}},"756":{"start":{"line":2987,"column":38},"end":{"line":2987,"column":57}},"757":{"start":{"line":2988,"column":35},"end":{"line":2988,"column":59}},"758":{"start":{"line":2989,"column":20},"end":{"line":3008,"column":22}},"759":{"start":{"line":2993,"column":63},"end":{"line":2993,"column":150}},"760":{"start":{"line":2993,"column":80},"end":{"line":2993,"column":148}},"761":{"start":{"line":3001,"column":30},"end":{"line":3003,"column":173}},"762":{"start":{"line":3003,"column":79},"end":{"line":3003,"column":169}},"763":{"start":{"line":3003,"column":96},"end":{"line":3003,"column":167}},"764":{"start":{"line":3013,"column":35},"end":{"line":3013,"column":63}},"765":{"start":{"line":3014,"column":20},"end":{"line":3070,"column":22}},"766":{"start":{"line":3018,"column":65},"end":{"line":3018,"column":160}},"767":{"start":{"line":3018,"column":82},"end":{"line":3018,"column":157}},"768":{"start":{"line":3018,"column":161},"end":{"line":3018,"column":188}},"769":{"start":{"line":3032,"column":78},"end":{"line":3032,"column":173}},"770":{"start":{"line":3032,"column":95},"end":{"line":3032,"column":171}},"771":{"start":{"line":3036,"column":32},"end":{"line":3041,"column":38}},"772":{"start":{"line":3040,"column":79},"end":{"line":3040,"column":172}},"773":{"start":{"line":3040,"column":96},"end":{"line":3040,"column":170}},"774":{"start":{"line":3048,"column":81},"end":{"line":3048,"column":179}},"775":{"start":{"line":3048,"column":98},"end":{"line":3048,"column":177}},"776":{"start":{"line":3080,"column":41},"end":{"line":3080,"column":72}},"777":{"start":{"line":3087,"column":39},"end":{"line":3087,"column":61}},"778":{"start":{"line":3103,"column":37},"end":{"line":3103,"column":60}},"779":{"start":{"line":3108,"column":275},"end":{"line":3108,"column":329}},"780":{"start":{"line":3109,"column":332},"end":{"line":3109,"column":386}},"781":{"start":{"line":3112,"column":83},"end":{"line":3112,"column":138}},"782":{"start":{"line":3117,"column":90},"end":{"line":3117,"column":150}},"783":{"start":{"line":3125,"column":18},"end":{"line":3129,"column":26}},"784":{"start":{"line":3126,"column":107},"end":{"line":3126,"column":133}},"785":{"start":{"line":3134,"column":37},"end":{"line":3134,"column":60}},"786":{"start":{"line":3146,"column":104},"end":{"line":3146,"column":128}},"787":{"start":{"line":3147,"column":65},"end":{"line":3147,"column":82}}},"fnMap":{"0":{"name":"(anonymous_0)","decl":{"start":{"line":114,"column":20},"end":{"line":114,"column":21}},"loc":{"start":{"line":114,"column":35},"end":{"line":114,"column":95}},"line":114},"1":{"name":"(anonymous_1)","decl":{"start":{"line":115,"column":16},"end":{"line":115,"column":17}},"loc":{"start":{"line":115,"column":23},"end":{"line":115,"column":136}},"line":115},"2":{"name":"groupModelsByTier","decl":{"start":{"line":158,"column":9},"end":{"line":158,"column":26}},"loc":{"start":{"line":158,"column":35},"end":{"line":163,"column":1}},"line":158},"3":{"name":"(anonymous_3)","decl":{"start":{"line":161,"column":17},"end":{"line":161,"column":18}},"loc":{"start":{"line":161,"column":22},"end":{"line":161,"column":106}},"line":161},"4":{"name":"(anonymous_4)","decl":{"start":{"line":162,"column":22},"end":{"line":162,"column":23}},"loc":{"start":{"line":162,"column":27},"end":{"line":162,"column":36}},"line":162},"5":{"name":"(anonymous_5)","decl":{"start":{"line":162,"column":42},"end":{"line":162,"column":43}},"loc":{"start":{"line":162,"column":48},"end":{"line":162,"column":78}},"line":162},"6":{"name":"ApiKeyWidget","decl":{"start":{"line":168,"column":9},"end":{"line":168,"column":21}},"loc":{"start":{"line":168,"column":41},"end":{"line":280,"column":1}},"line":168},"7":{"name":"(anonymous_7)","decl":{"start":{"line":175,"column":12},"end":{"line":175,"column":13}},"loc":{"start":{"line":175,"column":18},"end":{"line":180,"column":3}},"line":175},"8":{"name":"(anonymous_8)","decl":{"start":{"line":177,"column":37},"end":{"line":177,"column":38}},"loc":{"start":{"line":177,"column":43},"end":{"line":177,"column":83}},"line":177},"9":{"name":"(anonymous_9)","decl":{"start":{"line":179,"column":11},"end":{"line":179,"column":12}},"loc":{"start":{"line":179,"column":17},"end":{"line":179,"column":48}},"line":179},"10":{"name":"(anonymous_10)","decl":{"start":{"line":182,"column":23},"end":{"line":182,"column":24}},"loc":{"start":{"line":182,"column":35},"end":{"line":192,"column":3}},"line":182},"11":{"name":"(anonymous_11)","decl":{"start":{"line":194,"column":25},"end":{"line":194,"column":26}},"loc":{"start":{"line":194,"column":37},"end":{"line":206,"column":3}},"line":194},"12":{"name":"(anonymous_12)","decl":{"start":{"line":208,"column":21},"end":{"line":208,"column":22}},"loc":{"start":{"line":208,"column":27},"end":{"line":211,"column":3}},"line":208},"13":{"name":"(anonymous_13)","decl":{"start":{"line":210,"column":49},"end":{"line":210,"column":50}},"loc":{"start":{"line":210,"column":55},"end":{"line":210,"column":117}},"line":210},"14":{"name":"(anonymous_14)","decl":{"start":{"line":210,"column":85},"end":{"line":210,"column":86}},"loc":{"start":{"line":210,"column":91},"end":{"line":210,"column":107}},"line":210},"15":{"name":"(anonymous_15)","decl":{"start":{"line":213,"column":21},"end":{"line":213,"column":22}},"loc":{"start":{"line":213,"column":27},"end":{"line":213,"column":100}},"line":213},"16":{"name":"TokenPanel","decl":{"start":{"line":315,"column":9},"end":{"line":315,"column":19}},"loc":{"start":{"line":315,"column":32},"end":{"line":347,"column":1}},"line":315},"17":{"name":"DetailPanel","decl":{"start":{"line":349,"column":9},"end":{"line":349,"column":20}},"loc":{"start":{"line":349,"column":41},"end":{"line":422,"column":1}},"line":349},"18":{"name":"(anonymous_18)","decl":{"start":{"line":362,"column":54},"end":{"line":362,"column":55}},"loc":{"start":{"line":362,"column":59},"end":{"line":362,"column":127}},"line":362},"19":{"name":"(anonymous_19)","decl":{"start":{"line":366,"column":21},"end":{"line":366,"column":22}},"loc":{"start":{"line":367,"column":10},"end":{"line":372,"column":16}},"line":367},"20":{"name":"(anonymous_20)","decl":{"start":{"line":386,"column":19},"end":{"line":386,"column":20}},"loc":{"start":{"line":387,"column":10},"end":{"line":392,"column":16}},"line":387},"21":{"name":"(anonymous_21)","decl":{"start":{"line":400,"column":26},"end":{"line":400,"column":27}},"loc":{"start":{"line":401,"column":10},"end":{"line":403,"column":16}},"line":401},"22":{"name":"(anonymous_22)","decl":{"start":{"line":411,"column":48},"end":{"line":411,"column":49}},"loc":{"start":{"line":411,"column":57},"end":{"line":411,"column":99}},"line":411},"23":{"name":"(anonymous_23)","decl":{"start":{"line":415,"column":31},"end":{"line":415,"column":32}},"loc":{"start":{"line":416,"column":8},"end":{"line":418,"column":15}},"line":416},"24":{"name":"SyntaxCode","decl":{"start":{"line":427,"column":9},"end":{"line":427,"column":19}},"loc":{"start":{"line":427,"column":45},"end":{"line":455,"column":1}},"line":427},"25":{"name":"(anonymous_25)","decl":{"start":{"line":429,"column":21},"end":{"line":429,"column":22}},"loc":{"start":{"line":429,"column":33},"end":{"line":433,"column":3}},"line":429},"26":{"name":"(anonymous_26)","decl":{"start":{"line":432,"column":15},"end":{"line":432,"column":16}},"loc":{"start":{"line":432,"column":21},"end":{"line":432,"column":37}},"line":432},"27":{"name":"GatewayTab","decl":{"start":{"line":457,"column":9},"end":{"line":457,"column":19}},"loc":{"start":{"line":457,"column":39},"end":{"line":808,"column":1}},"line":457},"28":{"name":"(anonymous_28)","decl":{"start":{"line":466,"column":35},"end":{"line":466,"column":36}},"loc":{"start":{"line":466,"column":40},"end":{"line":466,"column":77}},"line":466},"29":{"name":"(anonymous_29)","decl":{"start":{"line":471,"column":26},"end":{"line":471,"column":27}},"loc":{"start":{"line":471,"column":41},"end":{"line":476,"column":3}},"line":471},"30":{"name":"(anonymous_30)","decl":{"start":{"line":474,"column":21},"end":{"line":474,"column":22}},"loc":{"start":{"line":474,"column":27},"end":{"line":474,"column":72}},"line":474},"31":{"name":"(anonymous_31)","decl":{"start":{"line":478,"column":24},"end":{"line":478,"column":25}},"loc":{"start":{"line":478,"column":43},"end":{"line":482,"column":3}},"line":478},"32":{"name":"(anonymous_32)","decl":{"start":{"line":480,"column":17},"end":{"line":480,"column":18}},"loc":{"start":{"line":480,"column":23},"end":{"line":480,"column":43}},"line":480},"33":{"name":"(anonymous_33)","decl":{"start":{"line":481,"column":15},"end":{"line":481,"column":16}},"loc":{"start":{"line":481,"column":21},"end":{"line":481,"column":63}},"line":481},"34":{"name":"(anonymous_34)","decl":{"start":{"line":481,"column":34},"end":{"line":481,"column":35}},"loc":{"start":{"line":481,"column":40},"end":{"line":481,"column":61}},"line":481},"35":{"name":"(anonymous_35)","decl":{"start":{"line":484,"column":21},"end":{"line":484,"column":22}},"loc":{"start":{"line":484,"column":33},"end":{"line":496,"column":3}},"line":484},"36":{"name":"(anonymous_36)","decl":{"start":{"line":600,"column":24},"end":{"line":600,"column":25}},"loc":{"start":{"line":601,"column":16},"end":{"line":639,"column":22}},"line":601},"37":{"name":"(anonymous_37)","decl":{"start":{"line":602,"column":27},"end":{"line":602,"column":28}},"loc":{"start":{"line":602,"column":33},"end":{"line":602,"column":52}},"line":602},"38":{"name":"(anonymous_38)","decl":{"start":{"line":626,"column":43},"end":{"line":626,"column":44}},"loc":{"start":{"line":626,"column":48},"end":{"line":626,"column":118}},"line":626},"39":{"name":"(anonymous_39)","decl":{"start":{"line":632,"column":41},"end":{"line":632,"column":42}},"loc":{"start":{"line":632,"column":46},"end":{"line":632,"column":92}},"line":632},"40":{"name":"(anonymous_40)","decl":{"start":{"line":655,"column":34},"end":{"line":655,"column":35}},"loc":{"start":{"line":656,"column":18},"end":{"line":672,"column":24}},"line":656},"41":{"name":"(anonymous_41)","decl":{"start":{"line":687,"column":26},"end":{"line":687,"column":27}},"loc":{"start":{"line":687,"column":31},"end":{"line":687,"column":95}},"line":687},"42":{"name":"(anonymous_42)","decl":{"start":{"line":687,"column":56},"end":{"line":687,"column":57}},"loc":{"start":{"line":687,"column":61},"end":{"line":687,"column":85}},"line":687},"43":{"name":"(anonymous_43)","decl":{"start":{"line":689,"column":26},"end":{"line":689,"column":27}},"loc":{"start":{"line":689,"column":31},"end":{"line":689,"column":108}},"line":689},"44":{"name":"(anonymous_44)","decl":{"start":{"line":720,"column":20},"end":{"line":720,"column":21}},"loc":{"start":{"line":721,"column":16},"end":{"line":725,"column":25}},"line":721},"45":{"name":"(anonymous_45)","decl":{"start":{"line":721,"column":44},"end":{"line":721,"column":45}},"loc":{"start":{"line":721,"column":50},"end":{"line":721,"column":66}},"line":721},"46":{"name":"(anonymous_46)","decl":{"start":{"line":752,"column":28},"end":{"line":752,"column":29}},"loc":{"start":{"line":752,"column":33},"end":{"line":752,"column":97}},"line":752},"47":{"name":"(anonymous_47)","decl":{"start":{"line":752,"column":58},"end":{"line":752,"column":59}},"loc":{"start":{"line":752,"column":63},"end":{"line":752,"column":87}},"line":752},"48":{"name":"(anonymous_48)","decl":{"start":{"line":754,"column":28},"end":{"line":754,"column":29}},"loc":{"start":{"line":754,"column":33},"end":{"line":754,"column":110}},"line":754},"49":{"name":"(anonymous_49)","decl":{"start":{"line":760,"column":28},"end":{"line":760,"column":29}},"loc":{"start":{"line":760,"column":33},"end":{"line":760,"column":63}},"line":760},"50":{"name":"(anonymous_50)","decl":{"start":{"line":761,"column":29},"end":{"line":761,"column":30}},"loc":{"start":{"line":761,"column":34},"end":{"line":761,"column":67}},"line":761},"51":{"name":"AdminDashboard","decl":{"start":{"line":813,"column":9},"end":{"line":813,"column":23}},"loc":{"start":{"line":813,"column":48},"end":{"line":3151,"column":1}},"line":813},"52":{"name":"(anonymous_52)","decl":{"start":{"line":873,"column":12},"end":{"line":873,"column":13}},"loc":{"start":{"line":873,"column":18},"end":{"line":873,"column":81}},"line":873},"53":{"name":"(anonymous_53)","decl":{"start":{"line":874,"column":12},"end":{"line":874,"column":13}},"loc":{"start":{"line":874,"column":18},"end":{"line":874,"column":82}},"line":874},"54":{"name":"(anonymous_54)","decl":{"start":{"line":875,"column":12},"end":{"line":875,"column":13}},"loc":{"start":{"line":875,"column":18},"end":{"line":875,"column":83}},"line":875},"55":{"name":"(anonymous_55)","decl":{"start":{"line":876,"column":12},"end":{"line":876,"column":13}},"loc":{"start":{"line":876,"column":18},"end":{"line":876,"column":85}},"line":876},"56":{"name":"(anonymous_56)","decl":{"start":{"line":878,"column":21},"end":{"line":878,"column":22}},"loc":{"start":{"line":878,"column":33},"end":{"line":878,"column":119}},"line":878},"57":{"name":"(anonymous_57)","decl":{"start":{"line":879,"column":21},"end":{"line":879,"column":22}},"loc":{"start":{"line":879,"column":33},"end":{"line":879,"column":159}},"line":879},"58":{"name":"(anonymous_58)","decl":{"start":{"line":880,"column":20},"end":{"line":880,"column":21}},"loc":{"start":{"line":880,"column":32},"end":{"line":880,"column":160}},"line":880},"59":{"name":"(anonymous_59)","decl":{"start":{"line":881,"column":24},"end":{"line":881,"column":25}},"loc":{"start":{"line":881,"column":36},"end":{"line":896,"column":3}},"line":881},"60":{"name":"(anonymous_60)","decl":{"start":{"line":898,"column":32},"end":{"line":898,"column":33}},"loc":{"start":{"line":898,"column":38},"end":{"line":901,"column":3}},"line":898},"61":{"name":"(anonymous_61)","decl":{"start":{"line":903,"column":25},"end":{"line":903,"column":26}},"loc":{"start":{"line":903,"column":37},"end":{"line":927,"column":3
[...]
ine":87,"column":6},"end":{"line":87,"column":38}},"39":{"start":{"line":89,"column":6},"end":{"line":100,"column":8}},"40":{"start":{"line":90,"column":27},"end":{"line":90,"column":60}},"41":{"start":{"line":91,"column":8},"end":{"line":91,"column":32}},"42":{"start":{"line":91,"column":25},"end":{"line":91,"column":32}},"43":{"start":{"line":93,"column":8},"end":{"line":93,"column":51}},"44":{"start":{"line":93,"column":26},"end":{"line":93,"column":51}},"45":{"start":{"line":96,"column":8},"end":{"line":99,"column":9}},"46":{"start":{"line":97,"column":10},"end":{"line":97,"column":36}},"47":{"start":{"line":98,"column":10},"end":{"line":98,"column":36}},"48":{"start":{"line":102,"column":6},"end":{"line":108,"column":8}},"49":{"start":{"line":103,"column":8},"end":{"line":105,"column":9}},"50":{"start":{"line":104,"column":10},"end":{"line":104,"column":54}},"51":{"start":{"line":106,"column":8},"end":{"line":106,"column":30}},"52":{"start":{"line":107,"column":8},"end":{"line":107,"column":56}},"53":{"start":{"line":107,"column":34},"end":{"line":107,"column":56}},"54":{"start":{"line":110,"column":6},"end":{"line":112,"column":8}},"55":{"start":{"line":111,"column":8},"end":{"line":111,"column":30}},"56":{"start":{"line":114,"column":6},"end":{"line":114,"column":43}},"57":{"start":{"line":117,"column":4},"end":{"line":120,"column":6}},"58":{"start":{"line":118,"column":6},"end":{"line":118,"column":33}},"59":{"start":{"line":119,"column":6},"end":{"line":119,"column":55}},"60":{"start":{"line":119,"column":12},"end":{"line":119,"column":44}},"61":{"start":{"line":124,"column":2},"end":{"line":131,"column":18}},"62":{"start":{"line":125,"column":4},"end":{"line":125,"column":37}},"63":{"start":{"line":126,"column":4},"end":{"line":130,"column":5}},"64":{"start":{"line":127,"column":6},"end":{"line":127,"column":22}},"65":{"start":{"line":128,"column":6},"end":{"line":128,"column":21}},"66":{"start":{"line":129,"column":6},"end":{"line":129,"column":28}},"67":{"start":{"line":134,"column":25},"end":{"line":148,"column":19}},"68":{"start":{"line":135,"column":4},"end":{"line":135,"column":55}},"69":{"start":{"line":135,"column":48},"end":{"line":135,"column":55}},"70":{"start":{"line":137,"column":4},"end":{"line":147,"column":5}},"71":{"start":{"line":141,"column":6},"end":{"line":141,"column":44}},"72":{"start":{"line":142,"column":6},"end":{"line":142,"column":37}},"73":{"start":{"line":143,"column":6},"end":{"line":143,"column":27}},"74":{"start":{"line":144,"column":6},"end":{"line":144,"column":33}},"75":{"start":{"line":146,"column":6},"end":{"line":146,"column":70}},"76":{"start":{"line":150,"column":24},"end":{"line":153,"column":8}},"77":{"start":{"line":151,"column":4},"end":{"line":151,"column":52}},"78":{"start":{"line":151,"column":10},"end":{"line":151,"column":41}},"79":{"start":{"line":152,"column":4},"end":{"line":152,"column":26}},"80":{"start":{"line":155,"column":26},"end":{"line":158,"column":50}},"81":{"start":{"line":156,"column":4},"end":{"line":157,"column":26}},"82":{"start":{"line":156,"column":21},"end":{"line":156,"column":37}},"83":{"start":{"line":157,"column":9},"end":{"line":157,"column":26}},"84":{"start":{"line":161,"column":16},"end":{"line":213,"column":22}},"85":{"start":{"line":162,"column":4},"end":{"line":162,"column":43}},"86":{"start":{"line":162,"column":36},"end":{"line":162,"column":43}},"87":{"start":{"line":164,"column":4},"end":{"line":164,"column":30}},"88":{"start":{"line":166,"column":20},"end":{"line":166,"column":40}},"89":{"start":{"line":167,"column":20},"end":{"line":167,"column":39}},"90":{"start":{"line":168,"column":20},"end":{"line":168,"column":56}},"91":{"start":{"line":170,"column":22},"end":{"line":170,"column":59}},"92":{"start":{"line":171,"column":4},"end":{"line":171,"column":27}},"93":{"start":{"line":172,"column":4},"end":{"line":172,"column":26}},"94":{"start":{"line":173,"column":4},"end":{"line":173,"column":26}},"95":{"start":{"line":174,"column":4},"end":{"line":174,"column":27}},"96":{"start":{"line":175,"column":4},"end":{"line":175,"column":39}},"97":{"start":{"line":175,"column":15},"end":{"line":175,"column":39}},"98":{"start":{"line":177,"column":4},"end":{"line":180,"column":6}},"99":{"start":{"line":178,"column":6},"end":{"line":178,"column":26}},"100":{"start":{"line":179,"column":6},"end":{"line":179,"column":32}},"101":{"start":{"line":182,"column":4},"end":{"line":195,"column":6}},"102":{"start":{"line":183,"column":6},"end":{"line":183,"column":27}},"103":{"start":{"line":184,"column":6},"end":{"line":184,"column":25}},"104":{"start":{"line":184,"column":17},"end":{"line":184,"column":25}},"105":{"start":{"line":187,"column":6},"end":{"line":194,"column":7}},"106":{"start":{"line":188,"column":8},"end":{"line":188,"column":35}},"107":{"start":{"line":189,"column":8},"end":{"line":191,"column":16}},"108":{"start":{"line":190,"column":10},"end":{"line":190,"column":53}},"109":{"start":{"line":190,"column":36},"end":{"line":190,"column":53}},"110":{"start":{"line":193,"column":8},"end":{"line":193,"column":30}},"111":{"start":{"line":197,"column":4},"end":{"line":201,"column":6}},"112":{"start":{"line":198,"column":6},"end":{"line":198,"column":81}},"113":{"start":{"line":198,"column":37},"end":{"line":198,"column":81}},"114":{"start":{"line":199,"column":6},"end":{"line":199,"column":27}},"115":{"start":{"line":200,"column":6},"end":{"line":200,"column":28}},"116":{"start":{"line":204,"column":4},"end":{"line":212,"column":5}},"117":{"start":{"line":205,"column":6},"end":{"line":209,"column":25}},"118":{"start":{"line":206,"column":18},"end":{"line":206,"column":54}},"119":{"start":{"line":207,"column":8},"end":{"line":207,"column":35}},"120":{"start":{"line":207,"column":15},"end":{"line":207,"column":35}},"121":{"start":{"line":208,"column":8},"end":{"line":208,"column":42}},"122":{"start":{"line":211,"column":6},"end":{"line":211,"column":40}},"123":{"start":{"line":215,"column":23},"end":{"line":218,"column":8}},"124":{"start":{"line":216,"column":4},"end":{"line":216,"column":31}},"125":{"start":{"line":217,"column":4},"end":{"line":217,"column":25}},"126":{"start":{"line":221,"column":26},"end":{"line":227,"column":33}},"127":{"start":{"line":222,"column":4},"end":{"line":222,"column":32}},"128":{"start":{"line":222,"column":25},"end":{"line":222,"column":30}},"129":{"start":{"line":223,"column":4},"end":{"line":226,"column":5}},"130":{"start":{"line":225,"column":6},"end":{"line":225,"column":38}},"131":{"start":{"line":229,"column":2},"end":{"line":243,"column":4}}},"fnMap":{"0":{"name":"detectLang","decl":{"start":{"line":17,"column":16},"end":{"line":17,"column":26}},"loc":{"start":{"line":17,"column":38},"end":{"line":22,"column":1}},"line":17},"1":{"name":"(anonymous_1)","decl":{"start":{"line":19,"column":31},"end":{"line":19,"column":32}},"loc":{"start":{"line":19,"column":36},"end":{"line":19,"column":51}},"line":19},"2":{"name":"getBestVoice","decl":{"start":{"line":26,"column":9},"end":{"line":26,"column":21}},"loc":{"start":{"line":26,"column":35},"end":{"line":43,"column":1}},"line":26},"3":{"name":"(anonymous_3)","decl":{"start":{"line":30,"column":35},"end":{"line":30,"column":36}},"loc":{"start":{"line":31,"column":4},"end":{"line":31,"column":55}},"line":31},"4":{"name":"(anonymous_4)","decl":{"start":{"line":34,"column":19},"end":{"line":34,"column":20}},"loc":{"start":{"line":34,"column":26},"end":{"line":39,"column":3}},"line":34},"5":{"name":"(anonymous_5)","decl":{"start":{"line":41,"column":18},"end":{"line":41,"column":19}},"loc":{"start":{"line":41,"column":28},"end":{"line":41,"column":53}},"line":41},"6":{"name":"cleanForSpeech","decl":{"start":{"line":46,"column":16},"end":{"line":46,"column":30}},"loc":{"start":{"line":46,"column":42},"end":{"line":61,"column":1}},"line":46},"7":{"name":"useVoice","decl":{"start":{"line":64,"column":24},"end":{"line":64,"column":32}},"loc":{"start":{"line":64,"column":66},"end":{"line":244,"column":1}},"line":64},"8":{"name":"(anonymous_8)","decl":{"start":{"line":76,"column":12},"end":{"line":76,"column":13}},"loc":{"start":{"line":76,"column":18},"end":{"line":121,"column":3}},"line":76},"9":{"name":"(anonymous_9)","decl":{"start":{"line":89,"column":29},"end":{"line":89,"column":30}},"loc":{"start":{"line":89,"column":36},"end":{"line":100,"column":7}},"line":89},"10":{"name":"(anonymous_10)","decl":{"start":{"line":102,"column":28},"end":{"line":102,"column":29}},"loc":{"start":{"line":102,"column":35},"end":{"line":108,"column":7}},"line":102},"11":{"name":"(anonymous_11)","decl":{"start":{"line":110,"column":26},"end":{"line":110,"column":27}},"loc":{"start":{"line":110,"column":32},"end":{"line":112,"column":7}},"line":110},"12":{"name":"(anonymous_12)","decl":{"start":{"line":117,"column":11},"end":{"line":117,"column":12}},"loc":{"start":{"line":117,"column":17},"end":{"line":120,"column":5}},"line":117},"13":{"name":"(anonymous_13)","decl":{"start":{"line":124,"column":12},"end":{"line":124,"column":13}},"loc":{"start":{"line":124,"column":18},"end":{"line":131,"column":3}},"line":124},"14":{"name":"(anonymous_14)","decl":{"start":{"line":134,"column":37},"end":{"line":134,"column":38}},"loc":{"start":{"line":134,"column":43},"end":{"line":148,"column":3}},"line":134},"15":{"name":"(anonymous_15)","decl":{"start":{"line":150,"column":36},"end":{"line":150,"column":37}},"loc":{"start":{"line":150,"column":42},"end":{"line":153,"column":3}},"line":150},"16":{"name":"(anonymous_16)","decl":{"start":{"line":155,"column":38},"end":{"line":155,"column":39}},"loc":{"start":{"line":155,"column":44},"end":{"line":158,"column":3}},"line":155},"17":{"name":"(anonymous_17)","decl":{"start":{"line":161,"column":28},"end":{"line":161,"column":29}},"loc":{"start":{"line":161,"column":54},"end":{"line":213,"column":3}},"line":161},"18":{"name":"(anonymous_18)","decl":{"start":{"line":177,"column":24},"end":{"line":177,"column":25}},"loc":{"start":{"line":177,"column":30},"end":{"line":180,"column":5}},"line":177},"19":{"name":"(anonymous_19)","decl":{"start":{"line":182,"column":22},"end":{"line":182,"column":23}},"loc":{"start":{"line":182,"column":28},"end":{"line":195,"column":5}},"line":182},"20":{"name":"(anonymous_20)","decl":{"start":{"line":189,"column":19},"end":{"line":189,"column":20}},"loc":{"start":{"line":189,"column":25},"end":{"line":191,"column":9}},"line":189},"21":{"name":"(anonymous_21)","decl":{"start":{"line":197,"column":24},"end":{"line":197,"column":25}},"loc":{"start":{"line":197,"column":31},"end":{"line":201,"column":5}},"line":197},"22":{"name":"(anonymous_22)","decl":{"start":{"line":205,"column":63},"end":{"line":205,"column":64}},"loc":{"start":{"line":205,"column":69},"end":{"line":209,"column":7}},"line":205},"23":{"name":"(anonymous_23)","decl":{"start":{"line":215,"column":35},"end":{"line":215,"column":36}},"loc":{"start":{"line":215,"column":41},"end":{"line":218,"column":3}},"line":215},"24":{"name":"(anonymous_24)","decl":{"start":{"line":221,"column":38},"end":{"line":221,"column":39}},"loc":{"start":{"line":221,"column":44},"end":{"line":227,"column":3}},"line":221},"25":{"name":"(anonymous_25)","decl":{"start":{"line":222,"column":17},"end":{"line":222,"column":18}},"loc":{"start":{"line":222,"column":25},"end":{"line":222,"column":30}},"line":222}},"branchMap":{"0":{"loc":{"start":{"line":17,"column":27},"end":{"line":17,"column":36}},"type":"default-arg","locations":[{"start":{"line":17,"column":34},"end":{"line":17,"column":36}}],"line":17},"1":{"loc":{"start":{"line":21,"column":9},"end":{"line":21,"column":41}},"type":"cond-expr","locations":[{"start":{"line":21,"column":24},"end":{"line":21,"column":31}},{"start":{"line":21,"column":34},"end":{"line":21,"column":41}}],"line":21},"2":{"loc":{"start":{"line":31,"column":4},"end":{"line":31,"column":55}},"type":"binary-expr","locations":[{"start":{"line":31,"column":4},"end":{"line":31,"column":19}},{"start":{"line":31,"column":23},"end":{"line":31,"column":55}}],"line":31},"3":{"loc":{"start":{"line":35,"column":4},"end":{"line":35,"column":58}},"type":"if","locations":[{"start":{"line":35,"column":4},"end":{"line":35,"column":58}},{"start":{},"end":{}}],"line":35},"4":{"loc":{"start":{"line":36,"column":4},"end":{"line":36,"column":61}},"type":"if","locations":[{"start":{"line":36,"column":4},"end":{"line":36,"column":61}},{"start":{},"end":{}}],"line":36},"5":{"loc":{"start":{"line":37,"column":4},"end":{"line":37,"column":34}},"type":"if","locations":[{"start":{"line":37,"column":4},"end":{"line":37,"column":34}},{"start":{},"end":{}}],"line":37},"6":{"loc":{"start":{"line":42,"column":9},"end":{"line":42,"column":30}},"type":"binary-expr","locations":[{"start":{"line":42,"column":9},"end":{"line":42,"column":22}},{"start":{"line":42,"column":26},"end":{"line":42,"column":30}}],"line":42},"7":{"loc":{"start":{"line":46,"column":31},"end":{"line":46,"column":40}},"type":"default-arg","locations":[{"start":{"line":46,"column":38},"end":{"line":46,"column":40}}],"line":46},"8":{"loc":{"start":{"line":77,"column":30},"end":{"line":77,"column":88}},"type":"binary-expr","locations":[{"start":{"line":77,"column":30},"end":{"line":77,"column":54}},{"start":{"line":77,"column":58},"end":{"line":77,"column":88}}],"line":77},"9":{"loc":{"start":{"line":80,"column":4},"end":{"line":115,"column":5}},"type":"if","locations":[{"start":{"line":80,"column":4},"end":{"line":115,"column":5}},{"start":{},"end":{}}],"line":80},"10":{"loc":{"start":{"line":80,"column":8},"end":{"line":80,"column":37}},"type":"binary-expr","locations":[{"start":{"line":80,"column":8},"end":{"line":80,"column":25}},{"start":{"line":80,"column":29},"end":{"line":80,"column":37}}],"line":80},"11":{"loc":{"start":{"line":91,"column":8},"end":{"line":91,"column":32}},"type":"if","locations":[{"start":{"line":91,"column":8},"end":{"line":91,"column":32}},{"start":{},"end":{}}],"line":91},"12":{"loc":{"start":{"line":93,"column":8},"end":{"line":93,"column":51}},"type":"if","locations":[{"start":{"line":93,"column":8},"end":{"line":93,"column":51}},{"start":{},"end":{}}],"line":93},"13":{"loc":{"start":{"line":96,"column":8},"end":{"line":99,"column":9}},"type":"if","locations":[{"start":{"line":96,"column":8},"end":{"line":99,"column":9}},{"start":{},"end":{}}],"line":96},"14":{"loc":{"start":{"line":96,"column":12},"end":{"line":96,"column":49}},"type":"binary-expr","locations":[{"start":{"line":96,"column":12},"end":{"line":96,"column":32}},{"start":{"line":96,"column":36},"end":{"line":96,"column":49}}],"line":96},"15":{"loc":{"start":{"line":103,"column":8},"end":{"line":105,"column":9}},"type":"if","locations":[{"start":{"line":103,"column":8},"end":{"line":105,"column":9}},{"start":{},"end":{}}],"line":103},"16":{"loc":{"start":{"line":103,"column":12},"end":{"line":103,"column":60}},"type":"binary-expr","locations":[{"start":{"line":103,"column":12},"end":{"line":103,"column":35}},{"start":{"line":103,"column":39},"end":{"line":103,"column":60}}],"line":103},"17":{"loc":{"start":{"line":107,"column":8},"end":{"line":107,"column":56}},"type":"if","locations":[{"start":{"line":107,"column":8},"end":{"line":107,"column":56}},{"start":{},"end":{}}],"line":107},"18":{"loc":{"start":{"line":126,"column":4},"end":{"line":130,"column":5}},"type":"if","locations":[{"start":{"line":126,"column":4},"end":{"line":130,"column":5}},{"start":{},"end":{}}],"line":126},"19":{"loc":{"start":{"line":135,"column":4},"end":{"line":135,"column":55}},"type":"if","locations":[{"start":{"line":135,"column":4},"end":{"line":135,"column":55}},{"start":{},"end":{}}],"line":135},"20":{"loc":{"start":{"line":135,"column":8},"end":{"line":135,"column":46}},"type":"binary-expr","locations":[{"start":{"line":135,"column":8},"end":{"line":135,"column":31}},{"start":{"line":135,"column":35},"end":{"line":135,"column":46}}],"line":135},"21":{"loc":{"start":{"line":156,"column":4},"end":{"line":157,"column":26}},"type":"if","locations":[{"start":{"line":156,"column":4},"end":{"line":157,"column":26}},{"start":{"line":157,"column":9},"end":{"line":157,"column":26}}],"line":156},"22":{"loc":{"start":{"line":161,"column":35},"end":{"line":161,"column":49}},"type":"default-arg","locations":[{"start":{"line":161,"column":47},"end":{"line":161,"column":49}}],"line":161},"23":{"loc":{"start":{"line":162,"column":4},"end":{"line":162,"column":43}},"type":"if","locations":[{"start":{"line":162,"column":4},"end":{"line":162,"column":43}},{"start":{},"end":{}}],"line":162},"24":{"loc":{"start":{"line":162,"column":8},"end":{"line":162,"column":34}},"type":"binary-expr","locations":[{"start":{"line":162,"column":8},"end":{"line":162,"column":25}},{"start":{"line":162,"column":29},"end":{"line":162,"column":34}}],"line":162},"25":{"loc":{"start":{"line":175,"column":4},"end":{"line":175,"column":39}},"type":"if","locations":[{"start":{"line":175,"column":4},"end":{"line":175,"column":39}},{"start":{},"end":{}}],"line":175},"26":{"loc":{"start":{"line":184,"column":6},"end":{"line":184,"column":25}},"type":"if","locations":[{"start":{"line":184,"column":6},"end":{"line":184,"column":25}},{"start":{},"end":{}}],"line":184},"27":{"loc":{"start":{"line":187,"column":6},"end":{"line":194,"column":7}},"type":"if","locations":[{"start":{"line":187,"column":6},"end":{"line":194,"column":7}},{"start":{"line":192,"column":13},"end":{"line":194,"column":7}}],"line":187},"28":{"loc":{"start":{"line":190,"column":10},"end":{"line":190,"column":53}},"type":"if","locations":[{"start":{"line":190,"column":10},"end":{"line":190,"column":53}},{"start":{},"end":{}}],"line":190},"29":{"loc":{"start":{"line":198,"column":6},"end":{"line":198,"column":81}},"type":"if","locations":[{"start":{"line":198,"column":6},"end":{"line":198,"column":81}},{"start":{},"end":{}}],"line":198},"30":{"loc":{"start":{"line":204,"column":4},"end":{"line":212,"column":5}},"type":"if","locations":[{"start":{"line":204,"column":4},"end":{"line":212,"column":5}},{"start":{"line":210,"column":11},"end":{"line":212,"column":5}}],"line":204},"31":{"loc":{"start":{"line":207,"column":8},"end":{"line":207,"column":35}},"type":"if","locations":[{"start":{"line":207,"column":8},"end":{"line":207,"column":35}},{"start":{},"end":{}}],"line":207},"32":{"loc":{"start":{"line":223,"column":4},"end":{"line":226,"column":5}},"type":"if","locations":[{"start":{"line":223,"column":4},"end":{"line":226,"column":5}},{"start":{},"end":{}}],"line":223}},"s":{"0":0,"1":0,"2":0,"3":0,"4":0,"5":0,"6":0,"7":0,"8":0,"9":0,"10":0,"11":0,"12":0,"13":0,"14":0,"15":0,"16":0,"17":0,"18":0,"19":0,"20":0,"21":0,"22":0,"23":0,"24":0,"25":0,"26":0,"27":0,"28":0,"29":0,"30":0,"31":0,"32":0,"33":0,"34":0,"35":0,"36":0,"37":0,"38":0,"39":0,"40":0,"41":0,"42":0,"43":0,"44":0,"45":0,"46":0,"47":0,"48":0,"49":0,"50":0,"51":0,"52":0,"53":0,"54":0,"55":0,"56":0,"57":0,"58":0,"59":0,"60":0,"61":0,"62":0,"63":0,"64":0,"65":0,"66":0,"67":0,"68":0,"69":0,"70":0,"71":0,"72":0,"73":0,"74":0,"75":0,"76":0,"77":0,"78":0,"79":0,"80":0,"81":0,"82":0,"83":0,"84":0,"85":0,"86":0,"87":0,"88":0,"89":0,"90":0,"91":0,"92":0,"93":0,"94":0,"95":0,"96":0,"97":0,"98":0,"99":0,"100":0,"101":0,"102":0,"103":0,"104":0,"105":0,"106":0,"107":0,"108":0,"109":0,"110":0,"111":0,"112":0,"113":0,"114":0,"115":0,"116":0,"117":0,"118":0,"119":0,"120":0,"121":0,"122":0,"123":0,"124":0,"125":0,"126":0,"127":0,"128":0,"129":0,"130":0,"131":0},"f":{"0":0,"1":0,"2":0,"3":0,"4":0,"5":0,"6":0,"7":0,"8":0,"9":0,"10":0,"11":0,"12":0,"13":0,"14":0,"15":0,"16":0,"17":0,"18":0,"19":0,"20":0,"21":0,"22":0,"23":0,"24":0,"25":0},"b":{"0":[0],"1":[0,0],"2":[0,0],"3":[0,0],"4":[0,0],"5":[0,0],"6":[0,0],"7":[0],"8":[0,0],"9":[0,0],"10":[0,0],"11":[0,0],"12":[0,0],"13":[0,0],"14":[0,0],"15":[0,0],"16":[0,0],"17":[0,0],"18":[0,0],"19":[0,0],"20":[0,0],"21":[0,0],"22":[0],"23":[0,0],"24":[0,0],"25":[0,0],"26":[0,0],"27":[0,0],"28":[0,0],"29":[0,0],"30":[0,0],"31":[0,0],"32":[0,0]}}
}
