TN:
SF:src\App.jsx
FN:32,(anonymous_0)
FN:38,(anonymous_1)
FN:46,(anonymous_2)
FN:57,(anonymous_3)
FN:86,App
FN:91,(anonymous_5)
FN:95,(anonymous_6)
FN:117,(anonymous_7)
FN:122,(anonymous_8)
FN:170,(anonymous_9)
FNF:10
FNH:0
FNDA:0,(anonymous_0)
FNDA:0,(anonymous_1)
FNDA:0,(anonymous_2)
FNDA:0,(anonymous_3)
FNDA:0,App
FNDA:0,(anonymous_5)
FNDA:0,(anonymous_6)
FNDA:0,(anonymous_7)
FNDA:0,(anonymous_8)
FNDA:0,(anonymous_9)
DA:10,0
DA:11,0
DA:12,0
DA:13,0
DA:19,0
DA:22,0
DA:27,0
DA:28,0
DA:31,0
DA:33,0
DA:34,0
DA:35,0
DA:36,0
DA:39,0
DA:40,0
DA:45,0
DA:47,0
DA:49,0
DA:50,0
DA:51,0
DA:53,0
DA:55,0
DA:58,0
DA:61,0
DA:62,0
DA:63,0
DA:64,0
DA:65,0
DA:66,0
DA:67,0
DA:69,0
DA:73,0
DA:74,0
DA:75,0
DA:76,0
DA:77,0
DA:78,0
DA:79,0
DA:82,0
DA:87,0
DA:88,0
DA:89,0
DA:91,0
DA:92,0
DA:95,0
DA:96,0
DA:97,0
DA:98,0
DA:100,0
DA:101,0
DA:102,0
DA:104,0
DA:107,0
DA:108,0
DA:109,0
DA:112,0
DA:117,0
DA:118,0
DA:119,0
DA:122,0
DA:123,0
DA:124,0
DA:125,0
DA:126,0
DA:129,0
DA:130,0
DA:132,0
DA:134,0
DA:138,0
DA:139,0
DA:150,0
DA:170,0
LF:72
LH:0
BRDA:22,0,0,0
BRDA:22,0,1,0
BRDA:50,1,0,0
BRDA:50,1,1,0
BRDA:61,2,0,0
BRDA:61,2,1,0
BRDA:65,3,0,0
BRDA:65,3,1,0
BRDA:74,4,0,0
BRDA:74,4,1,0
BRDA:98,5,0,0
BRDA:98,5,1,0
BRDA:107,6,0,0
BRDA:107,6,1,0
BRDA:138,7,0,0
BRDA:138,7,1,0
BRDA:156,8,0,0
BRDA:156,8,1,0
BRDA:174,9,0,0
BRDA:174,9,1,0
BRDA:174,9,2,0
BRF:21
BRH:0
end_of_record
TN:
SF:src\index.js
FNF:0
FNH:0
DA:11,0
DA:13,0
DA:14,0
LF:3
LH:0
BRF:0
BRH:0
end_of_record
TN:
SF:src\components\AdminDashboard.jsx
FN:114,(anonymous_0)
FN:115,(anonymous_1)
FN:158,groupModelsByTier
FN:161,(anonymous_3)
FN:162,(anonymous_4)
FN:162,(anonymous_5)
FN:168,ApiKeyWidget
FN:175,(anonymous_7)
FN:177,(anonymous_8)
FN:179,(anonymous_9)
FN:182,(anonymous_10)
FN:194,(anonymous_11)
FN:208,(anonymous_12)
FN:210,(anonymous_13)
FN:210,(anonymous_14)
FN:213,(anonymous_15)
FN:315,TokenPanel
FN:349,DetailPanel
FN:362,(anonymous_18)
FN:366,(anonymous_19)
FN:386,(anonymous_20)
FN:400,(anonymous_21)
FN:411,(anonymous_22)
FN:415,(anonymous_23)
FN:427,SyntaxCode
FN:429,(anonymous_25)
FN:432,(anonymous_26)
FN:457,GatewayTab
FN:466,(anonymous_28)
FN:471,(anonymous_29)
FN:474,(anonymous_30)
FN:478,(anonymous_31)
FN:480,(anonymous_32)
FN:481,(anonymous_33)
FN:481,(anonymous_34)
FN:484,(anonymous_35)
FN:600,(anonymous_36)
FN:602,(anonymous_37)
FN:626,(anonymous_38)
FN:632,(anonymous_39)
FN:655,(anonymous_40)
FN:687,(anonymous_41)
FN:687,(anonymous_42)
FN:689,(anonymous_43)
FN:720,(anonymous_44)
FN:721,(anonymous_45)
FN:752,(anonymous_46)
FN:752,(anonymous_47)
FN:754,(anonymous_48)
FN:760,(anonymous_49)
FN:761,(anonymous_50)
FN:813,AdminDashboard
FN:873,(anonymous_52)
FN:874,(anonymous_53)
FN:875,(anonymous_54)
FN:876,(anonymous_55)
FN:878,(anonymous_56)
FN:879,(anonymous_57)
FN:880,(anonymous_58)
FN:881,(anonymous_59)
FN:898,(anonymous_60)
FN:903,(anonymous_61)
FN:917,(anonymous_62)
FN:920,(anonymous_63)
FN:921,(anonymous_64)
FN:922,(anonymous_65)
FN:929,(anonymous_66)
FN:930,(anonymous_67)
FN:936,(anonymous_68)
FN:955,(anonymous_69)
FN:961,(anonymous_70)
FN:1039,(anonymous_71)
FN:1045,(anonymous_72)
FN:1054,(anonymous_73)
FN:1059,(anonymous_74)
FN:1069,(anonymous_75)
FN:1085,(anonymous_76)
FN:1092,(anonymous_77)
FN:1096,(anonymous_78)
FN:1103,(anonymous_79)
FN:1105,(anonymous_80)
FN:1105,(anonymous_81)
FN:1109,(anonymous_82)
FN:1110,(anonymous_83)
FN:1110,(anonymous_84)
FN:1111,(anonymous_85)
FN:1114,(anonymous_86)
FN:1115,(anonymous_87)
FN:1116,(anonymous_88)
FN:1116,(anonymous_89)
FN:1119,(anonymous_90)
FN:1121,(anonymous_91)
FN:1124,(anonymous_92)
FN:1132,(anonymous_93)
FN:1132,(anonymous_94)
FN:1133,(anonymous_95)
FN:1136,(anonymous_96)
FN:1149,(anonymous_97)
FN:1150,(anonymous_98)
FN:1154,(anonymous_99)
FN:1155,(anonymous_100)
FN:1162,(anonymous_101)
FN:1180,(anonymous_102)
FN:1192,(anonymous_103)
FN:1207,(anonymous_104)
FN:1207,(anonymous_105)
FN:1208,(anonymous_106)
FN:1232,(anonymous_107)
FN:1287,(anonymous_108)
FN:1319,(anonymous_109)
FN:1336,(anonymous_110)
FN:1341,(anonymous_111)
FN:1351,(anonymous_112)
FN:1355,(anonymous_113)
FN:1359,(anonymous_114)
FN:1368,(anonymous_115)
FN:1368,(anonymous_116)
FN:1382,(anonymous_117)
FN:1402,(anonymous_118)
FN:1420,(anonymous_119)
FN:1442,(anonymous_120)
FN:1464,(anonymous_121)
FN:1483,(anonymous_122)
FN:1491,(anonymous_123)
FN:1495,(anonymous_124)
FN:1501,(anonymous_125)
FN:1513,(anonymous_126)
FN:1522,(anonymous_127)
FN:1562,(anonymous_128)
FN:1580,(anonymous_129)
FN:1580,(anonymous_130)
FN:1581,(anonymous_131)
FN:1581,(anonymous_132)
FN:1599,(anonymous_133)
FN:1604,(anonymous_134)
FN:1616,(anonymous_135)
FN:1645,(anonymous_136)
FN:1676,(anonymous_137)
FN:1724,(anonymous_138)
FN:1756,(anonymous_139)
FN:1757,(anonymous_140)
FN:1809,(anonymous_141)
FN:1825,(anonymous_142)
FN:1827,(anonymous_143)
FN:1832,(anonymous_144)
FN:1832,(anonymous_145)
FN:1836,(anonymous_146)
FN:1840,(anonymous_147)
FN:1851,(anonymous_148)
FN:1853,(anonymous_149)
FN:1854,(anonymous_150)
FN:1890,(anonymous_151)
FN:1898,(anonymous_152)
FN:1953,(anonymous_153)
FN:1953,(anonymous_154)
FN:1954,(anonymous_155)
FN:1954,(anonymous_156)
FN:1975,(anonymous_157)
FN:1987,(anonymous_158)
FN:1988,(anonymous_159)
FN:2001,(anonymous_160)
FN:2009,(anonymous_161)
FN:2016,(anonymous_162)
FN:2020,(anonymous_163)
FN:2026,(anonymous_164)
FN:2030,(anonymous_165)
FN:2031,(anonymous_166)
FN:2037,(anonymous_167)
FN:2046,(anonymous_168)
FN:2048,(anonymous_169)
FN:2049,(anonymous_170)
FN:2069,(anonymous_171)
FN:2070,(anonymous_172)
FN:2070,(anonymous_173)
FN:2072,(anonymous_174)
FN:2112,(anonymous_175)
FN:2112,(anonymous_176)
FN:2120,(anonymous_177)
FN:2124,(anonymous_178)
FN:2124,(anonymous_179)
FN:2132,(anonymous_180)
FN:2134,(anonymous_181)
FN:2134,(anonymous_182)
FN:2153,(anonymous_183)
FN:2153,(anonymous_184)
FN:2165,(anonymous_185)
FN:2167,(anonymous_186)
FN:2167,(anonymous_187)
FN:2188,(anonymous_188)
FN:2188,(anonymous_189)
FN:2210,(anonymous_190)
FN:2217,(anonymous_191)
FN:2218,(anonymous_192)
FN:2218,(anonymous_193)
FN:2251,(anonymous_194)
FN:2251,(anonymous_195)
FN:2269,(anonymous_196)
FN:2272,(anonymous_197)
FN:2272,(anonymous_198)
FN:2274,(anonymous_199)
FN:2274,(anonymous_200)
FN:2301,(anonymous_201)
FN:2301,(anonymous_202)
FN:2337,(anonymous_203)
FN:2337,(anonymous_204)
FN:2351,(anonymous_205)
FN:2351,(anonymous_206)
FN:2357,(anonymous_207)
FN:2357,(anonymous_208)
FN:2383,(anonymous_209)
FN:2396,(anonymous_210)
FN:2399,(anonymous_211)
FN:2399,(anonymous_212)
FN:2428,(anonymous_213)
FN:2441,(anonymous_214)
FN:2453,(anonymous_215)
FN:2461,(anonymous_216)
FN:2470,(anonymous_217)
FN:2471,(anonymous_218)
FN:2489,(anonymous_219)
FN:2524,(anonymous_220)
FN:2547,(anonymous_221)
FN:2580,(anonymous_222)
FN:2582,(anonymous_223)
FN:2582,(anonymous_224)
FN:2590,(anonymous_225)
FN:2591,(anonymous_226)
FN:2593,(anonymous_227)
FN:2594,(anonymous_228)
FN:2594,(anonymous_229)
FN:2595,(anonymous_230)
FN:2595,(anonymous_231)
FN:2597,(anonymous_232)
FN:2598,(anonymous_233)
FN:2598,(anonymous_234)
FN:2599,(anonymous_235)
FN:2599,(anonymous_236)
FN:2611,(anonymous_237)
FN:2624,(anonymous_238)
FN:2630,(anonymous_239)
FN:2635,(anonymous_240)
FN:2647,(anonymous_241)
FN:2661,(anonymous_242)
FN:2667,(anonymous_243)
FN:2688,(anonymous_244)
FN:2694,(anonymous_245)
FN:2699,(anonymous_246)
FN:2704,(anonymous_247)
FN:2714,(anonymous_248)
FN:2719,(anonymous_249)
FN:2722,(anonymous_250)
FN:2748,(anonymous_251)
FN:2754,(anonymous_252)
FN:2759,(anonymous_253)
FN:2769,(anonymous_254)
FN:2772,(anonymous_255)
FN:2779,(anonymous_256)
FN:2788,(anonymous_257)
FN:2792,(anonymous_258)
FN:2794,(anonymous_259)
FN:2799,(anonymous_260)
FN:2799,(anonymous_261)
FN:2811,(anonymous_262)
FN:2816,(anonymous_263)
FN:2821,(anonymous_264)
FN:2829,(anonymous_265)
FN:2839,(anonymous_266)
FN:2839,(anonymous_267)
FN:2843,(anonymous_268)
FN:2846,(anonymous_269)
FN:2878,(anonymous_270)
FN:2883,(anonymous_271)
FN:2885,(anonymous_272)
FN:2887,(anonymous_273)
FN:2889,(anonymous_274)
FN:2891,(anonymous_275)
FN:2892,(anonymous_276)
FN:2901,(anonymous_277)
FN:2902,(anonymous_278)
FN:2903,(anonymous_279)
FN:2904,(anonymous_280)
FN:2916,(anonymous_281)
FN:2916,(anonymous_282)
FN:2928,(anonymous_283)
FN:2928,(anonymous_284)
FN:2949,(anonymous_285)
FN:2955,(anonymous_286)
FN:2959,(anonymous_287)
FN:2961,(anonymous_288)
FN:2986,(anonymous_289)
FN:2993,(anonymous_290)
FN:2993,(anonymous_291)
FN:3000,(anonymous_292)
FN:3003,(anonymous_293)
FN:3003,(anonymous_294)
FN:3012,(anonymous_295)
FN:3018,(anonymous_296)
FN:3018,(anonymous_297)
FN:3032,(anonymous_298)
FN:3032,(anonymous_299)
FN:3035,(anonymous_300)
FN:3040,(anonymous_301)
FN:3040,(anonymous_302)
FN:3048,(anonymous_303)
FN:3048,(anonymous_304)
FN:3080,(anonymous_305)
FN:3087,(anonymous_306)
FN:3103,(anonymous_307)
FN:3108,(anonymous_308)
FN:3109,(anonymous_309)
FN:3112,(anonymous_310)
FN:3117,(anonymous_311)
FN:3124,(anonymous_312)
FN:3126,(anonymous_313)
FN:3134,(anonymous_314)
FN:3146,(anonymous_315)
FN:3147,(anonymous_316)
FNF:317
FNH:0
FNDA:0,(anonymous_0)
FNDA:0,(anonymous_1)
FNDA:0,groupModelsByTier
FNDA:0,(anonymous_3)
FNDA:0,(anonymous_4)
FNDA:0,(anonymous_5)
FNDA:0,ApiKeyWidget
FNDA:0,(anonymous_7)
FNDA:0,(anonymous_8)
FNDA:0,(anonymous_9)
FNDA:0,(anonymous_10)
FNDA:0,(anonymous_11)
FNDA:0,(anonymous_12)
FNDA:0,(anonymous_13)
FNDA:0,(anonymous_14)
FNDA:0,(anonymous_15)
FNDA:0,TokenPanel
FNDA:0,DetailPanel
FNDA:0,(anonymous_18)
FNDA:0,(anonymous_19)
FNDA:0,(anonymous_20)
FNDA:0,(anonymous_21)
FNDA:0,(anonymous_22)
FNDA:0,(anonymous_23)
FNDA:0,SyntaxCode
FNDA:0,(anonymous_25)
FNDA:0,(anonymous_26)
FNDA:0,GatewayTab
FNDA:0,(anonymous_28)
FNDA:0,(anonymous_29)
FNDA:0,(anonymous_30)
FNDA:0,(anonymous_31)
FNDA:0,(anonymous_32)
FNDA:0,(anonymous_33)
FNDA:0,(anonymous_34)
FNDA:0,(anonymous_35)
FNDA:0,(anonymous_36)
FNDA:0,(anonymous_37)
FNDA:0,(anonymous_38)
FNDA:0,(anonymous_39)
FNDA:0,(anonymous_40)
FNDA:0,(anonymous_41)
FNDA:0,(anonymous_42)
FNDA:0,(anonymous_43)
FNDA:0,(anonymous_44)
FNDA:0,(anonymous_45)
FNDA:0,(anonymous_46)
FNDA:0,(anonymous_47)
FNDA:0,(anonymous_48)
FNDA:0,(anonymous_49)
FNDA:0,(anonymous_50)
FNDA:0,AdminDashboard
FNDA:0,(anonymous_52)
FNDA:0,(anonymous_53)
FNDA:0,(anonymous_54)
FNDA:0,(anonymous_55)
FNDA:0,(anonymous_56)
FNDA:0,(anonymous_57)
FNDA:0,(anonymous_58)
FNDA:0,(anonymous_59)
FNDA:0,(anonymous_60)
FNDA:0,(anonymous_61)
FNDA:0,(anonymous_62)
FNDA:0,(anonymous_63)
FNDA:0,(anonymous_64)
FNDA:0,(anonymous_65)
FNDA:0,(anonymous_66)
FNDA:0,(anonymous_67)
FNDA:0,(anonymous_68)
FNDA:0,(anonymous_69)
FNDA:0,(anonymous_70)
FNDA:0,(anonymous_71)
FNDA:0,(anonymous_72)
FNDA:0,(anonymous_73)
FNDA:0,(anonymous_74)
FNDA:0,(anonymous_75)
FNDA:0,(anonymous_76)
FNDA:0,(anonymous_77)
FNDA:0,(anonymous_78)
FNDA:0,(anonymous_79)
FNDA:0,(anonymous_80)
FNDA:0,(anonymous_81)
FNDA:0,(anonymous_82)
FNDA:0,(anonymous_83)
FNDA:0,(anonymous_84)
FNDA:0,(anonymous_85)
FNDA:0,(anonymous_86)
FNDA:0,(anonymous_87)
FNDA:0,(anonymous_88)
FNDA:0,(anonymous_89)
FNDA:0,(anonymous_90)
FNDA:0,(anonymous_91)
FNDA:0,(anonymous_92)
FNDA:0,(anonymous_93)
FNDA:0,(anonymous_94)
FNDA:0,(anonymous_95)
FNDA:0,(anonymous_96)
FNDA:0,(anonymous_97)
FNDA:0,(anonymous_98)
FNDA:0,(anonymous_99)
FNDA:0,(anonymous_100)
FNDA:0,(anonymous_101)
FNDA:0,(anonymous_102)
FNDA:0,(anonymous_103)
FNDA:0,(anonymous_104)
FNDA:0,(anonymous_105)
FNDA:0,(anonymous_106)
FNDA:0,(anonymous_107)
FNDA:0,(anonymous_108)
FNDA:0,(anonymous_109)
FNDA:0,(anonymous_110)
FNDA:0,(anonymous_111)
FNDA:0,(anonymous_112)
FNDA:0,(anonymous_113)
FNDA:0,(anonymous_114)
FNDA:0,(anonymous_115)
FNDA:0,(anonymous_116)
FNDA:0,(anonymous_117)
FNDA:0,(anonymous_118)
FNDA:0,(anonymous_119)
FNDA:0,(anonymous_120)
FNDA:0,(anonymous_121)
FNDA:0,(anonymous_122)
FNDA:0,(anonymous_123)
FNDA:0,(anonymous_124)
FNDA:0,(anonymous_125)
FNDA:0,(anonymous_126)
FNDA:0,(anonymous_127)
FNDA:0,(anonymous_128)
FNDA:0,(anonymous_129)
FNDA:0,(anonymous_130)
FNDA:0,(anonymous_131)
FNDA:0,(anonymous_132)
FNDA:0,(anonymous_133)
FNDA:0,(anonymous_134)
FNDA:0,(anonymous_135)
FNDA:0,(anonymous_136)
FNDA:0,(anonymous_137)
FNDA:0,(anonymous_138)
FNDA:0,(anonymous_139)
FNDA:0,(anonymous_140)
FNDA:0,(anonymous_141)
FNDA:0,(anonymous_142)
FNDA:0,(anonymous_143)
FNDA:0,(anonymous_144)
FNDA:0,(anonymous_145)
FNDA:0,(anonymous_146)
FNDA:0,(anonymous_147)
FNDA:0,(anonymous_148)
FNDA:0,(anonymous_149)
FNDA:0,(anonymous_150)
FNDA:0,(anonymous_151)
FNDA:0,(anonymous_152)
FNDA:0,(anonymous_153)
FNDA:0,(anonymous_154)
FNDA:0,(anonymous_155)
FNDA:0,(anonymous_156)
FNDA:0,(anonymous_157)
FNDA:0,(anonymous_158)
FNDA:0,(anonymous_159)
FNDA:0,(anonymous_160)
FNDA:0,(anonymous_161)
FNDA:0,(anonymous_162)
FNDA:0,(anonymous_163)
FNDA:0,(anonymous_164)
FNDA:0,(anonymous_165)
FNDA:0,(anonymous_166)
FNDA:0,(anonymous_167)
FNDA:0,(anonymous_168)
FNDA:0,(anonymous_169)
FNDA:0,(anonymous_170)
FNDA:0,(anonymous_171)
FNDA:0,(anonymous_172)
FNDA:0,(anonymous_173)
FNDA:0,(anonymous_174)
FNDA:0,(anonymous_175)
FNDA:0,(anonymous_176)
FNDA:0,(anonymous_177)
FNDA:0,(anonymous_178)
FNDA:0,(anonymous_179)
FNDA:0,(anonymous_180)
FNDA:0,(anonymous_181)
FNDA:0,(anonymous_182)
FNDA:0,(anonymous_183)
FNDA:0,(anonymous_184)
FNDA:0,(anonymous_185)
FNDA:0,(anonymous_186)
FNDA:0,(anonymous_187)
FNDA:0,(anonymous_188)
FNDA:0,(anonymous_189)
FNDA:0,(anonymous_190)
FNDA:0,(anonymous_191)
FNDA:0,(anonymous_192)
FNDA:0,(anonymous_193)
FNDA:0,(anonymous_194)
FNDA:0,(anonymous_195)
FNDA:0,(anonymous_196)
FNDA:0,(anonymous_197)
FNDA:0,(anonymous_198)
FNDA:0,(anonymous_199)
FNDA:0,(anonymous_200)
FNDA:0,(anonymous_201)
FNDA:0,(anonymous_202)
FNDA:0,(anonymous_203)
FNDA:0,(anonymous_204)
FNDA:0,(anonymous_205)
FNDA:0,(anonymous_206)
FNDA:0,(anonymous_207)
FNDA:0,(anonymous_208)
FNDA:0,(anonymous_209)
FNDA:0,(anonymous_210)
FNDA:0,(anonymous_211)
FNDA:0,(anonymous_212)
FNDA:0,(anonymous_213)
FNDA:0,(anonymous_214)
FNDA:0,(anonymous_215)
FNDA:0,(anonymous_216)
FNDA:0,(anonymous_217)
FNDA:0,(anonymous_218)
FNDA:0,(anonymous_219)
FNDA:0,(anonymous_220)
FNDA:0,(anonymous_221)
FNDA:0,(anonymous_222)
FNDA:0,(anonymous_223)
FNDA:0,(anonymous_224)
FNDA:0,(anonymous_225)
FNDA:0,(anonymous_226)
FNDA:0,(anonymous_227)
FNDA:0,(anonymous_228)
FNDA:0,(anonymous_229)
FNDA:0,(anonymous_230)
FNDA:0,(anonymous_231)
FNDA:0,(anonymous_232)
FNDA:0,(anonymous_233)
FNDA:0,(anonymous_234)
FNDA:0,(anonymous_235)
FNDA:0,(anonymous_236)
FNDA:0,(anonymous_237)
FNDA:0,(anonymous_238)
FNDA:0,(anonymous_239)
FNDA:0,(anonymous_240)
FNDA:0,(anonymous_241)
FNDA:0,(anonymous_242)
FNDA:0,(anonymous_243)
FNDA:0,(anonymous_244)
FNDA:0,(anonymous_245)
FNDA:0,(anonymous_246)
FNDA:0,(anonymous_247)
FNDA:0,(anonymous_248)
FNDA:0,(anonymous_249)
FNDA:0,(anonymous_250)
FNDA:0,(anonymous_251)
FNDA:0,(anonymous_252)
FNDA:0,(anonymous_253)
FNDA:0,(anonymous_254)
FNDA:0,(anonymous_255)
FNDA:0,(anonymous_256)
FNDA:0,(anonymous_257)
FNDA:0,(anonymous_258)
FNDA:0,(anonymous_259)
FNDA:0,(anonymous_260)
FNDA:0,(anonymous_261)
FNDA:0,(anonymous_262)
FNDA:0,(anonymous_263)
FNDA:0,(anonymous_264)
FNDA:0,(anonymous_265)
FNDA:0,(anonymous_266)
FNDA:0,(anonymous_267)
FNDA:0,(anonymous_268)
FNDA:0,(anonymous_269)
FNDA:0,(anonymous_270)
FNDA:0,(anonymous_271)
FNDA:0,(anonymous_272)
FNDA:0,(anonymous_273)
FNDA:0,(anonymous_274)
FNDA:0,(anonymous_275)
FNDA:0,(anonymous_276)
FNDA:0,(anonymous_277)
FNDA:0,(anonymous_278)
FNDA:0,(anonymous_279)
FNDA:0,(anonymous_280)
FNDA:0,(anonymous_281)
FNDA:0,(anonymous_282)
FNDA:0,(anonymous_283)
FNDA:0,(anonymous_284)
FNDA:0,(anonymous_285)
FNDA:0,(anonymous_286)
FNDA:0,(anonymous_287)
FNDA:0,(anonymous_288)
FNDA:0,(anonymous_289)
FNDA:0,(anonymous_290)
FNDA:0,(anonymous_291)
FNDA:0,(anonymous_292)
FNDA:0,(anonymous_293)
FNDA:0,(anonymous_294)
FNDA:0,(anonymous_295)
FNDA:0,(anonymous_296)
FNDA:0,(anonymous_297)
FNDA:0,(anonymous_298)
FNDA:0,(anonymous_299)
FNDA:0,(anonymous_300)
FNDA:0,(anonymous_301)
FNDA:0,(anonymous_302)
FNDA:0,(anonymous_303)
FNDA:0,(anonymous_304)
FNDA:0,(anonymous_305)
FNDA:0,(anonymous_306)
FNDA:0,(anonymous_307)
FNDA:0,(anonymous_308)
FNDA:0,(anonymous_309)
FNDA:0,(anonymous_310)
FNDA:0,(anonymous_311)
FNDA:0,(anonymous_312)
FNDA:0,(anonymous_313)
FNDA:0,(anonymous_314)
FNDA:0,(anonymous_315)
FNDA:0,(anonymous_316)
DA:16,0
DA:19,0
DA:73,0
DA:81,0
DA:89,0
DA:97,0
DA:103,0
DA:112,0
DA:113,0
DA:114,0
DA:115,0
DA:118,0
DA:159,0
DA:160,0
DA:161,0
DA:162,0
DA:169,0
DA:170,0
DA:171,0
DA:172,0
DA:174,0
DA:175,0
DA:176,0
DA:177,0
DA:179,0
DA:182,0
DA:183,0
DA:184,0
DA:185,0
DA:186,0
DA:187,0
DA:189,0
DA:190,0
DA:194,0
DA:195,0
DA:196,0
DA:198,0
DA:199,0
DA:200,0
DA:201,0
DA:203,0
DA:204,0
DA:208,0
DA:209,0
DA:210,0
DA:213,0
DA:214,0
DA:215,0
DA:217,0
DA:285,0
DA:295,0
DA:316,0
DA:317,0
DA:318,0
DA:319,0
DA:320,0
DA:350,0
DA:351,0
DA:352,0
DA:353,0
DA:361,0
DA:362,0
DA:363,0
DA:364,0
DA:367,0
DA:377,0
DA:378,0
DA:379,0
DA:380,0
DA:381,0
DA:382,0
DA:383,0
DA:384,0
DA:387,0
DA:397,0
DA:398,0
DA:401,0
DA:408,0
DA:409,0
DA:411,0
DA:412,0
DA:413,0
DA:416,0
DA:428,0
DA:429,0
DA:430,0
DA:431,0
DA:432,0
DA:434,0
DA:458,0
DA:459,0
DA:460,0
DA:461,0
DA:462,0
DA:463,0
DA:464,0
DA:466,0
DA:467,0
DA:468,0
DA:471,0
DA:472,0
DA:473,0
DA:474,0
DA:475,0
DA:478,0
DA:479,0
DA:480,0
DA:481,0
DA:484,0
DA:485,0
DA:486,0
DA:487,0
DA:488,0
DA:489,0
DA:490,0
DA:491,0
DA:492,0
DA:494,0
DA:495,0
DA:498,0
DA:507,0
DA:525,0
DA:541,0
DA:568,0
DA:569,0
DA:571,0
DA:601,0
DA:602,0
DA:626,0
DA:632,0
DA:656,0
DA:687,0
DA:689,0
DA:721,0
DA:752,0
DA:754,0
DA:760,0
DA:761,0
DA:815,0
DA:816,0
DA:817,0
DA:818,0
DA:819,0
DA:820,0
DA:821,0
DA:822,0
DA:823,0
DA:824,0
DA:825,0
DA:826,0
DA:828,0
DA:829,0
DA:830,0
DA:831,0
DA:832,0
DA:834,0
DA:835,0
DA:836,0
DA:837,0
DA:838,0
DA:839,0
DA:840,0
DA:841,0
DA:842,0
DA:844,0
DA:845,0
DA:846,0
DA:848,0
DA:849,0
DA:850,0
DA:853,0
DA:854,0
DA:855,0
DA:856,0
DA:857,0
DA:858,0
DA:859,0
DA:860,0
DA:861,0
DA:862,0
DA:863,0
DA:866,0
DA:867,0
DA:868,0
DA:869,0
DA:870,0
DA:871,0
DA:873,0
DA:874,0
DA:875,0
DA:876,0
DA:878,0
DA:879,0
DA:880,0
DA:881,0
DA:882,0
DA:883,0
DA:884,0
DA:885,0
DA:886,0
DA:887,0
DA:888,0
DA:889,0
DA:890,0
DA:891,0
DA:892,0
DA:893,0
DA:894,0
DA:895,0
DA:898,0
DA:899,0
DA:900,0
DA:903,0
DA:904,0
DA:905,0
DA:906,0
DA:907,0
DA:908,0
DA:909,0
DA:910,0
DA:911,0
DA:912,0
DA:913,0
DA:914,0
DA:915,0
DA:916,0
DA:917,0
DA:918,0
DA:919,0
DA:920,0
DA:921,0
DA:922,0
DA:925,0
DA:926,0
DA:929,0
DA:930,0
DA:931,0
DA:932,0
DA:933,0
DA:936,0
DA:937,0
DA:938,0
DA:939,0
DA:940,0
DA:941,0
DA:942,0
DA:943,0
DA:944,0
DA:945,0
DA:946,0
DA:948,0
DA:950,0
DA:955,0
DA:956,0
DA:957,0
DA:961,0
DA:962,0
DA:964,0
DA:982,0
DA:1033,0
DA:1034,0
DA:1035,0
DA:1036,0
DA:1039,0
DA:1040,0
DA:1041,0
DA:1042,0
DA:1043,0
DA:1045,0
DA:1048,0
DA:1049,0
DA:1050,0
DA:1051,0
DA:1054,0
DA:1055,0
DA:1056,0
DA:1059,0
DA:1060,0
DA:1061,0
DA:1063,0
DA:1064,0
DA:1065,0
DA:1066,0
DA:1069,0
DA:1070,0
DA:1071,0
DA:1072,0
DA:1073,0
DA:1074,0
DA:1075,0
DA:1077,0
DA:1080,0
DA:1085,0
DA:1086,0
DA:1087,0
DA:1088,0
DA:1089,0
DA:1090,0
DA:1091,0
DA:1092,0
DA:1093,0
DA:1094,0
DA:1095,0
DA:1096,0
DA:1097,0
DA:1098,0
DA:1099,0
DA:1100,0
DA:1103,0
DA:1104,0
DA:1105,0
DA:1106,0
DA:1109,0
DA:1110,0
DA:1111,0
DA:1114,0
DA:1115,0
DA:1116,0
DA:1119,0
DA:1120,0
DA:1121,0
DA:1122,0
DA:1124,0
DA:1125,0
DA:1126,0
DA:1127,0
DA:1128,0
DA:1129,0
DA:1130,0
DA:1132,0
DA:1133,0
DA:1136,0
DA:1137,0
DA:1138,0
DA:1139,0
DA:1140,0
DA:1141,0
DA:1142,0
DA:1143,0
DA:1144,0
DA:1148,0
DA:1149,0
DA:1150,0
DA:1152,0
DA:1153,0
DA:1154,0
DA:1155,0
DA:1158,0
DA:1159,0
DA:1160,0
DA:1161,0
DA:1162,0
DA:1163,0
DA:1164,0
DA:1167,0
DA:1173,0
DA:1180,0
DA:1192,0
DA:1207,0
DA:1208,0
DA:1233,0
DA:1288,0
DA:1319,0
DA:1337,0
DA:1338,0
DA:1341,0
DA:1351,0
DA:1356,0
DA:1357,0
DA:1358,0
DA:1359,0
DA:1360,0
DA:1368,0
DA:1369,0
DA:1382,0
DA:1402,0
DA:1421,0
DA:1442,0
DA:1464,0
DA:1483,0
DA:1491,0
DA:1495,0
DA:1501,0
DA:1513,0
DA:1522,0
DA:1563,0
DA:1580,0
DA:1581,0
DA:1599,0
DA:1604,0
DA:1616,0
DA:1646,0
DA:1677,0
DA:1678,0
DA:1679,0
DA:1680,0
DA:1681,0
DA:1725,0
DA:1726,0
DA:1727,0
DA:1757,0
DA:1758,0
DA:1759,0
DA:1810,0
DA:1825,0
DA:1827,0
DA:1832,0
DA:1836,0
DA:1840,0
DA:1851,0
DA:1854,0
DA:1891,0
DA:1892,0
DA:1893,0
DA:1894,0
DA:1895,0
DA:1898,0
DA:1953,0
DA:1954,0
DA:1975,0
DA:1988,0
DA:2001,0
DA:2009,0
DA:2016,0
DA:2020,0
DA:2026,0
DA:2030,0
DA:2031,0
DA:2037,0
DA:2047,0
DA:2048,0
DA:2049,0
DA:2070,0
DA:2071,0
DA:2072,0
DA:2073,0
DA:2112,0
DA:2120,0
DA:2124,0
DA:2133,0
DA:2134,0
DA:2153,0
DA:2166,0
DA:2167,0
DA:2188,0
DA:2211,0
DA:2218,0
DA:2251,0
DA:2269,0
DA:2272,0
DA:2274,0
DA:2301,0
DA:2337,0
DA:2351,0
DA:2357,0
DA:2384,0
DA:2385,0
DA:2386,0
DA:2396,0
DA:2399,0
DA:2429,0
DA:2441,0
DA:2453,0
DA:2462,0
DA:2470,0
DA:2472,0
DA:2489,0
DA:2525,0
DA:2547,0
DA:2581,0
DA:2582,0
DA:2587,0
DA:2588,0
DA:2590,0
DA:2591,0
DA:2593,0
DA:2594,0
DA:2595,0
DA:2597,0
DA:2598,0
DA:2599,0
DA:2601,0
DA:2611,0
DA:2624,0
DA:2630,0
DA:2635,0
DA:2647,0
DA:2661,0
DA:2667,0
DA:2689,0
DA:2694,0
DA:2699,0
DA:2704,0
DA:2714,0
DA:2719,0
DA:2722,0
DA:2749,0
DA:2754,0
DA:2759,0
DA:2769,0
DA:2772,0
DA:2779,0
DA:2788,0
DA:2793,0
DA:2795,0
DA:2796,0
DA:2797,0
DA:2799,0
DA:2811,0
DA:2816,0
DA:2821,0
DA:2829,0
DA:2839,0
DA:2840,0
DA:2844,0
DA:2845,0
DA:2846,0
DA:2848,0
DA:2879,0
DA:2880,0
DA:2881,0
DA:2883,0
DA:2884,0
DA:2885,0
DA:2887,0
DA:2888,0
DA:2889,0
DA:2891,0
DA:2892,0
DA:2901,0
DA:2902,0
DA:2903,0
DA:2904,0
DA:2907,0
DA:2916,0
DA:2928,0
DA:2950,0
DA:2955,0
DA:2959,0
DA:2961,0
DA:2987,0
DA:2988,0
DA:2989,0
DA:2993,0
DA:3001,0
DA:3003,0
DA:3013,0
DA:3014,0
DA:3018,0
DA:3032,0
DA:3036,0
DA:3040,0
DA:3048,0
DA:3080,0
DA:3087,0
DA:3103,0
DA:3108,0
DA:3109,0
DA:3112,0
DA:3117,0
DA:3125,0
DA:3126,0
DA:3134,0
DA:3146,0
DA:3147,0
LF:565
LH:0
BRDA:114,0,0,0
BRDA:114,1,0,0
BRDA:114,1,1,0
BRDA:115,2,0,0
BRDA:115,2,1,0
BRDA:115,3,0,0
BRDA:115,3,1,0
BRDA:115,4,0,0
BRDA:115,4,1,0
BRDA:161,5,0,0
BRDA:161,5,1,0
BRDA:161,6,0,0
BRDA:161,6,1,0
BRDA:176,7,0,0
BRDA:176,7,1,0
BRDA:186,8,0,0
BRDA:186,8,1,0
BRDA:190,9,0,0
BRDA:190,9,1,0
BRDA:195,10,0,0
BRDA:195,10,1,0
BRDA:196,11,0,0
BRDA:196,11,1,0
BRDA:204,12,0,0
BRDA:204,12,1,0
BRDA:209,13,0,0
BRDA:209,13,1,0
BRDA:214,14,0,0
BRDA:214,14,1,0
BRDA:224,15,0,0
BRDA:224,15,1,0
BRDA:231,16,0,0
BRDA:231,16,1,0
BRDA:232,17,0,0
BRDA:232,17,1,0
BRDA:235,18,0,0
BRDA:235,18,1,0
BRDA:237,19,0,0
BRDA:237,19,1,0
BRDA:241,20,0,0
BRDA:241,20,1,0
BRDA:246,21,0,0
BRDA:246,21,1,0
BRDA:246,21,2,0
BRDA:247,22,0,0
BRDA:247,22,1,0
BRDA:255,23,0,0
BRDA:255,23,1,0
BRDA:257,24,0,0
BRDA:257,24,1,0
BRDA:258,25,0,0
BRDA:258,25,1,0
BRDA:262,26,0,0
BRDA:262,26,1,0
BRDA:263,27,0,0
BRDA:263,27,1,0
BRDA:264,28,0,0
BRDA:264,28,1,0
BRDA:264,29,0,0
BRDA:264,29,1,0
BRDA:269,30,0,0
BRDA:269,30,1,0
BRDA:316,31,0,0
BRDA:316,31,1,0
BRDA:318,32,0,0
BRDA:318,32,1,0
BRDA:319,33,0,0
BRDA:319,33,1,0
BRDA:322,34,0,0
BRDA:322,34,1,0
BRDA:326,35,0,0
BRDA:326,35,1,0
BRDA:327,36,0,0
BRDA:327,36,1,0
BRDA:327,37,0,0
BRDA:327,37,1,0
BRDA:333,38,0,0
BRDA:333,38,1,0
BRDA:334,39,0,0
BRDA:334,39,1,0
BRDA:335,40,0,0
BRDA:335,40,1,0
BRDA:336,41,0,0
BRDA:336,41,1,0
BRDA:336,42,0,0
BRDA:336,42,1,0
BRDA:338,43,0,0
BRDA:338,43,1,0
BRDA:341,44,0,0
BRDA:341,44,1,0
BRDA:342,45,0,0
BRDA:342,45,1,0
BRDA:343,46,0,0
BRDA:343,46,1,0
BRDA:350,47,0,0
BRDA:350,47,1,0
BRDA:351,48,0,0
BRDA:351,48,1,0
BRDA:352,49,0,0
BRDA:352,49,1,0
BRDA:356,50,0,0
BRDA:356,50,1,0
BRDA:357,51,0,0
BRDA:357,51,1,0
BRDA:361,52,0,0
BRDA:361,52,1,0
BRDA:361,53,0,0
BRDA:361,53,1,0
BRDA:361,53,2,0
BRDA:363,54,0,0
BRDA:363,54,1,0
BRDA:369,55,0,0
BRDA:369,55,1,0
BRDA:371,56,0,0
BRDA:371,56,1,0
BRDA:377,57,0,0
BRDA:377,57,1,0
BRDA:379,58,0,0
BRDA:379,58,1,0
BRDA:380,59,0,0
BRDA:380,59,1,0
BRDA:381,60,0,0
BRDA:381,60,1,0
BRDA:382,61,0,0
BRDA:382,61,1,0
BRDA:383,62,0,0
BRDA:383,62,1,0
BRDA:397,63,0,0
BRDA:397,63,1,0
BRDA:397,64,0,0
BRDA:397,64,1,0
BRDA:408,65,0,0
BRDA:408,65,1,0
BRDA:409,66,0,0
BRDA:409,66,1,0
BRDA:412,67,0,0
BRDA:412,67,1,0
BRDA:427,68,0,0
BRDA:446,69,0,0
BRDA:446,69,1,0
BRDA:447,70,0,0
BRDA:447,70,1,0
BRDA:467,71,0,0
BRDA:467,71,1,0
BRDA:467,71,2,0
BRDA:468,72,0,0
BRDA:468,72,1,0
BRDA:468,72,2,0
BRDA:474,73,0,0
BRDA:474,73,1,0
BRDA:485,74,0,0
BRDA:485,74,1,0
BRDA:485,75,0,0
BRDA:485,75,1,0
BRDA:490,76,0,0
BRDA:490,76,1,0
BRDA:494,77,0,0
BRDA:494,77,1,0
BRDA:498,78,0,0
BRDA:498,78,1,0
BRDA:507,79,0,0
BRDA:507,79,1,0
BRDA:525,80,0,0
BRDA:525,80,1,0
BRDA:541,81,0,0
BRDA:541,81,1,0
BRDA:603,82,0,0
BRDA:603,82,1,0
BRDA:606,83,0,0
BRDA:606,83,1,0
BRDA:610,84,0,0
BRDA:610,84,1,0
BRDA:613,85,0,0
BRDA:613,85,1,0
BRDA:619,86,0,0
BRDA:619,86,1,0
BRDA:619,86,2,0
BRDA:621,87,0,0
BRDA:621,87,1,0
BRDA:627,88,0,0
BRDA:627,88,1,0
BRDA:628,89,0,0
BRDA:628,89,1,0
BRDA:641,90,0,0
BRDA:641,90,1,0
BRDA:648,91,0,0
BRDA:648,91,1,0
BRDA:658,92,0,0
BRDA:658,92,1,0
BRDA:662,93,0,0
BRDA:662,93,1,0
BRDA:666,94,0,0
BRDA:666,94,1,0
BRDA:666,95,0,0
BRDA:666,95,1,0
BRDA:669,96,0,0
BRDA:669,96,1,0
BRDA:687,97,0,0
BRDA:687,97,1,0
BRDA:689,98,0,0
BRDA:689,98,1,0
BRDA:709,99,0,0
BRDA:709,99,1,0
BRDA:722,100,0,0
BRDA:722,100,1,0
BRDA:724,101,0,0
BRDA:724,101,1,0
BRDA:737,102,0,0
BRDA:737,102,1,0
BRDA:752,103,0,0
BRDA:752,103,1,0
BRDA:754,104,0,0
BRDA:754,104,1,0
BRDA:761,105,0,0
BRDA:761,105,1,0
BRDA:763,106,0,0
BRDA:763,106,1,0
BRDA:765,107,0,0
BRDA:765,107,1,0
BRDA:769,108,0,0
BRDA:769,108,1,0
BRDA:775,109,0,0
BRDA:775,109,1,0
BRDA:776,110,0,0
BRDA:776,110,1,0
BRDA:777,111,0,0
BRDA:777,111,1,0
BRDA:778,112,0,0
BRDA:778,112,1,0
BRDA:788,113,0,0
BRDA:788,113,1,0
BRDA:873,114,0,0
BRDA:873,114,1,0
BRDA:874,115,0,0
BRDA:874,115,1,0
BRDA:874,116,0,0
BRDA:874,116,1,0
BRDA:875,117,0,0
BRDA:875,117,1,0
BRDA:875,118,0,0
BRDA:875,118,1,0
BRDA:876,119,0,0
BRDA:876,119,1,0
BRDA:876,120,0,0
BRDA:876,120,1,0
BRDA:879,121,0,0
BRDA:879,121,1,0
BRDA:879,122,0,0
BRDA:879,122,1,0
BRDA:880,123,0,0
BRDA:880,123,1,0
BRDA:880,124,0,0
BRDA:880,124,1,0
BRDA:882,125,0,0
BRDA:882,125,1,0
BRDA:886,126,0,0
BRDA:886,126,1,0
BRDA:887,127,0,0
BRDA:887,127,1,0
BRDA:888,128,0,0
BRDA:888,128,1,0
BRDA:889,129,0,0
BRDA:889,129,1,0
BRDA:890,130,0,0
BRDA:890,130,1,0
BRDA:892,131,0,0
BRDA:892,131,1,0
BRDA:893,132,0,0
BRDA:893,132,1,0
BRDA:894,133,0,0
BRDA:894,133,1,0
BRDA:904,134,0,0
BRDA:904,134,1,0
BRDA:908,135,0,0
BRDA:908,135,1,0
BRDA:909,136,0,0
BRDA:909,136,1,0
BRDA:910,137,0,0
BRDA:910,137,1,0
BRDA:911,138,0,0
BRDA:911,138,1,0
BRDA:913,139,0,0
BRDA:913,139,1,0
BRDA:915,140,0,0
BRDA:915,140,1,0
BRDA:916,141,0,0
BRDA:916,141,1,0
BRDA:917,142,0,0
BRDA:917,142,1,0
BRDA:918,143,0,0
BRDA:918,143,1,0
BRDA:920,144,0,0
BRDA:920,144,1,0
BRDA:921,145,0,0
BRDA:921,145,1,0
BRDA:937,146,0,0
BRDA:937,146,1,0
BRDA:941,147,0,0
BRDA:941,147,1,0
BRDA:942,148,0,0
BRDA:942,148,1,0
BRDA:943,149,0,0
BRDA:943,149,1,0
BRDA:944,150,0,0
BRDA:944,150,1,0
BRDA:965,151,0,0
BRDA:965,151,1,0
BRDA:966,152,0,0
BRDA:966,152,1,0
BRDA:967,153,0,0
BRDA:967,153,1,0
BRDA:968,154,0,0
BRDA:968,154,1,0
BRDA:969,155,0,0
BRDA:969,155,1,0
BRDA:970,156,0,0
BRDA:970,156,1,0
BRDA:971,157,0,0
BRDA:971,157,1,0
BRDA:972,158,0,0
BRDA:972,158,1,0
BRDA:973,159,0,0
BRDA:973,159,1,0
BRDA:974,160,0,0
BRDA:974,160,1,0
BRDA:976,161,0,0
BRDA:976,161,1,0
BRDA:977,162,0,0
BRDA:977,162,1,0
BRDA:978,163,0,0
BRDA:978,163,1,0
BRDA:984,164,0,0
BRDA:984,164,1,0
BRDA:985,165,0,0
BRDA:985,165,1,0
BRDA:986,166,0,0
BRDA:986,166,1,0
BRDA:987,167,0,0
BRDA:987,167,1,0
BRDA:988,168,0,0
BRDA:988,168,1,0
BRDA:989,169,0,0
BRDA:989,169,1,0
BRDA:990,170,0,0
BRDA:990,170,1,0
BRDA:991,171,0,0
BRDA:991,171,1,0
BRDA:994,172,0,0
BRDA:994,172,1,0
BRDA:995,173,0,0
BRDA:995,173,1,0
BRDA:996,174,0,0
BRDA:996,174,1,0
BRDA:997,175,0,0
BRDA:997,175,1,0
BRDA:998,176,0,0
BRDA:998,176,1,0
BRDA:999,177,0,0
BRDA:999,177,1,0
BRDA:1000,178,0,0
BRDA:1000,178,1,0
BRDA:1001,179,0,0
BRDA:1001,179,1,0
BRDA:1002,180,0,0
BRDA:1002,180,1,0
BRDA:1003,181,0,0
BRDA:1003,181,1,0
BRDA:1007,182,0,0
BRDA:1007,182,1,0
BRDA:1008,183,0,0
BRDA:1008,183,1,0
BRDA:1009,184,0,0
BRDA:1009,184,1,0
BRDA:1010,185,0,0
BRDA:1010,185,1,0
BRDA:1011,186,0,0
BRDA:1011,186,1,0
BRDA:1019,187,0,0
BRDA:1019,187,1,0
BRDA:1021,188,0,0
BRDA:1021,188,1,0
BRDA:1022,189,0,0
BRDA:1022,189,1,0
BRDA:1030,190,0,0
BRDA:1030,190,1,0
BRDA:1033,191,0,0
BRDA:1033,191,1,0
BRDA:1048,192,0,0
BRDA:1048,192,1,0
BRDA:1051,193,0,0
BRDA:1051,193,1,0
BRDA:1055,194,0,0
BRDA:1055,194,1,0
BRDA:1063,195,0,0
BRDA:1063,195,1,0
BRDA:1066,196,0,0
BRDA:1066,196,1,0
BRDA:1072,197,0,0
BRDA:1072,197,1,0
BRDA:1080,198,0,0
BRDA:1080,198,1,0
BRDA:1087,199,0,0
BRDA:1087,199,1,0
BRDA:1087,200,0,0
BRDA:1087,200,1,0
BRDA:1088,201,0,0
BRDA:1088,201,1,0
BRDA:1096,202,0,0
BRDA:1096,202,1,0
BRDA:1096,203,0,0
BRDA:1096,203,1,0
BRDA:1097,204,0,0
BRDA:1097,204,1,0
BRDA:1098,205,0,0
BRDA:1098,205,1,0
BRDA:1098,206,0,0
BRDA:1098,206,1,0
BRDA:1099,207,0,0
BRDA:1099,207,1,0
BRDA:1100,208,0,0
BRDA:1100,208,1,0
BRDA:1104,209,0,0
BRDA:1104,209,1,0
BRDA:1106,210,0,0
BRDA:1106,210,1,0
BRDA:1110,211,0,0
BRDA:1110,211,1,0
BRDA:1111,212,0,0
BRDA:1111,212,1,0
BRDA:1121,213,0,0
BRDA:1121,213,1,0
BRDA:1121,214,0,0
BRDA:1121,214,1,0
BRDA:1127,215,0,0
BRDA:1127,215,1,0
BRDA:1130,216,0,0
BRDA:1130,216,1,0
BRDA:1133,217,0,0
BRDA:1133,217,1,0
BRDA:1139,218,0,0
BRDA:1139,218,1,0
BRDA:1142,219,0,0
BRDA:1142,219,1,0
BRDA:1149,220,0,0
BRDA:1149,220,1,0
BRDA:1150,221,0,0
BRDA:1150,221,1,0
BRDA:1154,222,0,0
BRDA:1154,222,1,0
BRDA:1155,223,0,0
BRDA:1155,223,1,0
BRDA:1158,224,0,0
BRDA:1158,224,1,0
BRDA:1159,225,0,0
BRDA:1159,225,1,0
BRDA:1161,226,0,0
BRDA:1161,226,1,0
BRDA:1163,227,0,0
BRDA:1163,227,1,0
BRDA:1164,228,0,0
BRDA:1164,228,1,0
BRDA:1167,229,0,0
BRDA:1167,229,1,0
BRDA:1168,230,0,0
BRDA:1168,230,1,0
BRDA:1209,231,0,0
BRDA:1209,231,1,0
BRDA:1212,232,0,0
BRDA:1212,232,1,0
BRDA:1212,232,2,0
BRDA:1224,233,0,0
BRDA:1224,233,1,0
BRDA:1224,233,2,0
BRDA:1239,234,0,0
BRDA:1239,234,1,0
BRDA:1290,235,0,0
BRDA:1290,235,1,0
BRDA:1290,236,0,0
BRDA:1290,236,1,0
BRDA:1291,237,0,0
BRDA:1291,237,1,0
BRDA:1291,238,0,0
BRDA:1291,238,1,0
BRDA:1291,239,0,0
BRDA:1291,239,1,0
BRDA:1297,240,0,0
BRDA:1297,240,1,0
BRDA:1309,241,0,0
BRDA:1309,241,1,0
BRDA:1314,242,0,0
BRDA:1314,242,1,0
BRDA:1337,243,0,0
BRDA:1337,243,1,0
BRDA:1349,244,0,0
BRDA:1349,244,1,0
BRDA:1356,245,0,0
BRDA:1356,245,1,0
BRDA:1357,246,0,0
BRDA:1357,246,1,0
BRDA:1360,247,0,0
BRDA:1360,247,1,0
BRDA:1362,248,0,0
BRDA:1362,248,1,0
BRDA:1362,249,0,0
BRDA:1362,249,1,0
BRDA:1363,250,0,0
BRDA:1363,250,1,0
BRDA:1363,251,0,0
BRDA:1363,251,1,0
BRDA:1366,252,0,0
BRDA:1366,252,1,0
BRDA:1376,253,0,0
BRDA:1376,253,1,0
BRDA:1377,254,0,0
BRDA:1377,254,1,0
BRDA:1378,255,0,0
BRDA:1378,255,1,0
BRDA:1379,256,0,0
BRDA:1379,256,1,0
BRDA:1380,257,0,0
BRDA:1380,257,1,0
BRDA:1380,257,2,0
BRDA:1380,257,3,0
BRDA:1380,257,4,0
BRDA:1395,258,0,0
BRDA:1395,258,1,0
BRDA:1395,258,2,0
BRDA:1400,259,0,0
BRDA:1400,259,1,0
BRDA:1429,260,0,0
BRDA:1429,260,1,0
BRDA:1431,261,0,0
BRDA:1431,261,1,0
BRDA:1436,262,0,0
BRDA:1436,262,1,0
BRDA:1437,263,0,0
BRDA:1437,263,1,0
BRDA:1440,264,0,0
BRDA:1440,264,1,0
BRDA:1453,265,0,0
BRDA:1453,265,1,0
BRDA:1453,265,2,0
BRDA:1460,266,0,0
BRDA:1460,266,1,0
BRDA:1528,267,0,0
BRDA:1528,267,1,0
BRDA:1528,267,2,0
BRDA:1528,267,3,0
BRDA:1528,267,4,0
BRDA:1528,267,5,0
BRDA:1540,268,0,0
BRDA:1540,268,1,0
BRDA:1545,269,0,0
BRDA:1545,269,1,0
BRDA:1565,270,0,0
BRDA:1565,270,1,0
BRDA:1566,271,0,0
BRDA:1566,271,1,0
BRDA:1568,272,0,0
BRDA:1568,272,1,0
BRDA:1570,273,0,0
BRDA:1570,273,1,0
BRDA:1570,274,0,0
BRDA:1570,274,1,0
BRDA:1588,275,0,0
BRDA:1588,275,1,0
BRDA:1588,275,2,0
BRDA:1609,276,0,0
BRDA:1609,276,1,0
BRDA:1614,277,0,0
BRDA:1614,277,1,0
BRDA:1628,278,0,0
BRDA:1628,278,1,0
BRDA:1628,278,2,0
BRDA:1635,279,0,0
BRDA:1635,279,1,0
BRDA:1640,280,0,0
BRDA:1640,280,1,0
BRDA:1641,281,0,0
BRDA:1641,281,1,0
BRDA:1642,282,0,0
BRDA:1642,282,1,0
BRDA:1643,283,0,0
BRDA:1643,283,1,0
BRDA:1644,284,0,0
BRDA:1644,284,1,0
BRDA:1657,285,0,0
BRDA:1657,285,1,0
BRDA:1676,286,0,0
BRDA:1676,286,1,0
BRDA:1677,287,0,0
BRDA:1677,287,1,0
BRDA:1679,288,0,0
BRDA:1679,288,1,0
BRDA:1680,289,0,0
BRDA:1680,289,1,0
BRDA:1685,290,0,0
BRDA:1685,290,1,0
BRDA:1686,291,0,0
BRDA:1686,291,1,0
BRDA:1686,291,2,0
BRDA:1690,292,0,0
BRDA:1690,292,1,0
BRDA:1703,293,0,0
BRDA:1703,293,1,0
BRDA:1708,294,0,0
BRDA:1708,294,1,0
BRDA:1708,295,0,0
BRDA:1708,295,1,0
BRDA:1724,296,0,0
BRDA:1724,296,1,0
BRDA:1725,297,0,0
BRDA:1725,297,1,0
BRDA:1731,298,0,0
BRDA:1731,298,1,0
BRDA:1739,299,0,0
BRDA:1739,299,1,0
BRDA:1744,300,0,0
BRDA:1744,300,1,0
BRDA:1744,301,0,0
BRDA:1744,301,1,0
BRDA:1756,302,0,0
BRDA:1756,302,1,0
BRDA:1757,303,0,0
BRDA:1757,303,1,0
BRDA:1769,304,0,0
BRDA:1769,304,1,0
BRDA:1769,305,0,0
BRDA:1769,305,1,0
BRDA:1778,306,0,0
BRDA:1778,306,1,0
BRDA:1778,306,2,0
BRDA:1789,307,0,0
BRDA:1789,307,1,0
BRDA:1789,307,2,0
BRDA:1802,308,0,0
BRDA:1802,308,1,0
BRDA:1832,309,0,0
BRDA:1832,309,1,0
BRDA:1852,310,0,0
BRDA:1852,310,1,0
BRDA:1855,311,0,0
BRDA:1855,311,1,0
BRDA:1863,312,0,0
BRDA:1863,312,1,0
BRDA:1868,313,0,0
BRDA:1868,313,1,0
BRDA:1891,314,0,0
BRDA:1891,314,1,0
BRDA:1892,315,0,0
BRDA:1892,315,1,0
BRDA:1894,316,0,0
BRDA:1894,316,1,0
BRDA:1897,317,0,0
BRDA:1897,317,1,0
BRDA:1897,318,0,0
BRDA:1897,318,1,0
BRDA:1898,319,0,0
BRDA:1898,319,1,0
BRDA:1905,320,0,0
BRDA:1905,320,1,0
BRDA:1906,321,0,0
BRDA:1906,321,1,0
BRDA:1911,322,0,0
BRDA:1911,322,1,0
BRDA:1913,323,0,0
BRDA:1913,323,1,0
BRDA:1918,324,0,0
BRDA:1918,324,1,0
BRDA:1920,325,0,0
BRDA:1920,325,1,0
BRDA:1925,326,0,0
BRDA:1925,326,1,0
BRDA:1927,327,0,0
BRDA:1927,327,1,0
BRDA:1927,328,0,0
BRDA:1927,328,1,0
BRDA:1933,329,0,0
BRDA:1933,329,1,0
BRDA:1934,330,0,0
BRDA:1934,330,1,0
BRDA:1935,331,0,0
BRDA:1935,331,1,0
BRDA:1949,332,0,0
BRDA:1949,332,1,0
BRDA:1964,333,0,0
BRDA:1964,333,1,0
BRDA:1969,334,0,0
BRDA:1969,334,1,0
BRDA:1971,335,0,0
BRDA:1971,335,1,0
BRDA:1972,336,0,0
BRDA:1972,336,1,0
BRDA:1984,337,0,0
BRDA:1984,337,1,0
BRDA:1985,338,0,0
BRDA:1985,338,1,0
BRDA:1989,339,0,0
BRDA:1989,339,1,0
BRDA:1998,340,0,0
BRDA:1998,340,1,0
BRDA:2001,341,0,0
BRDA:2001,341,1,0
BRDA:2002,342,0,0
BRDA:2002,342,1,0
BRDA:2003,343,0,0
BRDA:2003,343,1,0
BRDA:2008,344,0,0
BRDA:2008,344,1,0
BRDA:2052,345,0,0
BRDA:2052,345,1,0
BRDA:2059,346,0,0
BRDA:2059,346,1,0
BRDA:2072,347,0,0
BRDA:2072,347,1,0
BRDA:2073,348,0,0
BRDA:2073,348,1,0
BRDA:2075,349,0,0
BRDA:2075,349,1,0
BRDA:2079,350,0,0
BRDA:2079,350,1,0
BRDA:2079,351,0,0
BRDA:2079,351,1,0
BRDA:2081,352,0,0
BRDA:2081,352,1,0
BRDA:2094,353,0,0
BRDA:2094,353,1,0
BRDA:2111,354,0,0
BRDA:2111,354,1,0
BRDA:2123,355,0,0
BRDA:2123,355,1,0
BRDA:2135,356,0,0
BRDA:2135,356,1,0
BRDA:2139,357,0,0
BRDA:2139,357,1,0
BRDA:2140,358,0,0
BRDA:2140,358,1,0
BRDA:2141,359,0,0
BRDA:2141,359,1,0
BRDA:2142,360,0,0
BRDA:2142,360,1,0
BRDA:2143,361,0,0
BRDA:2143,361,1,0
BRDA:2147,362,0,0
BRDA:2147,362,1,0
BRDA:2152,363,0,0
BRDA:2152,363,1,0
BRDA:2168,364,0,0
BRDA:2168,364,1,0
BRDA:2187,365,0,0
BRDA:2187,365,1,0
BRDA:2206,366,0,0
BRDA:2206,366,1,0
BRDA:2219,367,0,0
BRDA:2219,367,1,0
BRDA:2224,368,0,0
BRDA:2224,368,1,0
BRDA:2237,369,0,0
BRDA:2237,369,1,0
BRDA:2246,370,0,0
BRDA:2246,370,1,0
BRDA:2250,371,0,0
BRDA:2250,371,1,0
BRDA:2253,372,0,0
BRDA:2253,372,1,0
BRDA:2272,373,0,0
BRDA:2272,373,1,0
BRDA:2273,374,0,0
BRDA:2273,374,1,0
BRDA:2279,375,0,0
BRDA:2279,375,1,0
BRDA:2286,376,0,0
BRDA:2286,376,1,0
BRDA:2286,376,2,0
BRDA:2290,377,0,0
BRDA:2290,377,1,0
BRDA:2296,378,0,0
BRDA:2296,378,1,0
BRDA:2300,379,0,0
BRDA:2300,379,1,0
BRDA:2305,380,0,0
BRDA:2305,380,1,0
BRDA:2315,381,0,0
BRDA:2315,381,1,0
BRDA:2315,381,2,0
BRDA:2315,381,3,0
BRDA:2327,382,0,0
BRDA:2327,382,1,0
BRDA:2327,382,2,0
BRDA:2336,383,0,0
BRDA:2336,383,1,0
BRDA:2350,384,0,0
BRDA:2350,384,1,0
BRDA:2351,385,0,0
BRDA:2351,385,1,0
BRDA:2357,386,0,0
BRDA:2357,386,1,0
BRDA:2358,387,0,0
BRDA:2358,387,1,0
BRDA:2358,387,2,0
BRDA:2358,388,0,0
BRDA:2358,388,1,0
BRDA:2367,389,0,0
BRDA:2367,389,1,0
BRDA:2369,390,0,0
BRDA:2369,390,1,0
BRDA:2369,390,2,0
BRDA:2370,391,0,0
BRDA:2370,391,1,0
BRDA:2371,392,0,0
BRDA:2371,392,1,0
BRDA:2379,393,0,0
BRDA:2379,393,1,0
BRDA:2385,394,0,0
BRDA:2385,394,1,0
BRDA:2387,395,0,0
BRDA:2387,395,1,0
BRDA:2387,396,0,0
BRDA:2387,396,1,0
BRDA:2393,397,0,0
BRDA:2393,397,1,0
BRDA:2400,398,0,0
BRDA:2400,398,1,0
BRDA:2400,399,0,0
BRDA:2400,399,1,0
BRDA:2400,400,0,0
BRDA:2400,400,1,0
BRDA:2401,401,0,0
BRDA:2401,401,1,0
BRDA:2401,402,0,0
BRDA:2401,402,1,0
BRDA:2407,403,0,0
BRDA:2407,403,1,0
BRDA:2407,404,0,0
BRDA:2407,404,1,0
BRDA:2412,405,0,0
BRDA:2412,405,1,0
BRDA:2416,406,0,0
BRDA:2416,406,1,0
BRDA:2431,407,0,0
BRDA:2431,407,1,0
BRDA:2453,408,0,0
BRDA:2453,408,1,0
BRDA:2453,408,2,0
BRDA:2460,409,0,0
BRDA:2460,409,1,0
BRDA:2464,410,0,0
BRDA:2464,410,1,0
BRDA:2483,411,0,0
BRDA:2483,411,1,0
BRDA:2492,412,0,0
BRDA:2492,412,1,0
BRDA:2518,413,0,0
BRDA:2518,413,1,0
BRDA:2539,414,0,0
BRDA:2539,414,1,0
BRDA:2545,415,0,0
BRDA:2545,415,1,0
BRDA:2562,416,0,0
BRDA:2562,416,1,0
BRDA:2565,417,0,0
BRDA:2565,417,1,0
BRDA:2581,418,0,0
BRDA:2581,418,1,0
BRDA:2587,419,0,0
BRDA:2587,419,1,0
BRDA:2588,420,0,0
BRDA:2588,420,1,0
BRDA:2595,421,0,0
BRDA:2595,421,1,0
BRDA:2599,422,0,0
BRDA:2599,422,1,0
BRDA:2602,423,0,0
BRDA:2602,423,1,0
BRDA:2612,424,0,0
BRDA:2612,424,1,0
BRDA:2613,425,0,0
BRDA:2613,425,1,0
BRDA:2617,426,0,0
BRDA:2617,426,1,0
BRDA:2624,427,0,0
BRDA:2624,427,1,0
BRDA:2630,428,0,0
BRDA:2630,428,1,0
BRDA:2635,429,0,0
BRDA:2635,429,1,0
BRDA:2648,430,0,0
BRDA:2648,430,1,0
BRDA:2649,431,0,0
BRDA:2649,431,1,0
BRDA:2652,432,0,0
BRDA:2652,432,1,0
BRDA:2656,433,0,0
BRDA:2656,433,1,0
BRDA:2656,434,0,0
BRDA:2656,434,1,0
BRDA:2661,435,0,0
BRDA:2661,435,1,0
BRDA:2667,436,0,0
BRDA:2667,436,1,0
BRDA:2685,437,0,0
BRDA:2685,437,1,0
BRDA:2689,438,0,0
BRDA:2689,438,1,0
BRDA:2694,439,0,0
BRDA:2694,439,1,0
BRDA:2699,440,0,0
BRDA:2699,440,1,0
BRDA:2704,441,0,0
BRDA:2704,441,1,0
BRDA:2712,442,0,0
BRDA:2712,442,1,0
BRDA:2714,443,0,0
BRDA:2714,443,1,0
BRDA:2725,444,0,0
BRDA:2725,444,1,0
BRDA:2725,444,2,0
BRDA:2745,445,0,0
BRDA:2745,445,1,0
BRDA:2749,446,0,0
BRDA:2749,446,1,0
BRDA:2754,447,0,0
BRDA:2754,447,1,0
BRDA:2759,448,0,0
BRDA:2759,448,1,0
BRDA:2776,449,0,0
BRDA:2776,449,1,0
BRDA:2779,450,0,0
BRDA:2779,450,1,0
BRDA:2784,451,0,0
BRDA:2784,451,1,0
BRDA:2788,452,0,0
BRDA:2788,452,1,0
BRDA:2792,453,0,0
BRDA:2792,453,1,0
BRDA:2795,454,0,0
BRDA:2795,454,1,0
BRDA:2806,455,0,0
BRDA:2806,455,1,0
BRDA:2810,456,0,0
BRDA:2810,456,1,0
BRDA:2811,457,0,0
BRDA:2811,457,1,0
BRDA:2816,458,0,0
BRDA:2816,458,1,0
BRDA:2821,459,0,0
BRDA:2821,459,1,0
BRDA:2829,460,0,0
BRDA:2829,460,1,0
BRDA:2833,461,0,0
BRDA:2833,461,1,0
BRDA:2836,462,0,0
BRDA:2836,462,1,0
BRDA:2836,463,0,0
BRDA:2836,463,1,0
BRDA:2842,464,0,0
BRDA:2842,464,1,0
BRDA:2844,465,0,0
BRDA:2844,465,1,0
BRDA:2845,466,0,0
BRDA:2845,466,1,0
BRDA:2848,467,0,0
BRDA:2848,467,1,0
BRDA:2852,468,0,0
BRDA:2852,468,1,0
BRDA:2879,469,0,0
BRDA:2879,469,1,0
BRDA:2880,470,0,0
BRDA:2880,470,1,0
BRDA:2881,471,0,0
BRDA:2881,471,1,0
BRDA:2896,472,0,0
BRDA:2896,472,1,0
BRDA:2897,473,0,0
BRDA:2897,473,1,0
BRDA:2908,474,0,0
BRDA:2908,474,1,0
BRDA:2917,475,0,0
BRDA:2917,475,1,0
BRDA:2918,476,0,0
BRDA:2918,476,1,0
BRDA:2922,477,0,0
BRDA:2922,477,1,0
BRDA:2927,478,0,0
BRDA:2927,478,1,0
BRDA:2934,479,0,0
BRDA:2934,479,1,0
BRDA:2942,480,0,0
BRDA:2942,480,1,0
BRDA:2958,481,0,0
BRDA:2958,481,1,0
BRDA:2970,482,0,0
BRDA:2970,482,1,0
BRDA:2972,483,0,0
BRDA:2972,483,1,0
BRDA:2988,484,0,0
BRDA:2988,484,1,0
BRDA:2990,485,0,0
BRDA:2990,485,1,0
BRDA:2994,486,0,0
BRDA:2994,486,1,0
BRDA:2995,487,0,0
BRDA:2995,487,1,0
BRDA:2998,488,0,0
BRDA:2998,488,1,0
BRDA:3003,489,0,0
BRDA:3003,489,1,0
BRDA:3013,490,0,0
BRDA:3013,490,1,0
BRDA:3015,491,0,0
BRDA:3015,491,1,0
BRDA:3019,492,0,0
BRDA:3019,492,1,0
BRDA:3020,493,0,0
BRDA:3020,493,1,0
BRDA:3023,494,0,0
BRDA:3023,494,1,0
BRDA:3032,495,0,0
BRDA:3032,495,1,0
BRDA:3037,496,0,0
BRDA:3037,496,1,0
BRDA:3040,497,0,0
BRDA:3040,497,1,0
BRDA:3048,498,0,0
BRDA:3048,498,1,0
BRDA:3057,499,0,0
BRDA:3057,499,1,0
BRDA:3057,499,2,0
BRDA:3057,499,3,0
BRDA:3057,499,4,0
BRDA:3059,500,0,0
BRDA:3059,500,1,0
BRDA:3061,501,0,0
BRDA:3061,501,1,0
BRDA:3061,501,2,0
BRDA:3062,502,0,0
BRDA:3062,502,1,0
BRDA:3063,503,0,0
BRDA:3063,503,1,0
BRDA:3063,504,0,0
BRDA:3063,504,1,0
BRDA:3079,505,0,0
BRDA:3079,505,1,0
BRDA:3089,506,0,0
BRDA:3089,506,1,0
BRDA:3098,507,0,0
BRDA:3098,507,1,0
BRDA:3102,508,0,0
BRDA:3102,508,1,0
BRDA:3115,509,0,0
BRDA:3115,509,1,0
BRDA:3142,510,0,0
BRDA:3142,510,1,0
BRDA:3142,510,2,0
BRDA:3143,511,0,0
BRDA:3143,511,1,0
BRDA:3146,512,0,0
BRDA:3146,512,1,0
BRDA:3147,513,0,0
BRDA:3147,513,1,0
BRF:1060
BRH:0
end_of_record
TN:
SF:src\components\ArtifactPanel.jsx
FN:6,detectArtifactType
FN:26,buildPreviewHTML
FN:122,SyntaxHighlight
FN:123,(anonymous_3)
FN:140,(anonymous_4)
FN:160,ArtifactPanel
FN:175,(anonymous_6)
FN:181,(anonymous_7)
FN:182,(anonymous_8)
FN:184,(anonymous_9)
FN:188,(anonymous_10)
FN:191,(anonymous_11)
FN:194,(anonymous_12)
FN:197,(anonymous_13)
FN:209,(anonymous_14)
FN:210,(anonymous_15)
FN:291,(anonymous_16)
FN:291,(anonymous_17)
FN:309,(anonymous_18)
FN:312,(anonymous_19)
FN:355,(anonymous_20)
FN:363,(anonymous_21)
FNF:22
FNH:0
FNDA:0,detectArtifactType
FNDA:0,buildPreviewHTML
FNDA:0,SyntaxHighlight
FNDA:0,(anonymous_3)
FNDA:0,(anonymous_4)
FNDA:0,ArtifactPanel
FNDA:0,(anonymous_6)
FNDA:0,(anonymous_7)
FNDA:0,(anonymous_8)
FNDA:0,(anonymous_9)
FNDA:0,(anonymous_10)
FNDA:0,(anonymous_11)
FNDA:0,(anonymous_12)
FNDA:0,(anonymous_13)
FNDA:0,(anonymous_14)
FNDA:0,(anonymous_15)
FNDA:0,(anonymous_16)
FNDA:0,(anonymous_17)
FNDA:0,(anonymous_18)
FNDA:0,(anonymous_19)
FNDA:0,(anonymous_20)
FNDA:0,(anonymous_21)
DA:7,0
DA:8,0
DA:9,0
DA:10,0
DA:11,0
DA:12,0
DA:13,0
DA:14,0
DA:15,0
DA:17,0
DA:18,0
DA:20,0
DA:27,0
DA:29,0
DA:31,0
DA:47,0
DA:48,0
DA:102,0
DA:103,0
DA:109,0
DA:110,0
DA:116,0
DA:123,0
DA:124,0
DA:130,0
DA:133,0
DA:136,0
DA:139,0
DA:140,0
DA:141,0
DA:145,0
DA:148,0
DA:161,0
DA:162,0
DA:163,0
DA:164,0
DA:165,0
DA:166,0
DA:167,0
DA:169,0
DA:170,0
DA:171,0
DA:172,0
DA:175,0
DA:176,0
DA:177,0
DA:181,0
DA:182,0
DA:183,0
DA:184,0
DA:187,0
DA:188,0
DA:191,0
DA:192,0
DA:193,0
DA:194,0
DA:197,0
DA:198,0
DA:202,0
DA:203,0
DA:204,0
DA:205,0
DA:206,0
DA:209,0
DA:210,0
DA:211,0
DA:214,0
DA:225,0
DA:237,0
DA:254,0
DA:256,0
DA:291,0
DA:310,0
DA:312,0
DA:355,0
DA:364,0
LF:76
LH:0
BRDA:6,0,0,0
BRDA:6,1,0,0
BRDA:8,2,0,0
BRDA:8,2,1,0
BRDA:9,3,0,0
BRDA:9,3,1,0
BRDA:10,4,0,0
BRDA:10,4,1,0
BRDA:11,5,0,0
BRDA:11,5,1,0
BRDA:12,6,0,0
BRDA:12,6,1,0
BRDA:13,7,0,0
BRDA:13,7,1,0
BRDA:14,8,0,0
BRDA:14,8,1,0
BRDA:15,9,0,0
BRDA:15,9,1,0
BRDA:15,10,0,0
BRDA:15,10,1,0
BRDA:17,11,0,0
BRDA:17,11,1,0
BRDA:17,12,0,0
BRDA:17,12,1,0
BRDA:17,12,2,0
BRDA:17,12,3,0
BRDA:18,13,0,0
BRDA:18,13,1,0
BRDA:18,14,0,0
BRDA:18,14,1,0
BRDA:18,14,2,0
BRDA:18,14,3,0
BRDA:27,15,0,0
BRDA:27,15,1,0
BRDA:29,16,0,0
BRDA:29,16,1,0
BRDA:29,17,0,0
BRDA:29,17,1,0
BRDA:47,18,0,0
BRDA:47,18,1,0
BRDA:102,19,0,0
BRDA:102,19,1,0
BRDA:109,20,0,0
BRDA:109,20,1,0
BRDA:169,21,0,0
BRDA:169,22,0,0
BRDA:169,23,0,0
BRDA:169,24,0,0
BRDA:169,24,1,0
BRDA:176,25,0,0
BRDA:176,25,1,0
BRDA:183,26,0,0
BRDA:183,26,1,0
BRDA:198,27,0,0
BRDA:198,27,1,0
BRDA:214,28,0,0
BRDA:214,28,1,0
BRDA:225,29,0,0
BRDA:225,29,1,0
BRDA:237,30,0,0
BRDA:237,30,1,0
BRDA:254,31,0,0
BRDA:254,31,1,0
BRDA:260,32,0,0
BRDA:260,32,1,0
BRDA:283,33,0,0
BRDA:283,33,1,0
BRDA:284,34,0,0
BRDA:284,34,1,0
BRDA:292,35,0,0
BRDA:292,35,1,0
BRDA:294,36,0,0
BRDA:294,36,1,0
BRDA:306,37,0,0
BRDA:306,37,1,0
BRDA:308,38,0,0
BRDA:308,38,1,0
BRDA:314,39,0,0
BRDA:314,39,1,0
BRDA:329,40,0,0
BRDA:329,40,1,0
BRDA:329,40,2,0
BRDA:343,41,0,0
BRDA:343,41,1,0
BRDA:350,42,0,0
BRDA:350,42,1,0
BRDA:360,43,0,0
BRDA:360,43,1,0
BRDA:365,44,0,0
BRDA:365,44,1,0
BRDA:366,45,0,0
BRDA:366,45,1,0
BRDA:371,46,0,0
BRDA:371,46,1,0
BRDA:372,47,0,0
BRDA:372,47,1,0
BRDA:375,48,0,0
BRDA:375,48,1,0
BRDA:375,49,0,0
BRDA:375,49,1,0
BRDA:390,50,0,0
BRDA:390,50,1,0
BRDA:390,50,2,0
BRF:103
BRH:0
end_of_record
TN:
SF:src\components\AvatarPicker.jsx
FN:41,AvatarPicker
FN:55,(anonymous_1)
FN:63,(anonymous_2)
FN:71,(anonymous_3)
FN:74,(anonymous_4)
FN:76,(anonymous_5)
FN:84,(anonymous_6)
FN:96,(anonymous_7)
FN:104,(anonymous_8)
FN:106,(anonymous_9)
FN:109,(anonymous_10)
FN:114,(anonymous_11)
FN:146,(anonymous_12)
FN:150,(anonymous_13)
FN:153,(anonymous_14)
FN:160,(anonymous_15)
FN:188,(anonymous_16)
FN:190,(anonymous_17)
FN:200,(anonymous_18)
FN:204,(anonymous_19)
FN:206,(anonymous_20)
FN:222,(anonymous_21)
FN:225,(anonymous_22)
FN:240,(anonymous_23)
FN:241,(anonymous_24)
FN:242,(anonymous_25)
FN:259,(anonymous_26)
FNF:27
FNH:0
FNDA:0,AvatarPicker
FNDA:0,(anonymous_1)
FNDA:0,(anonymous_2)
FNDA:0,(anonymous_3)
FNDA:0,(anonymous_4)
FNDA:0,(anonymous_5)
FNDA:0,(anonymous_6)
FNDA:0,(anonymous_7)
FNDA:0,(anonymous_8)
FNDA:0,(anonymous_9)
FNDA:0,(anonymous_10)
FNDA:0,(anonymous_11)
FNDA:0,(anonymous_12)
FNDA:0,(anonymous_13)
FNDA:0,(anonymous_14)
FNDA:0,(anonymous_15)
FNDA:0,(anonymous_16)
FNDA:0,(anonymous_17)
FNDA:0,(anonymous_18)
FNDA:0,(anonymous_19)
FNDA:0,(anonymous_20)
FNDA:0,(anonymous_21)
FNDA:0,(anonymous_22)
FNDA:0,(anonymous_23)
FNDA:0,(anonymous_24)
FNDA:0,(anonymous_25)
FNDA:0,(anonymous_26)
DA:4,0
DA:16,0
DA:35,0
DA:42,0
DA:43,0
DA:44,0
DA:45,0
DA:46,0
DA:47,0
DA:48,0
DA:49,0
DA:50,0
DA:51,0
DA:52,0
DA:53,0
DA:55,0
DA:56,0
DA:57,0
DA:58,0
DA:59,0
DA:60,0
DA:63,0
DA:64,0
DA:65,0
DA:66,0
DA:67,0
DA:71,0
DA:72,0
DA:73,0
DA:74,0
DA:75,0
DA:76,0
DA:77,0
DA:78,0
DA:79,0
DA:80,0
DA:81,0
DA:82,0
DA:83,0
DA:84,0
DA:85,0
DA:86,0
DA:87,0
DA:90,0
DA:92,0
DA:96,0
DA:97,0
DA:98,0
DA:99,0
DA:100,0
DA:101,0
DA:102,0
DA:104,0
DA:105,0
DA:106,0
DA:107,0
DA:109,0
DA:110,0
DA:111,0
DA:112,0
DA:114,0
DA:115,0
DA:116,0
DA:117,0
DA:120,0
DA:126,0
DA:132,0
DA:133,0
DA:134,0
DA:136,0
DA:138,0
DA:140,0
DA:141,0
DA:146,0
DA:147,0
DA:151,0
DA:153,0
DA:160,0
DA:168,0
DA:189,0
DA:190,0
DA:201,0
DA:205,0
DA:206,0
DA:223,0
DA:225,0
DA:240,0
DA:241,0
DA:242,0
DA:259,0
LF:90
LH:0
BRDA:43,0,0,0
BRDA:43,0,1,0
BRDA:44,1,0,0
BRDA:44,1,1,0
BRDA:46,2,0,0
BRDA:46,2,1,0
BRDA:47,3,0,0
BRDA:47,3,1,0
BRDA:49,4,0,0
BRDA:49,4,1,0
BRDA:56,5,0,0
BRDA:56,5,1,0
BRDA:56,6,0,0
BRDA:56,6,1,0
BRDA:58,7,0,0
BRDA:58,7,1,0
BRDA:58,8,0,0
BRDA:58,8,1,0
BRDA:67,9,0,0
BRDA:67,9,1,0
BRDA:67,10,0,0
BRDA:67,10,1,0
BRDA:72,11,0,0
BRDA:72,11,1,0
BRDA:80,12,0,0
BRDA:80,12,1,0
BRDA:100,13,0,0
BRDA:100,13,1,0
BRDA:100,14,0,0
BRDA:100,14,1,0
BRDA:107,15,0,0
BRDA:107,15,1,0
BRDA:111,16,0,0
BRDA:111,16,1,0
BRDA:111,17,0,0
BRDA:111,17,1,0
BRDA:112,18,0,0
BRDA:112,18,1,0
BRDA:122,19,0,0
BRDA:122,19,1,0
BRDA:123,20,0,0
BRDA:123,20,1,0
BRDA:133,21,0,0
BRDA:133,21,1,0
BRDA:154,22,0,0
BRDA:154,22,1,0
BRDA:191,23,0,0
BRDA:191,23,1,0
BRDA:197,24,0,0
BRDA:197,24,1,0
BRDA:207,25,0,0
BRDA:207,25,1,0
BRDA:219,26,0,0
BRDA:219,26,1,0
BRDA:226,27,0,0
BRDA:226,27,1,0
BRDA:227,28,0,0
BRDA:227,28,1,0
BRDA:227,29,0,0
BRDA:227,29,1,0
BRDA:237,30,0,0
BRDA:237,30,1,0
BRDA:244,31,0,0
BRDA:244,31,1,0
BRDA:246,32,0,0
BRDA:246,32,1,0
BRDA:259,33,0,0
BRDA:259,33,1,0
BRDA:260,34,0,0
BRDA:260,34,1,0
BRDA:274,35,0,0
BRDA:274,35,1,0
BRDA:274,35,2,0
BRDA:274,35,3,0
BRDA:278,36,0,0
BRDA:278,36,1,0
BRDA:278,36,2,0
BRDA:282,37,0,0
BRDA:282,37,1,0
BRDA:282,38,0,0
BRDA:282,38,1,0
BRF:81
BRH:0
end_of_record
TN:
SF:src\components\BotAvatar.jsx
FN:23,BotAvatar
FN:45,(anonymous_1)
FNF:2
FNH:1
FNDA:2,BotAvatar
FNDA:0,(anonymous_1)
DA:15,1
DA:24,2
DA:25,2
DA:27,2
DA:33,2
DA:34,0
DA:35,0
DA:36,0
DA:37,0
DA:40,0
DA:47,0
DA:48,0
DA:55,2
DA:56,0
DA:66,2
LF:15
LH:7
BRDA:23,0,0,2
BRDA:23,1,0,2
BRDA:25,2,0,2
BRDA:25,2,1,0
BRDA:28,3,0,2
BRDA:28,3,1,2
BRDA:29,4,0,2
BRDA:29,4,1,2
BRDA:33,5,0,0
BRDA:33,5,1,2
BRDA:33,6,0,2
BRDA:33,6,1,0
BRDA:35,7,0,0
BRDA:35,7,1,0
BRDA:36,8,0,0
BRDA:36,8,1,0
BRDA:43,9,0,0
BRDA:43,9,1,0
BRDA:55,10,0,0
BRDA:55,10,1,2
BRDA:55,11,0,2
BRDA:55,11,1,0
BRDA:71,12,0,2
BRDA:71,12,1,1
BRF:24
BRH:13
end_of_record
TN:
SF:src\components\Chat.jsx
FN:23,extractCodeBlocks
FN:35,detectArtifactType
FN:48,pickBestArtifact
FN:51,(anonymous_3)
FN:52,(anonymous_4)
FN:55,generateTitle
FN:68,(anonymous_6)
FN:99,(anonymous_7)
FN:100,(anonymous_8)
FN:102,(anonymous_9)
FN:103,(anonymous_10)
FN:109,(anonymous_11)
FN:118,(anonymous_12)
FN:126,(anonymous_13)
FN:134,(anonymous_14)
FN:137,(anonymous_15)
FN:138,(anonymous_16)
FN:147,(anonymous_17)
FN:148,(anonymous_18)
FN:155,(anonymous_19)
FN:169,(anonymous_20)
FN:179,(anonymous_21)
FN:182,(anonymous_22)
FN:183,(anonymous_23)
FN:185,(anonymous_24)
FN:189,(anonymous_25)
FN:190,(anonymous_26)
FN:191,(anonymous_27)
FN:196,(anonymous_28)
FN:205,(anonymous_29)
FN:210,(anonymous_30)
FN:219,(anonymous_31)
FN:226,(anonymous_32)
FN:231,(anonymous_33)
FN:233,(anonymous_34)
FN:236,(anonymous_35)
FN:244,(anonymous_36)
FN:251,(anonymous_37)
FN:257,(anonymous_38)
FN:257,(anonymous_39)
FN:271,(anonymous_40)
FN:271,(anonymous_41)
FN:275,(anonymous_42)
FN:284,(anonymous_43)
FN:293,(anonymous_44)
FN:302,(anonymous_45)
FN:307,(anonymous_46)
FN:324,(anonymous_47)
FN:343,(anonymous_48)
FN:349,(anonymous_49)
FN:367,(anonymous_50)
FN:382,(anonymous_51)
FN:386,(anonymous_52)
FN:394,(anonymous_53)
FN:429,(anonymous_54)
FN:429,(anonymous_55)
FN:438,(anonymous_56)
FN:438,(anonymous_57)
FN:443,(anonymous_58)
FN:443,(anonymous_59)
FN:453,(anonymous_60)
FN:453,(anonymous_61)
FN:460,(anonymous_62)
FN:460,(anonymous_63)
FN:470,(anonymous_64)
FN:472,(anonymous_65)
FN:478,(anonymous_66)
FN:482,(anonymous_67)
FN:493,(anonymous_68)
FN:515,(anonymous_69)
FN:515,(anonymous_70)
FN:524,(anonymous_71)
FN:524,(anonymous_72)
FN:530,(anonymous_73)
FN:530,(anonymous_74)
FN:539,(anonymous_75)
FN:541,(anonymous_76)
FN:548,(anonymous_77)
FN:549,(anonymous_78)
FN:572,(anonymous_79)
FN:593,(anonymous_80)
FN:612,(anonymous_81)
FN:622,(anonymous_82)
FN:637,(anonymous_83)
FN:638,(anonymous_84)
FN:678,(anonymous_85)
FN:683,(anonymous_86)
FN:692,(anonymous_87)
FN:712,(anonymous_88)
FN:724,(anonymous_89)
FN:751,(anonymous_90)
FN:791,(anonymous_91)
FN:846,(anonymous_92)
FN:848,(anonymous_93)
FN:848,(anonymous_94)
FN:848,(anonymous_95)
FN:861,(anonymous_96)
FN:878,(anonymous_97)
FN:884,(anonymous_98)
FN:919,(anonymous_99)
FN:948,(anonymous_100)
FN:956,(anonymous_101)
FN:979,(anonymous_102)
FN:979,(anonymous_103)
FN:1025,(anonymous_104)
FNF:105
FNH:0
FNDA:0,extractCodeBlocks
FNDA:0,detectArtifactType
FNDA:0,pickBestArtifact
FNDA:0,(anonymous_3)
FNDA:0,(anonymous_4)
FNDA:0,generateTitle
FNDA:0,(anonymous_6)
FNDA:0,(anonymous_7)
FNDA:0,(anonymous_8)
FNDA:0,(anonymous_9)
FNDA:0,(anonymous_10)
FNDA:0,(anonymous_11)
FNDA:0,(anonymous_12)
FNDA:0,(anonymous_13)
FNDA:0,(anonymous_14)
FNDA:0,(anonymous_15)
FNDA:0,(anonymous_16)
FNDA:0,(anonymous_17)
FNDA:0,(anonymous_18)
FNDA:0,(anonymous_19)
FNDA:0,(anonymous_20)
FNDA:0,(anonymous_21)
FNDA:0,(anonymous_22)
FNDA:0,(anonymous_23)
FNDA:0,(anonymous_24)
FNDA:0,(anonymous_25)
FNDA:0,(anonymous_26)
FNDA:0,(anonymous_27)
FNDA:0,(anonymous_28)
FNDA:0,(anonymous_29)
FNDA:0,(anonymous_30)
FNDA:0,(anonymous_31)
FNDA:0,(anonymous_32)
FNDA:0,(anonymous_33)
FNDA:0,(anonymous_34)
FNDA:0,(anonymous_35)
FNDA:0,(anonymous_36)
FNDA:0,(anonymous_37)
FNDA:0,(anonymous_38)
FNDA:0,(anonymous_39)
FNDA:0,(anonymous_40)
FNDA:0,(anonymous_41)
FNDA:0,(anonymous_42)
FNDA:0,(anonymous_43)
FNDA:0,(anonymous_44)
FNDA:0,(anonymous_45)
FNDA:0,(anonymous_46)
FNDA:0,(anonymous_47)
FNDA:0,(anonymous_48)
FNDA:0,(anonymous_49)
FNDA:0,(anonymous_50)
FNDA:0,(anonymous_51)
FNDA:0,(anonymous_52)
FNDA:0,(anonymous_53)
FNDA:0,(anonymous_54)
FNDA:0,(anonymous_55)
FNDA:0,(anonymous_56)
FNDA:0,(anonymous_57)
FNDA:0,(anonymous_58)
FNDA:0,(anonymous_59)
FNDA:0,(anonymous_60)
FNDA:0,(anonymous_61)
FNDA:0,(anonymous_62)
FNDA:0,(anonymous_63)
FNDA:0,(anonymous_64)
FNDA:0,(anonymous_65)
FNDA:0,(anonymous_66)
FNDA:0,(anonymous_67)
FNDA:0,(anonymous_68)
FNDA:0,(anonymous_69)
FNDA:0,(anonymous_70)
FNDA:0,(anonymous_71)
FNDA:0,(anonymous_72)
FNDA:0,(anonymous_73)
FNDA:0,(anonymous_74)
FNDA:0,(anonymous_75)
FNDA:0,(anonymous_76)
FNDA:0,(anonymous_77)
FNDA:0,(anonymous_78)
FNDA:0,(anonymous_79)
FNDA:0,(anonymous_80)
FNDA:0,(anonymous_81)
FNDA:0,(anonymous_82)
FNDA:0,(anonymous_83)
FNDA:0,(anonymous_84)
FNDA:0,(anonymous_85)
FNDA:0,(anonymous_86)
FNDA:0,(anonymous_87)
FNDA:0,(anonymous_88)
FNDA:0,(anonymous_89)
FNDA:0,(anonymous_90)
FNDA:0,(anonymous_91)
FNDA:0,(anonymous_92)
FNDA:0,(anonymous_93)
FNDA:0,(anonymous_94)
FNDA:0,(anonymous_95)
FNDA:0,(anonymous_96)
FNDA:0,(anonymous_97)
FNDA:0,(anonymous_98)
FNDA:0,(anonymous_99)
FNDA:0,(anonymous_100)
FNDA:0,(anonymous_101)
FNDA:0,(anonymous_102)
FNDA:0,(anonymous_103)
FNDA:0,(anonymous_104)
DA:16,0
DA:17,0
DA:18,0
DA:19,0
DA:20,0
DA:21,0
DA:24,0
DA:25,0
DA:27,0
DA:28,0
DA:29,0
DA:30,0
DA:32,0
DA:36,0
DA:37,0
DA:38,0
DA:39,0
DA:40,0
DA:41,0
DA:42,0
DA:43,0
DA:44,0
DA:45,0
DA:49,0
DA:50,0
DA:51,0
DA:52,0
DA:56,0
DA:57,0
DA:58,0
DA:59,0
DA:60,0
DA:61,0
DA:62,0
DA:68,0
DA:69,0
DA:70,0
DA:72,0
DA:73,0
DA:74,0
DA:75,0
DA:76,0
DA:77,0
DA:78,0
DA:79,0
DA:80,0
DA:81,0
DA:83,0
DA:84,0
DA:85,0
DA:86,0
DA:87,0
DA:89,0
DA:90,0
DA:91,0
DA:92,0
DA:93,0
DA:95,0
DA:96,0
DA:97,0
DA:99,0
DA:100,0
DA:102,0
DA:103,0
DA:104,0
DA:105,0
DA:106,0
DA:107,0
DA:109,0
DA:110,0
DA:111,0
DA:112,0
DA:114,0
DA:115,0
DA:116,0
DA:117,0
DA:118,0
DA:119,0
DA:120,0
DA:121,0
DA:122,0
DA:126,0
DA:127,0
DA:128,0
DA:129,0
DA:130,0
DA:131,0
DA:134,0
DA:135,0
DA:137,0
DA:138,0
DA:139,0
DA:140,0
DA:141,0
DA:145,0
DA:148,0
DA:149,0
DA:150,0
DA:151,0
DA:156,0
DA:157,0
DA:158,0
DA:159,0
DA:164,0
DA:165,0
DA:169,0
DA:170,0
DA:171,0
DA:172,0
DA:173,0
DA:174,0
DA:176,0
DA:177,0
DA:178,0
DA:179,0
DA:180,0
DA:182,0
DA:184,0
DA:185,0
DA:186,0
DA:187,0
DA:188,0
DA:190,0
DA:191,0
DA:196,0
DA:197,0
DA:198,0
DA:199,0
DA:200,0
DA:201,0
DA:202,0
DA:205,0
DA:206,0
DA:207,0
DA:210,0
DA:211,0
DA:212,0
DA:213,0
DA:214,0
DA:215,0
DA:216,0
DA:219,0
DA:220,0
DA:221,0
DA:222,0
DA:223,0
DA:224,0
DA:225,0
DA:226,0
DA:230,0
DA:231,0
DA:232,0
DA:233,0
DA:234,0
DA:235,0
DA:236,0
DA:237,0
DA:239,0
DA:240,0
DA:241,0
DA:244,0
DA:245,0
DA:246,0
DA:247,0
DA:248,0
DA:251,0
DA:252,0
DA:253,0
DA:254,0
DA:255,0
DA:256,0
DA:257,0
DA:258,0
DA:259,0
DA:260,0
DA:261,0
DA:264,0
DA:266,0
DA:267,0
DA:270,0
DA:271,0
DA:275,0
DA:276,0
DA:277,0
DA:278,0
DA:279,0
DA:284,0
DA:285,0
DA:286,0
DA:287,0
DA:288,0
DA:289,0
DA:293,0
DA:294,0
DA:295,0
DA:296,0
DA:297,0
DA:298,0
DA:302,0
DA:303,0
DA:304,0
DA:307,0
DA:308,0
DA:309,0
DA:310,0
DA:311,0
DA:312,0
DA:313,0
DA:314,0
DA:315,0
DA:316,0
DA:317,0
DA:319,0
DA:324,0
DA:325,0
DA:326,0
DA:327,0
DA:328,0
DA:329,0
DA:330,0
DA:331,0
DA:332,0
DA:333,0
DA:334,0
DA:336,0
DA:338,0
DA:343,0
DA:344,0
DA:345,0
DA:349,0
DA:350,0
DA:351,0
DA:352,0
DA:353,0
DA:354,0
DA:355,0
DA:356,0
DA:357,0
DA:359,0
DA:360,0
DA:361,0
DA:362,0
DA:363,0
DA:364,0
DA:365,0
DA:367,0
DA:368,0
DA:369,0
DA:373,0
DA:382,0
DA:385,0
DA:386,0
DA:391,0
DA:394,0
DA:397,0
DA:398,0
DA:405,0
DA:406,0
DA:407,0
DA:408,0
DA:410,0
DA:411,0
DA:412,0
DA:414,0
DA:415,0
DA:416,0
DA:418,0
DA:419,0
DA:420,0
DA:421,0
DA:424,0
DA:425,0
DA:427,0
DA:428,0
DA:429,0
DA:430,0
DA:433,0
DA:434,0
DA:435,0
DA:437,0
DA:438,0
DA:439,0
DA:442,0
DA:443,0
DA:444,0
DA:453,0
DA:454,0
DA:456,0
DA:457,0
DA:460,0
DA:461,0
DA:464,0
DA:465,0
DA:470,0
DA:472,0
DA:473,0
DA:474,0
DA:475,0
DA:478,0
DA:479,0
DA:481,0
DA:482,0
DA:487,0
DA:488,0
DA:493,0
DA:498,0
DA:499,0
DA:500,0
DA:501,0
DA:503,0
DA:504,0
DA:505,0
DA:506,0
DA:507,0
DA:508,0
DA:509,0
DA:510,0
DA:511,0
DA:512,0
DA:513,0
DA:514,0
DA:515,0
DA:516,0
DA:519,0
DA:524,0
DA:525,0
DA:527,0
DA:528,0
DA:530,0
DA:531,0
DA:534,0
DA:539,0
DA:541,0
DA:542,0
DA:543,0
DA:544,0
DA:547,0
DA:548,0
DA:549,0
DA:550,0
DA:554,0
DA:556,0
DA:572,0
DA:593,0
DA:612,0
DA:622,0
DA:638,0
DA:679,0
DA:683,0
DA:692,0
DA:712,0
DA:724,0
DA:751,0
DA:791,0
DA:847,0
DA:848,0
DA:862,0
DA:878,0
DA:885,0
DA:919,0
DA:948,0
DA:957,0
DA:958,0
DA:959,0
DA:979,0
DA:1025,0
LF:366
LH:0
BRDA:23,0,0,0
BRDA:30,1,0,0
BRDA:30,1,1,0
BRDA:36,2,0,0
BRDA:36,2,1,0
BRDA:37,3,0,0
BRDA:37,3,1,0
BRDA:38,4,0,0
BRDA:38,4,1,0
BRDA:39,5,0,0
BRDA:39,5,1,0
BRDA:40,6,0,0
BRDA:40,6,1,0
BRDA:41,7,0,0
BRDA:41,7,1,0
BRDA:42,8,0,0
BRDA:42,8,1,0
BRDA:43,9,0,0
BRDA:43,9,1,0
BRDA:43,10,0,0
BRDA:43,10,1,0
BRDA:43,10,2,0
BRDA:44,11,0,0
BRDA:44,11,1,0
BRDA:44,12,0,0
BRDA:44,12,1,0
BRDA:44,12,2,0
BRDA:49,13,0,0
BRDA:49,13,1,0
BRDA:51,14,0,0
BRDA:51,14,1,0
BRDA:58,15,0,0
BRDA:58,15,1,0
BRDA:60,16,0,0
BRDA:60,16,1,0
BRDA:62,17,0,0
BRDA:62,17,1,0
BRDA:104,18,0,0
BRDA:104,18,1,0
BRDA:105,19,0,0
BRDA:105,19,1,0
BRDA:128,20,0,0
BRDA:128,20,1,0
BRDA:135,21,0,0
BRDA:135,21,1,0
BRDA:138,22,0,0
BRDA:141,23,0,0
BRDA:141,23,1,0
BRDA:148,24,0,0
BRDA:148,24,1,0
BRDA:149,25,0,0
BRDA:149,25,1,0
BRDA:156,26,0,0
BRDA:156,26,1,0
BRDA:156,27,0,0
BRDA:156,27,1,0
BRDA:170,28,0,0
BRDA:170,28,1,0
BRDA:170,29,0,0
BRDA:170,29,1,0
BRDA:176,30,0,0
BRDA:176,30,1,0
BRDA:176,31,0,0
BRDA:176,31,1,0
BRDA:176,31,2,0
BRDA:185,32,0,0
BRDA:185,32,1,0
BRDA:187,33,0,0
BRDA:187,33,1,0
BRDA:188,34,0,0
BRDA:188,34,1,0
BRDA:199,35,0,0
BRDA:199,35,1,0
BRDA:199,36,0,0
BRDA:199,36,1,0
BRDA:201,37,0,0
BRDA:201,37,1,0
BRDA:201,38,0,0
BRDA:201,38,1,0
BRDA:216,39,0,0
BRDA:216,39,1,0
BRDA:228,40,0,0
BRDA:228,40,1,0
BRDA:232,41,0,0
BRDA:232,41,1,0
BRDA:234,42,0,0
BRDA:234,42,1,0
BRDA:235,43,0,0
BRDA:235,43,1,0
BRDA:237,44,0,0
BRDA:237,44,1,0
BRDA:239,45,0,0
BRDA:239,45,1,0
BRDA:253,46,0,0
BRDA:253,46,1,0
BRDA:258,47,0,0
BRDA:258,47,1,0
BRDA:271,48,0,0
BRDA:271,48,1,0
BRDA:277,49,0,0
BRDA:277,49,1,0
BRDA:278,50,0,0
BRDA:278,50,1,0
BRDA:288,51,0,0
BRDA:288,51,1,0
BRDA:297,52,0,0
BRDA:297,52,1,0
BRDA:313,53,0,0
BRDA:313,53,1,0
BRDA:313,54,0,0
BRDA:313,54,1,0
BRDA:315,55,0,0
BRDA:315,55,1,0
BRDA:326,56,0,0
BRDA:326,56,1,0
BRDA:328,57,0,0
BRDA:328,57,1,0
BRDA:331,58,0,0
BRDA:331,58,1,0
BRDA:332,59,0,0
BRDA:332,59,1,0
BRDA:344,60,0,0
BRDA:344,60,1,0
BRDA:344,61,0,0
BRDA:344,61,1,0
BRDA:345,62,0,0
BRDA:345,62,1,0
BRDA:350,63,0,0
BRDA:350,63,1,0
BRDA:353,64,0,0
BRDA:353,64,1,0
BRDA:353,65,0,0
BRDA:353,65,1,0
BRDA:353,65,2,0
BRDA:353,65,3,0
BRDA:357,66,0,0
BRDA:357,66,1,0
BRDA:360,67,0,0
BRDA:360,67,1,0
BRDA:375,68,0,0
BRDA:375,68,1,0
BRDA:377,69,0,0
BRDA:377,69,1,0
BRDA:377,70,0,0
BRDA:377,70,1,0
BRDA:412,71,0,0
BRDA:412,71,1,0
BRDA:416,72,0,0
BRDA:416,72,1,0
BRDA:419,73,0,0
BRDA:419,73,1,0
BRDA:425,74,0,0
BRDA:425,74,1,0
BRDA:427,75,0,0
BRDA:427,75,1,0
BRDA:430,76,0,0
BRDA:430,76,1,0
BRDA:433,77,0,0
BRDA:433,77,1,0
BRDA:437,78,0,0
BRDA:437,78,1,0
BRDA:439,79,0,0
BRDA:439,79,1,0
BRDA:442,80,0,0
BRDA:442,80,1,0
BRDA:444,81,0,0
BRDA:444,81,1,0
BRDA:454,82,0,0
BRDA:454,82,1,0
BRDA:457,83,0,0
BRDA:457,83,1,0
BRDA:461,84,0,0
BRDA:461,84,1,0
BRDA:465,85,0,0
BRDA:465,85,1,0
BRDA:473,86,0,0
BRDA:473,86,1,0
BRDA:473,87,0,0
BRDA:473,87,1,0
BRDA:505,88,0,0
BRDA:505,88,1,0
BRDA:508,89,0,0
BRDA:508,89,1,0
BRDA:510,90,0,0
BRDA:510,90,1,0
BRDA:513,91,0,0
BRDA:513,91,1,0
BRDA:516,92,0,0
BRDA:516,92,1,0
BRDA:519,93,0,0
BRDA:519,93,1,0
BRDA:525,94,0,0
BRDA:525,94,1,0
BRDA:528,95,0,0
BRDA:528,95,1,0
BRDA:531,96,0,0
BRDA:531,96,1,0
BRDA:554,97,0,0
BRDA:554,97,1,0
BRDA:566,98,0,0
BRDA:566,98,1,0
BRDA:577,99,0,0
BRDA:577,99,1,0
BRDA:590,100,0,0
BRDA:590,100,1,0
BRDA:599,101,0,0
BRDA:599,101,1,0
BRDA:639,102,0,0
BRDA:639,102,1,0
BRDA:646,103,0,0
BRDA:646,103,1,0
BRDA:647,104,0,0
BRDA:647,104,1,0
BRDA:660,105,0,0
BRDA:660,105,1,0
BRDA:671,106,0,0
BRDA:671,106,1,0
BRDA:680,107,0,0
BRDA:680,107,1,0
BRDA:684,108,0,0
BRDA:684,108,1,0
BRDA:685,109,0,0
BRDA:685,109,1,0
BRDA:694,110,0,0
BRDA:694,110,1,0
BRDA:698,111,0,0
BRDA:698,111,1,0
BRDA:699,112,0,0
BRDA:699,112,1,0
BRDA:702,113,0,0
BRDA:702,113,1,0
BRDA:704,114,0,0
BRDA:704,114,1,0
BRDA:711,115,0,0
BRDA:711,115,1,0
BRDA:714,116,0,0
BRDA:714,116,1,0
BRDA:723,117,0,0
BRDA:723,117,1,0
BRDA:723,117,2,0
BRDA:735,118,0,0
BRDA:735,118,1,0
BRDA:738,119,0,0
BRDA:738,119,1,0
BRDA:749,120,0,0
BRDA:749,120,1,0
BRDA:771,121,0,0
BRDA:771,121,1,0
BRDA:798,122,0,0
BRDA:798,122,1,0
BRDA:803,123,0,0
BRDA:803,123,1,0
BRDA:811,124,0,0
BRDA:811,124,1,0
BRDA:829,125,0,0
BRDA:829,125,1,0
BRDA:833,126,0,0
BRDA:833,126,1,0
BRDA:839,127,0,0
BRDA:839,127,1,0
BRDA:842,128,0,0
BRDA:842,128,1,0
BRDA:844,129,0,0
BRDA:844,129,1,0
BRDA:846,130,0,0
BRDA:846,130,1,0
BRDA:863,131,0,0
BRDA:863,131,1,0
BRDA:863,131,2,0
BRDA:878,132,0,0
BRDA:878,132,1,0
BRDA:878,132,2,0
BRDA:902,133,0,0
BRDA:902,133,1,0
BRDA:906,134,0,0
BRDA:906,134,1,0
BRDA:907,135,0,0
BRDA:907,135,1,0
BRDA:909,136,0,0
BRDA:909,136,1,0
BRDA:934,137,0,0
BRDA:934,137,1,0
BRDA:935,138,0,0
BRDA:935,138,1,0
BRDA:937,139,0,0
BRDA:937,139,1,0
BRDA:941,140,0,0
BRDA:941,140,1,0
BRDA:962,141,0,0
BRDA:962,141,1,0
BRDA:963,142,0,0
BRDA:963,142,1,0
BRDA:969,143,0,0
BRDA:969,143,1,0
BRDA:969,143,2,0
BRDA:969,143,3,0
BRDA:976,144,0,0
BRDA:976,144,1,0
BRDA:980,145,0,0
BRDA:980,145,1,0
BRDA:982,146,0,0
BRDA:982,146,1,0
BRDA:987,147,0,0
BRDA:987,147,1,0
BRDA:1012,148,0,0
BRDA:1012,148,1,0
BRDA:1024,149,0,0
BRDA:1024,149,1,0
BRF:308
BRH:0
end_of_record
TN:
SF:src\components\ChatMessage.jsx
FN:8,(anonymous_0)
FN:22,useTypewriter
FN:27,(anonymous_2)
FN:34,(anonymous_3)
FN:44,(anonymous_4)
FN:67,CodeBlock
FN:74,(anonymous_6)
FN:75,(anonymous_7)
FN:98,(anonymous_8)
FN:131,(anonymous_9)
FN:141,(anonymous_10)
FN:142,(anonymous_11)
FN:143,(anonymous_12)
FN:147,(anonymous_13)
FN:149,(anonymous_14)
FN:156,(anonymous_15)
FN:174,(anonymous_16)
FN:175,(anonymous_17)
FN:176,(anonymous_18)
FN:186,(anonymous_19)
FN:187,(anonymous_20)
FN:188,(anonymous_21)
FN:192,(anonymous_22)
FN:194,(anonymous_23)
FN:195,(anonymous_24)
FN:206,(anonymous_25)
FN:210,(anonymous_26)
FN:215,(anonymous_27)
FN:219,(anonymous_28)
FN:225,(anonymous_29)
FN:259,(anonymous_30)
FN:287,(anonymous_31)
FN:302,(anonymous_32)
FN:311,(anonymous_33)
FN:312,(anonymous_34)
FN:321,(anonymous_35)
FN:322,(anonymous_36)
FN:323,(anonymous_37)
FN:324,(anonymous_38)
FN:325,(anonymous_39)
FN:326,(anonymous_40)
FN:327,(anonymous_41)
FN:328,(anonymous_42)
FN:332,(anonymous_43)
FN:337,(anonymous_44)
FN:338,(anonymous_45)
FN:339,(anonymous_46)
FN:340,(anonymous_47)
FN:341,(anonymous_48)
FN:356,(anonymous_49)
FN:363,(anonymous_50)
FN:367,(anonymous_51)
FN:467,(anonymous_52)
FNF:53
FNH:0
FNDA:0,(anonymous_0)
FNDA:0,useTypewriter
FNDA:0,(anonymous_2)
FNDA:0,(anonymous_3)
FNDA:0,(anonymous_4)
FNDA:0,CodeBlock
FNDA:0,(anonymous_6)
FNDA:0,(anonymous_7)
FNDA:0,(anonymous_8)
FNDA:0,(anonymous_9)
FNDA:0,(anonymous_10)
FNDA:0,(anonymous_11)
FNDA:0,(anonymous_12)
FNDA:0,(anonymous_13)
FNDA:0,(anonymous_14)
FNDA:0,(anonymous_15)
FNDA:0,(anonymous_16)
FNDA:0,(anonymous_17)
FNDA:0,(anonymous_18)
FNDA:0,(anonymous_19)
FNDA:0,(anonymous_20)
FNDA:0,(anonymous_21)
FNDA:0,(anonymous_22)
FNDA:0,(anonymous_23)
FNDA:0,(anonymous_24)
FNDA:0,(anonymous_25)
FNDA:0,(anonymous_26)
FNDA:0,(anonymous_27)
FNDA:0,(anonymous_28)
FNDA:0,(anonymous_29)
FNDA:0,(anonymous_30)
FNDA:0,(anonymous_31)
FNDA:0,(anonymous_32)
FNDA:0,(anonymous_33)
FNDA:0,(anonymous_34)
FNDA:0,(anonymous_35)
FNDA:0,(anonymous_36)
FNDA:0,(anonymous_37)
FNDA:0,(anonymous_38)
FNDA:0,(anonymous_39)
FNDA:0,(anonymous_40)
FNDA:0,(anonymous_41)
FNDA:0,(anonymous_42)
FNDA:0,(anonymous_43)
FNDA:0,(anonymous_44)
FNDA:0,(anonymous_45)
FNDA:0,(anonymous_46)
FNDA:0,(anonymous_47)
FNDA:0,(anonymous_48)
FNDA:0,(anonymous_49)
FNDA:0,(anonymous_50)
FNDA:0,(anonymous_51)
FNDA:0,(anonymous_52)
DA:8,0
DA:9,0
DA:10,0
DA:12,0
DA:14,0
DA:15,0
DA:16,0
DA:23,0
DA:24,0
DA:25,0
DA:27,0
DA:28,0
DA:29,0
DA:30,0
DA:32,0
DA:33,0
DA:34,0
DA:35,0
DA:36,0
DA:37,0
DA:38,0
DA:39,0
DA:41,0
DA:44,0
DA:47,0
DA:53,0
DA:54,0
DA:56,0
DA:68,0
DA:69,0
DA:70,0
DA:71,0
DA:72,0
DA:74,0
DA:75,0
DA:78,0
DA:98,0
DA:131,0
DA:132,0
DA:133,0
DA:134,0
DA:135,0
DA:136,0
DA:137,0
DA:138,0
DA:141,0
DA:142,0
DA:143,0
DA:147,0
DA:148,0
DA:149,0
DA:150,0
DA:151,0
DA:156,0
DA:157,0
DA:158,0
DA:159,0
DA:162,0
DA:163,0
DA:164,0
DA:165,0
DA:168,0
DA:169,0
DA:170,0
DA:173,0
DA:174,0
DA:175,0
DA:176,0
DA:179,0
DA:180,0
DA:181,0
DA:182,0
DA:183,0
DA:184,0
DA:186,0
DA:187,0
DA:188,0
DA:191,0
DA:192,0
DA:193,0
DA:194,0
DA:195,0
DA:196,0
DA:197,0
DA:200,0
DA:201,0
DA:206,0
DA:207,0
DA:208,0
DA:209,0
DA:210,0
DA:215,0
DA:216,0
DA:217,0
DA:219,0
DA:220,0
DA:221,0
DA:223,0
DA:225,0
DA:227,0
DA:260,0
DA:261,0
DA:262,0
DA:265,0
DA:269,0
DA:271,0
DA:272,0
DA:278,0
DA:288,0
DA:289,0
DA:290,0
DA:291,0
DA:299,0
DA:303,0
DA:311,0
DA:313,0
DA:314,0
DA:321,0
DA:322,0
DA:323,0
DA:324,0
DA:325,0
DA:326,0
DA:327,0
DA:329,0
DA:333,0
DA:337,0
DA:338,0
DA:339,0
DA:340,0
DA:341,0
DA:357,0
DA:358,0
DA:359,0
DA:360,0
DA:363,0
DA:367,0
DA:467,0
LF:138
LH:0
BRDA:9,0,0,0
BRDA:9,0,1,0
BRDA:10,1,0,0
BRDA:10,1,1,0
BRDA:10,2,0,0
BRDA:10,2,1,0
BRDA:12,3,0,0
BRDA:12,3,1,0
BRDA:14,4,0,0
BRDA:14,4,1,0
BRDA:15,5,0,0
BRDA:15,5,1,0
BRDA:22,6,0,0
BRDA:28,7,0,0
BRDA:28,7,1,0
BRDA:36,8,0,0
BRDA:36,8,1,0
BRDA:70,9,0,0
BRDA:70,9,1,0
BRDA:71,10,0,0
BRDA:71,10,1,0
BRDA:72,11,0,0
BRDA:72,11,1,0
BRDA:88,12,0,0
BRDA:88,12,1,0
BRDA:96,13,0,0
BRDA:96,13,1,0
BRDA:96,13,2,0
BRDA:108,14,0,0
BRDA:108,14,1,0
BRDA:111,15,0,0
BRDA:111,15,1,0
BRDA:150,16,0,0
BRDA:150,16,1,0
BRDA:150,17,0,0
BRDA:150,17,1,0
BRDA:157,18,0,0
BRDA:157,18,1,0
BRDA:162,19,0,0
BRDA:162,19,1,0
BRDA:168,20,0,0
BRDA:168,20,1,0
BRDA:174,21,0,0
BRDA:174,21,1,0
BRDA:175,22,0,0
BRDA:175,22,1,0
BRDA:175,22,2,0
BRDA:184,23,0,0
BRDA:184,23,1,0
BRDA:191,24,0,0
BRDA:191,24,1,0
BRDA:194,25,0,0
BRDA:194,25,1,0
BRDA:195,26,0,0
BRDA:195,26,1,0
BRDA:196,27,0,0
BRDA:196,27,1,0
BRDA:208,28,0,0
BRDA:208,28,1,0
BRDA:216,29,0,0
BRDA:216,29,1,0
BRDA:220,30,0,0
BRDA:220,30,1,0
BRDA:220,31,0,0
BRDA:220,31,1,0
BRDA:230,32,0,0
BRDA:230,32,1,0
BRDA:231,33,0,0
BRDA:231,33,1,0
BRDA:233,34,0,0
BRDA:233,34,1,0
BRDA:236,35,0,0
BRDA:236,35,1,0
BRDA:250,36,0,0
BRDA:250,36,1,0
BRDA:255,37,0,0
BRDA:255,37,1,0
BRDA:260,38,0,0
BRDA:260,38,1,0
BRDA:261,39,0,0
BRDA:261,39,1,0
BRDA:269,40,0,0
BRDA:269,40,1,0
BRDA:271,41,0,0
BRDA:271,41,1,0
BRDA:271,42,0,0
BRDA:271,42,1,0
BRDA:274,43,0,0
BRDA:274,43,1,0
BRDA:280,44,0,0
BRDA:280,44,1,0
BRDA:289,45,0,0
BRDA:289,45,1,0
BRDA:289,46,0,0
BRDA:289,46,1,0
BRDA:292,47,0,0
BRDA:292,47,1,0
BRDA:308,48,0,0
BRDA:308,48,1,0
BRDA:324,49,0,0
BRDA:324,49,1,0
BRDA:329,50,0,0
BRDA:329,50,1,0
BRDA:333,51,0,0
BRDA:333,51,1,0
BRDA:334,52,0,0
BRDA:334,52,1,0
BRDA:337,53,0,0
BRDA:337,53,1,0
BRDA:339,54,0,0
BRDA:339,54,1,0
BRDA:341,55,0,0
BRDA:341,55,1,0
BRDA:344,56,0,0
BRDA:344,56,1,0
BRDA:347,57,0,0
BRDA:347,57,1,0
BRDA:353,58,0,0
BRDA:353,58,1,0
BRDA:353,58,2,0
BRDA:354,59,0,0
BRDA:354,59,1,0
BRDA:357,60,0,0
BRDA:357,60,1,0
BRDA:358,61,0,0
BRDA:358,61,1,0
BRDA:361,62,0,0
BRDA:361,62,1,0
BRDA:362,63,0,0
BRDA:362,63,1,0
BRDA:397,64,0,0
BRDA:397,64,1,0
BRDA:400,65,0,0
BRDA:400,65,1,0
BRDA:400,65,2,0
BRDA:400,65,3,0
BRDA:406,66,0,0
BRDA:406,66,1,0
BRDA:407,67,0,0
BRDA:407,67,1,0
BRDA:413,68,0,0
BRDA:413,68,1,0
BRDA:413,68,2,0
BRDA:424,69,0,0
BRDA:424,69,1,0
BRDA:426,70,0,0
BRDA:426,70,1,0
BRDA:427,71,0,0
BRDA:427,71,1,0
BRDA:435,72,0,0
BRDA:435,72,1,0
BRDA:435,72,2,0
BRDA:440,73,0,0
BRDA:440,73,1,0
BRDA:441,74,0,0
BRDA:441,74,1,0
BRDA:445,75,0,0
BRDA:445,75,1,0
BRDA:457,76,0,0
BRDA:457,76,1,0
BRDA:458,77,0,0
BRDA:458,77,1,0
BRDA:463,78,0,0
BRDA:463,78,1,0
BRF:164
BRH:0
end_of_record
TN:
SF:src\components\DarkModeToggle.jsx
FN:7,(anonymous_0)
FNF:1
FNH:0
FNDA:0,(anonymous_0)
DA:7,0
DA:8,0
LF:2
LH:0
BRDA:7,0,0,0
BRDA:10,1,0,0
BRDA:10,1,1,0
BRDA:12,2,0,0
BRDA:12,2,1,0
BRDA:17,3,0,0
BRDA:17,3,1,0
BRF:7
BRH:0
end_of_record
TN:
SF:src\components\EmbedChat.jsx
FN:18,(anonymous_0)
FN:26,EmbedMessage
FN:32,(anonymous_2)
FN:49,(anonymous_3)
FN:50,(anonymous_4)
FN:51,(anonymous_5)
FN:52,(anonymous_6)
FN:57,(anonymous_7)
FN:58,(anonymous_8)
FN:59,(anonymous_9)
FN:69,TypingDots
FN:72,(anonymous_11)
FN:84,EmbedLoginForm
FN:91,(anonymous_13)
FN:173,(anonymous_14)
FN:185,(anonymous_15)
FN:186,(anonymous_16)
FN:207,(anonymous_17)
FN:217,(anonymous_18)
FN:218,(anonymous_19)
FN:223,(anonymous_20)
FN:223,(anonymous_21)
FN:303,EmbedChat
FN:336,(anonymous_23)
FN:337,(anonymous_24)
FN:350,(anonymous_25)
FN:352,(anonymous_26)
FN:363,(anonymous_27)
FN:368,(anonymous_28)
FN:373,(anonymous_29)
FN:379,(anonymous_30)
FN:389,(anonymous_31)
FN:391,(anonymous_32)
FN:396,(anonymous_33)
FN:407,(anonymous_34)
FN:411,(anonymous_35)
FN:413,(anonymous_36)
FN:493,(anonymous_37)
FN:509,(anonymous_38)
FN:530,(anonymous_39)
FN:533,(anonymous_40)
FN:545,(anonymous_41)
FN:587,(anonymous_42)
FN:589,(anonymous_43)
FNF:44
FNH:0
FNDA:0,(anonymous_0)
FNDA:0,EmbedMessage
FNDA:0,(anonymous_2)
FNDA:0,(anonymous_3)
FNDA:0,(anonymous_4)
FNDA:0,(anonymous_5)
FNDA:0,(anonymous_6)
FNDA:0,(anonymous_7)
FNDA:0,(anonymous_8)
FNDA:0,(anonymous_9)
FNDA:0,TypingDots
FNDA:0,(anonymous_11)
FNDA:0,EmbedLoginForm
FNDA:0,(anonymous_13)
FNDA:0,(anonymous_14)
FNDA:0,(anonymous_15)
FNDA:0,(anonymous_16)
FNDA:0,(anonymous_17)
FNDA:0,(anonymous_18)
FNDA:0,(anonymous_19)
FNDA:0,(anonymous_20)
FNDA:0,(anonymous_21)
FNDA:0,EmbedChat
FNDA:0,(anonymous_23)
FNDA:0,(anonymous_24)
FNDA:0,(anonymous_25)
FNDA:0,(anonymous_26)
FNDA:0,(anonymous_27)
FNDA:0,(anonymous_28)
FNDA:0,(anonymous_29)
FNDA:0,(anonymous_30)
FNDA:0,(anonymous_31)
FNDA:0,(anonymous_32)
FNDA:0,(anonymous_33)
FNDA:0,(anonymous_34)
FNDA:0,(anonymous_35)
FNDA:0,(anonymous_36)
FNDA:0,(anonymous_37)
FNDA:0,(anonymous_38)
FNDA:0,(anonymous_39)
FNDA:0,(anonymous_40)
FNDA:0,(anonymous_41)
FNDA:0,(anonymous_42)
FNDA:0,(anonymous_43)
DA:15,0
DA:18,0
DA:19,0
DA:20,0
DA:21,0
DA:22,0
DA:27,0
DA:33,0
DA:34,0
DA:35,0
DA:41,0
DA:49,0
DA:50,0
DA:51,0
DA:53,0
DA:57,0
DA:58,0
DA:59,0
DA:70,0
DA:73,0
DA:85,0
DA:86,0
DA:87,0
DA:88,0
DA:89,0
DA:91,0
DA:92,0
DA:93,0
DA:94,0
DA:95,0
DA:96,0
DA:97,0
DA:101,0
DA:103,0
DA:106,0
DA:108,0
DA:112,0
DA:173,0
DA:185,0
DA:186,0
DA:207,0
DA:217,0
DA:218,0
DA:223,0
DA:304,0
DA:305,0
DA:307,0
DA:308,0
DA:309,0
DA:310,0
DA:312,0
DA:313,0
DA:314,0
DA:315,0
DA:316,0
DA:317,0
DA:318,0
DA:319,0
DA:321,0
DA:322,0
DA:323,0
DA:326,0
DA:327,0
DA:328,0
DA:329,0
DA:330,0
DA:331,0
DA:332,0
DA:333,0
DA:336,0
DA:337,0
DA:338,0
DA:339,0
DA:340,0
DA:342,0
DA:344,0
DA:350,0
DA:351,0
DA:352,0
DA:353,0
DA:354,0
DA:355,0
DA:357,0
DA:363,0
DA:364,0
DA:368,0
DA:369,0
DA:373,0
DA:374,0
DA:375,0
DA:376,0
DA:377,0
DA:379,0
DA:382,0
DA:384,0
DA:385,0
DA:389,0
DA:391,0
DA:394,0
DA:396,0
DA:403,0
DA:407,0
DA:408,0
DA:411,0
DA:412,0
DA:413,0
DA:417,0
DA:418,0
DA:428,0
DA:429,0
DA:445,0
DA:446,0
DA:456,0
DA:457,0
DA:465,0
DA:468,0
DA:494,0
DA:495,0
DA:496,0
DA:497,0
DA:498,0
DA:509,0
DA:531,0
DA:533,0
DA:546,0
DA:547,0
DA:587,0
DA:590,0
DA:591,0
DA:592,0
LF:130
LH:0
BRDA:19,0,0,0
BRDA:19,0,1,0
BRDA:20,1,0,0
BRDA:20,1,1,0
BRDA:21,2,0,0
BRDA:21,2,1,0
BRDA:28,3,0,0
BRDA:28,3,1,0
BRDA:34,4,0,0
BRDA:34,4,1,0
BRDA:62,5,0,0
BRDA:62,5,1,0
BRDA:76,6,0,0
BRDA:76,6,1,0
BRDA:93,7,0,0
BRDA:93,7,1,0
BRDA:93,8,0,0
BRDA:93,8,1,0
BRDA:103,9,0,0
BRDA:103,9,1,0
BRDA:105,10,0,0
BRDA:105,10,1,0
BRDA:180,11,0,0
BRDA:180,11,1,0
BRDA:205,12,0,0
BRDA:205,12,1,0
BRDA:213,13,0,0
BRDA:213,13,1,0
BRDA:228,14,0,0
BRDA:228,14,1,0
BRDA:243,15,0,0
BRDA:243,15,1,0
BRDA:258,16,0,0
BRDA:258,16,1,0
BRDA:258,16,2,0
BRDA:261,17,0,0
BRDA:261,17,1,0
BRDA:261,18,0,0
BRDA:261,18,1,0
BRDA:261,18,2,0
BRDA:262,19,0,0
BRDA:262,19,1,0
BRDA:262,20,0,0
BRDA:262,20,1,0
BRDA:262,20,2,0
BRDA:265,21,0,0
BRDA:265,21,1,0
BRDA:290,22,0,0
BRDA:290,22,1,0
BRDA:307,23,0,0
BRDA:307,23,1,0
BRDA:309,24,0,0
BRDA:309,24,1,0
BRDA:309,25,0,0
BRDA:309,25,1,0
BRDA:326,26,0,0
BRDA:326,26,1,0
BRDA:327,27,0,0
BRDA:327,27,1,0
BRDA:328,28,0,0
BRDA:328,28,1,0
BRDA:329,29,0,0
BRDA:329,29,1,0
BRDA:330,30,0,0
BRDA:330,30,1,0
BRDA:332,31,0,0
BRDA:332,31,1,0
BRDA:333,32,0,0
BRDA:333,32,1,0
BRDA:351,33,0,0
BRDA:351,33,1,0
BRDA:351,34,0,0
BRDA:351,34,1,0
BRDA:374,35,0,0
BRDA:374,35,1,0
BRDA:374,36,0,0
BRDA:374,36,1,0
BRDA:374,36,2,0
BRDA:377,37,0,0
BRDA:377,37,1,0
BRDA:394,38,0,0
BRDA:394,38,1,0
BRDA:408,39,0,0
BRDA:408,39,1,0
BRDA:408,40,0,0
BRDA:408,40,1,0
BRDA:417,41,0,0
BRDA:417,41,1,0
BRDA:428,42,0,0
BRDA:428,42,1,0
BRDA:445,43,0,0
BRDA:445,43,1,0
BRDA:456,44,0,0
BRDA:456,44,1,0
BRDA:521,45,0,0
BRDA:521,45,1,0
BRDA:526,46,0,0
BRDA:526,46,1,0
BRDA:528,47,0,0
BRDA:528,47,1,0
BRDA:548,48,0,0
BRDA:548,48,1,0
BRDA:549,49,0,0
BRDA:549,49,1,0
BRDA:553,50,0,0
BRDA:553,50,1,0
BRDA:554,51,0,0
BRDA:554,51,1,0
BRDA:555,52,0,0
BRDA:555,52,1,0
BRDA:560,53,0,0
BRDA:560,53,1,0
BRDA:568,54,0,0
BRDA:568,54,1,0
BRDA:584,55,0,0
BRDA:584,55,1,0
BRDA:603,56,0,0
BRDA:603,56,1,0
BRDA:611,57,0,0
BRDA:611,57,1,0
BRF:120
BRH:0
end_of_record
TN:
SF:src\components\EmbedCodeModal.jsx
FN:44,EmbedCodeModal
FN:130,(anonymous_1)
FN:133,(anonymous_2)
FN:163,(anonymous_3)
FN:166,(anonymous_4)
FN:207,(anonymous_5)
FN:208,(anonymous_6)
FN:222,(anonymous_7)
FN:223,(anonymous_8)
FN:234,(anonymous_9)
FN:236,(anonymous_10)
FN:247,(anonymous_11)
FN:248,(anonymous_12)
FN:253,(anonymous_13)
FN:262,(anonymous_14)
FN:385,(anonymous_15)
FN:385,(anonymous_16)
FNF:17
FNH:0
FNDA:0,EmbedCodeModal
FNDA:0,(anonymous_1)
FNDA:0,(anonymous_2)
FNDA:0,(anonymous_3)
FNDA:0,(anonymous_4)
FNDA:0,(anonymous_5)
FNDA:0,(anonymous_6)
FNDA:0,(anonymous_7)
FNDA:0,(anonymous_8)
FNDA:0,(anonymous_9)
FNDA:0,(anonymous_10)
FNDA:0,(anonymous_11)
FNDA:0,(anonymous_12)
FNDA:0,(anonymous_13)
FNDA:0,(anonymous_14)
FNDA:0,(anonymous_15)
FNDA:0,(anonymous_16)
DA:8,0
DA:13,0
DA:24,0
DA:31,0
DA:37,0
DA:45,0
DA:46,0
DA:47,0
DA:48,0
DA:49,0
DA:50,0
DA:51,0
DA:53,0
DA:54,0
DA:55,0
DA:56,0
DA:57,0
DA:59,0
DA:60,0
DA:64,0
DA:77,0
DA:88,0
DA:111,0
DA:127,0
DA:128,0
DA:130,0
DA:131,0
DA:132,0
DA:133,0
DA:136,0
DA:164,0
DA:166,0
DA:208,0
DA:223,0
DA:234,0
DA:237,0
DA:248,0
DA:253,0
DA:262,0
DA:385,0
LF:40
LH:0
BRDA:56,0,0,0
BRDA:56,0,1,0
BRDA:57,1,0,0
BRDA:57,1,1,0
BRDA:168,2,0,0
BRDA:168,2,1,0
BRDA:174,3,0,0
BRDA:174,3,1,0
BRDA:185,4,0,0
BRDA:185,4,1,0
BRDA:188,5,0,0
BRDA:188,5,1,0
BRDA:191,6,0,0
BRDA:191,6,1,0
BRDA:194,7,0,0
BRDA:194,7,1,0
BRDA:210,8,0,0
BRDA:210,8,1,0
BRDA:218,9,0,0
BRDA:218,9,1,0
BRDA:225,10,0,0
BRDA:225,10,1,0
BRDA:237,11,0,0
BRDA:237,11,1,0
BRDA:249,12,0,0
BRDA:249,12,1,0
BRDA:263,13,0,0
BRDA:263,13,1,0
BRDA:264,14,0,0
BRDA:264,14,1,0
BRDA:272,15,0,0
BRDA:272,15,1,0
BRDA:285,16,0,0
BRDA:285,16,1,0
BRDA:303,17,0,0
BRDA:303,17,1,0
BRDA:310,18,0,0
BRDA:310,18,1,0
BRDA:316,19,0,0
BRDA:316,19,1,0
BRDA:323,20,0,0
BRDA:323,20,1,0
BRDA:324,21,0,0
BRDA:324,21,1,0
BRDA:338,22,0,0
BRDA:338,22,1,0
BRDA:348,23,0,0
BRDA:348,23,1,0
BRDA:351,24,0,0
BRDA:351,24,1,0
BRDA:357,25,0,0
BRDA:357,25,1,0
BRDA:398,26,0,0
BRDA:398,26,1,0
BRF:54
BRH:0
end_of_record
TN:
SF:src\components\Login.jsx
FN:6,(anonymous_0)
FN:14,(anonymous_1)
FN:16,(anonymous_2)
FN:70,(anonymous_3)
FN:110,(anonymous_4)
FN:135,(anonymous_5)
FNF:6
FNH:0
FNDA:0,(anonymous_0)
FNDA:0,(anonymous_1)
FNDA:0,(anonymous_2)
FNDA:0,(anonymous_3)
FNDA:0,(anonymous_4)
FNDA:0,(anonymous_5)
DA:6,0
DA:7,0
DA:8,0
DA:9,0
DA:10,0
DA:11,0
DA:14,0
DA:16,0
DA:17,0
DA:18,0
DA:19,0
DA:21,0
DA:23,0
DA:29,0
DA:30,0
DA:33,0
DA:34,0
DA:35,0
DA:36,0
DA:37,0
DA:39,0
DA:42,0
DA:44,0
DA:46,0
DA:50,0
DA:71,0
DA:72,0
DA:110,0
DA:135,0
LF:29
LH:0
BRDA:35,0,0,0
BRDA:35,0,1,0
BRDA:36,1,0,0
BRDA:36,1,1,0
BRDA:39,2,0,0
BRDA:39,2,1,0
BRDA:97,3,0,0
BRDA:97,3,1,0
BRDA:144,4,0,0
BRDA:144,4,1,0
BRDA:158,5,0,0
BRDA:158,5,1,0
BRF:12
BRH:0
end_of_record
TN:
SF:src\components\TokenReportPDF.js
FN:22,(anonymous_0)
FN:23,(anonymous_1)
FN:24,(anonymous_2)
FN:27,drawRoundedRect
FN:33,drawGradientBar
FN:45,drawPieChart
FN:47,(anonymous_6)
FN:50,(anonymous_7)
FN:85,drawBarChart
FN:87,(anonymous_9)
FN:98,(anonymous_10)
FN:115,generateTokenReport
FN:176,(anonymous_12)
FN:271,(anonymous_13)
FN:285,(anonymous_14)
FN:323,(anonymous_15)
FN:346,(anonymous_16)
FN:390,(anonymous_17)
FN:423,(anonymous_18)
FN:437,(anonymous_19)
FNF:20
FNH:0
FNDA:0,(anonymous_0)
FNDA:0,(anonymous_1)
FNDA:0,(anonymous_2)
FNDA:0,drawRoundedRect
FNDA:0,drawGradientBar
FNDA:0,drawPieChart
FNDA:0,(anonymous_6)
FNDA:0,(anonymous_7)
FNDA:0,drawBarChart
FNDA:0,(anonymous_9)
FNDA:0,(anonymous_10)
FNDA:0,generateTokenReport
FNDA:0,(anonymous_12)
FNDA:0,(anonymous_13)
FNDA:0,(anonymous_14)
FNDA:0,(anonymous_15)
FNDA:0,(anonymous_16)
FNDA:0,(anonymous_17)
FNDA:0,(anonymous_18)
FNDA:0,(anonymous_19)
DA:6,0
DA:22,0
DA:23,0
DA:24,0
DA:28,0
DA:29,0
DA:30,0
DA:35,0
DA:36,0
DA:38,0
DA:39,0
DA:40,0
DA:41,0
DA:46,0
DA:47,0
DA:48,0
DA:49,0
DA:50,0
DA:51,0
DA:52,0
DA:53,0
DA:55,0
DA:56,0
DA:57,0
DA:58,0
DA:59,0
DA:60,0
DA:61,0
DA:64,0
DA:65,0
DA:72,0
DA:75,0
DA:76,0
DA:77,0
DA:78,0
DA:81,0
DA:82,0
DA:86,0
DA:87,0
DA:88,0
DA:89,0
DA:91,0
DA:92,0
DA:93,0
DA:94,0
DA:95,0
DA:98,0
DA:99,0
DA:100,0
DA:101,0
DA:102,0
DA:103,0
DA:105,0
DA:106,0
DA:107,0
DA:108,0
DA:116,0
DA:117,0
DA:118,0
DA:119,0
DA:120,0
DA:121,0
DA:122,0
DA:123,0
DA:128,0
DA:130,0
DA:131,0
DA:134,0
DA:135,0
DA:136,0
DA:137,0
DA:139,0
DA:140,0
DA:141,0
DA:142,0
DA:145,0
DA:148,0
DA:149,0
DA:150,0
DA:151,0
DA:154,0
DA:155,0
DA:156,0
DA:158,0
DA:161,0
DA:162,0
DA:163,0
DA:164,0
DA:165,0
DA:167,0
DA:168,0
DA:175,0
DA:176,0
DA:177,0
DA:178,0
DA:180,0
DA:181,0
DA:182,0
DA:184,0
DA:185,0
DA:186,0
DA:187,0
DA:189,0
DA:190,0
DA:191,0
DA:192,0
DA:195,0
DA:198,0
DA:199,0
DA:200,0
DA:201,0
DA:202,0
DA:204,0
DA:206,0
DA:207,0
DA:210,0
DA:211,0
DA:212,0
DA:213,0
DA:215,0
DA:216,0
DA:217,0
DA:218,0
DA:219,0
DA:220,0
DA:222,0
DA:223,0
DA:224,0
DA:229,0
DA:230,0
DA:231,0
DA:232,0
DA:233,0
DA:234,0
DA:235,0
DA:237,0
DA:238,0
DA:239,0
DA:241,0
DA:244,0
DA:245,0
DA:246,0
DA:247,0
DA:248,0
DA:250,0
DA:251,0
DA:252,0
DA:253,0
DA:272,0
DA:273,0
DA:287,0
DA:288,0
DA:289,0
DA:290,0
DA:291,0
DA:292,0
DA:293,0
DA:298,0
DA:302,0
DA:303,0
DA:306,0
DA:307,0
DA:308,0
DA:309,0
DA:310,0
DA:311,0
DA:312,0
DA:313,0
DA:316,0
DA:317,0
DA:318,0
DA:319,0
DA:320,0
DA:322,0
DA:323,0
DA:324,0
DA:326,0
DA:328,0
DA:329,0
DA:331,0
DA:334,0
DA:335,0
DA:336,0
DA:337,0
DA:338,0
DA:339,0
DA:340,0
DA:341,0
DA:344,0
DA:345,0
DA:346,0
DA:347,0
DA:348,0
DA:349,0
DA:350,0
DA:351,0
DA:352,0
DA:353,0
DA:354,0
DA:355,0
DA:356,0
DA:357,0
DA:359,0
DA:360,0
DA:361,0
DA:364,0
DA:368,0
DA:369,0
DA:370,0
DA:371,0
DA:372,0
DA:374,0
DA:375,0
DA:391,0
DA:392,0
DA:397,0
DA:401,0
DA:402,0
DA:404,0
DA:405,0
DA:406,0
DA:407,0
DA:408,0
DA:409,0
DA:410,0
DA:411,0
DA:412,0
DA:413,0
DA:416,0
DA:417,0
DA:418,0
DA:419,0
DA:420,0
DA:422,0
DA:423,0
DA:424,0
DA:426,0
DA:429,0
DA:430,0
DA:438,0
DA:439,0
DA:440,0
DA:441,0
DA:442,0
DA:443,0
DA:448,0
DA:451,0
DA:456,0
DA:457,0
DA:458,0
DA:460,0
DA:461,0
DA:462,0
DA:464,0
DA:465,0
DA:466,0
DA:467,0
DA:468,0
DA:470,0
DA:471,0
DA:472,0
DA:473,0
DA:477,0
DA:478,0
DA:479,0
LF:265
LH:0
BRDA:22,0,0,0
BRDA:22,0,1,0
BRDA:23,1,0,0
BRDA:23,1,1,0
BRDA:24,2,0,0
BRDA:24,2,1,0
BRDA:29,3,0,0
BRDA:29,3,1,0
BRDA:30,4,0,0
BRDA:30,4,1,0
BRDA:38,5,0,0
BRDA:38,5,1,0
BRDA:46,6,0,0
BRDA:46,6,1,0
BRDA:46,7,0,0
BRDA:46,7,1,0
BRDA:48,8,0,0
BRDA:48,8,1,0
BRDA:86,9,0,0
BRDA:86,9,1,0
BRDA:86,10,0,0
BRDA:86,10,1,0
BRDA:107,11,0,0
BRDA:107,11,1,0
BRDA:145,12,0,0
BRDA:145,12,1,0
BRDA:145,13,0,0
BRDA:145,13,1,0
BRDA:147,14,0,0
BRDA:147,14,1,0
BRDA:147,15,0,0
BRDA:147,15,1,0
BRDA:167,16,0,0
BRDA:167,16,1,0
BRDA:172,17,0,0
BRDA:172,17,1,0
BRDA:217,18,0,0
BRDA:217,18,1,0
BRDA:222,19,0,0
BRDA:222,19,1,0
BRDA:222,20,0,0
BRDA:222,20,1,0
BRDA:250,21,0,0
BRDA:250,21,1,0
BRDA:251,22,0,0
BRDA:251,22,1,0
BRDA:252,23,0,0
BRDA:252,23,1,0
BRDA:272,24,0,0
BRDA:272,24,1,0
BRDA:275,25,0,0
BRDA:275,25,1,0
BRDA:276,26,0,0
BRDA:276,26,1,0
BRDA:287,27,0,0
BRDA:287,27,1,0
BRDA:287,28,0,0
BRDA:287,28,1,0
BRDA:289,29,0,0
BRDA:289,29,1,0
BRDA:322,30,0,0
BRDA:322,30,1,0
BRDA:323,31,0,0
BRDA:323,31,1,0
BRDA:326,32,0,0
BRDA:326,32,1,0
BRDA:353,33,0,0
BRDA:353,33,1,0
BRDA:359,34,0,0
BRDA:359,34,1,0
BRDA:374,35,0,0
BRDA:374,35,1,0
BRDA:391,36,0,0
BRDA:391,36,1,0
BRDA:392,37,0,0
BRDA:392,37,1,0
BRDA:401,38,0,0
BRDA:401,38,1,0
BRDA:402,39,0,0
BRDA:402,39,1,0
BRDA:404,40,0,0
BRDA:404,40,1,0
BRDA:429,41,0,0
BRDA:429,41,1,0
BRDA:444,42,0,0
BRDA:444,42,1,0
BRDA:445,43,0,0
BRDA:445,43,1,0
BRDA:445,44,0,0
BRDA:445,44,1,0
BRDA:445,45,0,0
BRDA:445,45,1,0
BRF:92
BRH:0
end_of_record
TN:
SF:src\components\VoiceModal.jsx
FN:9,AudioWave
FN:13,(anonymous_1)
FN:29,VoiceOrb
FN:87,VoiceModal
FN:102,(anonymous_4)
FNF:5
FNH:0
FNDA:0,AudioWave
FNDA:0,(anonymous_1)
FNDA:0,VoiceOrb
FNDA:0,VoiceModal
FNDA:0,(anonymous_4)
DA:10,0
DA:11,0
DA:14,0
DA:30,0
DA:31,0
DA:32,0
DA:34,0
DA:88,0
DA:95,0
DA:103,0
LF:10
LH:0
BRDA:18,0,0,0
BRDA:18,0,1,0
BRDA:19,1,0,0
BRDA:19,1,1,0
BRDA:20,2,0,0
BRDA:20,2,1,0
BRDA:37,3,0,0
BRDA:37,3,1,0
BRDA:37,3,2,0
BRDA:47,4,0,0
BRDA:47,4,1,0
BRDA:48,5,0,0
BRDA:48,5,1,0
BRDA:49,6,0,0
BRDA:49,6,1,0
BRDA:50,7,0,0
BRDA:50,7,1,0
BRDA:55,8,0,0
BRDA:55,8,1,0
BRDA:61,9,0,0
BRDA:61,9,1,0
BRDA:68,10,0,0
BRDA:68,10,1,0
BRDA:75,11,0,0
BRDA:75,11,1,0
BRDA:88,12,0,0
BRDA:88,12,1,0
BRDA:92,13,0,0
BRDA:92,13,1,0
BRDA:123,14,0,0
BRDA:123,14,1,0
BRDA:131,15,0,0
BRDA:131,15,1,0
BRF:33
BRH:0
end_of_record
TN:
SF:src\components\WahaConfigSection.jsx
FN:15,(anonymous_0)
FN:27,(anonymous_1)
FN:36,ScheduleRow
FN:39,(anonymous_3)
FN:47,(anonymous_4)
FN:55,(anonymous_5)
FN:66,(anonymous_6)
FN:70,(anonymous_7)
FN:82,(anonymous_8)
FN:92,(anonymous_9)
FN:108,(anonymous_10)
FN:118,(anonymous_11)
FN:122,(anonymous_12)
FN:144,(anonymous_13)
FN:146,(anonymous_14)
FN:146,(anonymous_15)
FN:162,(anonymous_16)
FN:166,(anonymous_17)
FN:166,(anonymous_18)
FN:182,(anonymous_19)
FN:192,TargetEditor
FN:193,(anonymous_21)
FN:195,(anonymous_22)
FN:196,(anonymous_23)
FN:197,(anonymous_24)
FN:197,(anonymous_25)
FN:204,(anonymous_26)
FN:213,(anonymous_27)
FN:228,(anonymous_28)
FN:251,(anonymous_29)
FN:253,(anonymous_30)
FN:254,(anonymous_31)
FN:264,WahaConfigSection
FN:268,(anonymous_33)
FN:268,(anonymous_34)
FN:273,(anonymous_35)
FN:274,(anonymous_36)
FN:275,(anonymous_37)
FN:275,(anonymous_38)
FN:277,(anonymous_39)
FN:278,(anonymous_40)
FN:279,(anonymous_41)
FN:279,(anonymous_42)
FN:281,(anonymous_43)
FN:282,(anonymous_44)
FN:289,(anonymous_45)
FN:291,(anonymous_46)
FN:293,(anonymous_47)
FN:323,(anonymous_48)
FN:348,(anonymous_49)
FN:441,(anonymous_50)
FN:455,(anonymous_51)
FN:465,(anonymous_52)
FN:491,(anonymous_53)
FN:493,(anonymous_54)
FN:494,(anonymous_55)
FN:522,(anonymous_56)
FN:526,(anonymous_57)
FN:527,(anonymous_58)
FN:528,(anonymous_59)
FNF:60
FNH:0
FNDA:0,(anonymous_0)
FNDA:0,(anonymous_1)
FNDA:0,ScheduleRow
FNDA:0,(anonymous_3)
FNDA:0,(anonymous_4)
FNDA:0,(anonymous_5)
FNDA:0,(anonymous_6)
FNDA:0,(anonymous_7)
FNDA:0,(anonymous_8)
FNDA:0,(anonymous_9)
FNDA:0,(anonymous_10)
FNDA:0,(anonymous_11)
FNDA:0,(anonymous_12)
FNDA:0,(anonymous_13)
FNDA:0,(anonymous_14)
FNDA:0,(anonymous_15)
FNDA:0,(anonymous_16)
FNDA:0,(anonymous_17)
FNDA:0,(anonymous_18)
FNDA:0,(anonymous_19)
FNDA:0,TargetEditor
FNDA:0,(anonymous_21)
FNDA:0,(anonymous_22)
FNDA:0,(anonymous_23)
FNDA:0,(anonymous_24)
FNDA:0,(anonymous_25)
FNDA:0,(anonymous_26)
FNDA:0,(anonymous_27)
FNDA:0,(anonymous_28)
FNDA:0,(anonymous_29)
FNDA:0,(anonymous_30)
FNDA:0,(anonymous_31)
FNDA:0,WahaConfigSection
FNDA:0,(anonymous_33)
FNDA:0,(anonymous_34)
FNDA:0,(anonymous_35)
FNDA:0,(anonymous_36)
FNDA:0,(anonymous_37)
FNDA:0,(anonymous_38)
FNDA:0,(anonymous_39)
FNDA:0,(anonymous_40)
FNDA:0,(anonymous_41)
FNDA:0,(anonymous_42)
FNDA:0,(anonymous_43)
FNDA:0,(anonymous_44)
FNDA:0,(anonymous_45)
FNDA:0,(anonymous_46)
FNDA:0,(anonymous_47)
FNDA:0,(anonymous_48)
FNDA:0,(anonymous_49)
FNDA:0,(anonymous_50)
FNDA:0,(anonymous_51)
FNDA:0,(anonymous_52)
FNDA:0,(anonymous_53)
FNDA:0,(anonymous_54)
FNDA:0,(anonymous_55)
FNDA:0,(anonymous_56)
FNDA:0,(anonymous_57)
FNDA:0,(anonymous_58)
FNDA:0,(anonymous_59)
DA:8,0
DA:15,0
DA:27,0
DA:37,0
DA:39,0
DA:41,0
DA:47,0
DA:55,0
DA:67,0
DA:70,0
DA:82,0
DA:92,0
DA:108,0
DA:119,0
DA:122,0
DA:145,0
DA:146,0
DA:147,0
DA:163,0
DA:166,0
DA:182,0
DA:193,0
DA:195,0
DA:196,0
DA:197,0
DA:199,0
DA:204,0
DA:213,0
DA:228,0
DA:252,0
DA:253,0
DA:254,0
DA:265,0
DA:266,0
DA:268,0
DA:273,0
DA:274,0
DA:275,0
DA:277,0
DA:278,0
DA:279,0
DA:281,0
DA:282,0
DA:285,0
DA:289,0
DA:290,0
DA:291,0
DA:292,0
DA:293,0
DA:297,0
DA:323,0
DA:348,0
DA:441,0
DA:455,0
DA:465,0
DA:492,0
DA:493,0
DA:494,0
DA:523,0
DA:526,0
DA:527,0
DA:528,0
LF:62
LH:0
BRDA:37,0,0,0
BRDA:37,0,1,0
BRDA:48,1,0,0
BRDA:48,1,1,0
BRDA:50,2,0,0
BRDA:50,2,1,0
BRDA:54,3,0,0
BRDA:54,3,1,0
BRDA:72,4,0,0
BRDA:72,4,1,0
BRDA:86,5,0,0
BRDA:86,5,1,0
BRDA:91,6,0,0
BRDA:91,6,1,0
BRDA:98,7,0,0
BRDA:98,7,1,0
BRDA:107,8,0,0
BRDA:107,8,1,0
BRDA:108,9,0,0
BRDA:108,9,1,0
BRDA:112,10,0,0
BRDA:112,10,1,0
BRDA:113,11,0,0
BRDA:113,11,1,0
BRDA:124,12,0,0
BRDA:124,12,1,0
BRDA:129,13,0,0
BRDA:129,13,1,0
BRDA:136,14,0,0
BRDA:136,14,1,0
BRDA:152,15,0,0
BRDA:152,15,1,0
BRDA:152,16,0,0
BRDA:152,16,1,0
BRDA:154,17,0,0
BRDA:154,17,1,0
BRDA:154,18,0,0
BRDA:154,18,1,0
BRDA:181,19,0,0
BRDA:181,19,1,0
BRDA:195,20,0,0
BRDA:195,20,1,0
BRDA:196,21,0,0
BRDA:196,21,1,0
BRDA:197,22,0,0
BRDA:197,22,1,0
BRDA:200,23,0,0
BRDA:200,23,1,0
BRDA:205,24,0,0
BRDA:205,24,1,0
BRDA:207,25,0,0
BRDA:207,25,1,0
BRDA:212,26,0,0
BRDA:212,26,1,0
BRDA:227,27,0,0
BRDA:227,27,1,0
BRDA:245,28,0,0
BRDA:245,28,1,0
BRDA:245,29,0,0
BRDA:245,29,1,0
BRDA:251,30,0,0
BRDA:251,30,1,0
BRDA:252,31,0,0
BRDA:252,31,1,0
BRDA:265,32,0,0
BRDA:265,32,1,0
BRDA:273,33,0,0
BRDA:273,33,1,0
BRDA:274,34,0,0
BRDA:274,34,1,0
BRDA:275,35,0,0
BRDA:275,35,1,0
BRDA:277,36,0,0
BRDA:277,36,1,0
BRDA:278,37,0,0
BRDA:278,37,1,0
BRDA:279,38,0,0
BRDA:279,38,1,0
BRDA:281,39,0,0
BRDA:281,39,1,0
BRDA:281,40,0,0
BRDA:281,40,1,0
BRDA:282,41,0,0
BRDA:282,41,1,0
BRDA:285,42,0,0
BRDA:285,42,1,0
BRDA:290,43,0,0
BRDA:290,43,1,0
BRDA:298,44,0,0
BRDA:298,44,1,0
BRDA:305,45,0,0
BRDA:305,45,1,0
BRDA:307,46,0,0
BRDA:307,46,1,0
BRDA:312,47,0,0
BRDA:312,47,1,0
BRDA:324,48,0,0
BRDA:324,48,1,0
BRDA:326,49,0,0
BRDA:326,49,1,0
BRDA:330,50,0,0
BRDA:330,50,1,0
BRDA:334,51,0,0
BRDA:334,51,1,0
BRDA:349,52,0,0
BRDA:349,52,1,0
BRDA:351,53,0,0
BRDA:351,53,1,0
BRDA:355,54,0,0
BRDA:355,54,1,0
BRDA:358,55,0,0
BRDA:358,55,1,0
BRDA:370,56,0,0
BRDA:370,56,1,0
BRDA:372,57,0,0
BRDA:372,57,1,0
BRDA:389,58,0,0
BRDA:389,58,1,0
BRDA:397,59,0,0
BRDA:397,59,1,0
BRDA:440,60,0,0
BRDA:440,60,1,0
BRDA:454,61,0,0
BRDA:454,61,1,0
BRDA:464,62,0,0
BRDA:464,62,1,0
BRDA:485,63,0,0
BRDA:485,63,1,0
BRDA:485,64,0,0
BRDA:485,64,1,0
BRDA:491,65,0,0
BRDA:491,65,1,0
BRDA:492,66,0,0
BRDA:492,66,1,0
BRDA:506,67,0,0
BRDA:506,67,1,0
BRDA:516,68,0,0
BRDA:516,68,1,0
BRDA:516,69,0,0
BRDA:516,69,1,0
BRDA:522,70,0,0
BRDA:522,70,1,0
BRDA:524,71,0,0
BRDA:524,71,1,0
BRDA:528,72,0,0
BRDA:528,72,1,0
BRDA:536,73,0,0
BRDA:536,73,1,0
BRDA:536,73,2,0
BRF:149
BRH:0
end_of_record
TN:
SF:src\components\WelcomeScreen.jsx
FN:48,FloatingParticles
FN:51,(anonymous_1)
FN:71,WelcomeScreen
FN:76,(anonymous_3)
FN:77,(anonymous_4)
FN:78,(anonymous_5)
FN:82,(anonymous_6)
FN:84,(anonymous_7)
FN:88,(anonymous_8)
FN:89,(anonymous_9)
FN:96,(anonymous_10)
FN:139,(anonymous_11)
FN:169,(anonymous_12)
FNF:13
FNH:0
FNDA:0,FloatingParticles
FNDA:0,(anonymous_1)
FNDA:0,WelcomeScreen
FNDA:0,(anonymous_3)
FNDA:0,(anonymous_4)
FNDA:0,(anonymous_5)
FNDA:0,(anonymous_6)
FNDA:0,(anonymous_7)
FNDA:0,(anonymous_8)
FNDA:0,(anonymous_9)
FNDA:0,(anonymous_10)
FNDA:0,(anonymous_11)
FNDA:0,(anonymous_12)
DA:8,0
DA:49,0
DA:52,0
DA:72,0
DA:73,0
DA:76,0
DA:77,0
DA:78,0
DA:82,0
DA:83,0
DA:84,0
DA:88,0
DA:89,0
DA:90,0
DA:91,0
DA:92,0
DA:95,0
DA:96,0
DA:100,0
DA:101,0
DA:103,0
DA:104,0
DA:105,0
DA:107,0
DA:140,0
DA:141,0
DA:170,0
LF:27
LH:0
BRDA:90,0,0,0
BRDA:90,0,1,0
BRDA:90,1,0,0
BRDA:90,1,1,0
BRDA:100,2,0,0
BRDA:100,2,1,0
BRDA:100,2,2,0
BRDA:105,3,0,0
BRDA:105,3,1,0
BRDA:105,4,0,0
BRDA:105,4,1,0
BRDA:110,5,0,0
BRDA:110,5,1,0
BRDA:110,6,0,0
BRDA:110,6,1,0
BRDA:111,7,0,0
BRDA:111,7,1,0
BRDA:111,8,0,0
BRDA:111,8,1,0
BRDA:121,9,0,0
BRDA:121,9,1,0
BRDA:121,10,0,0
BRDA:121,10,1,0
BRDA:173,11,0,0
BRDA:173,11,1,0
BRDA:173,12,0,0
BRDA:173,12,1,0
BRF:27
BRH:0
end_of_record
TN:
SF:src\hooks\useDarkMode.js
FN:7,useDarkMode
FN:8,(anonymous_1)
FN:16,(anonymous_2)
FN:28,(anonymous_3)
FN:28,(anonymous_4)
FNF:5
FNH:0
FNDA:0,useDarkMode
FNDA:0,(anonymous_1)
FNDA:0,(anonymous_2)
FNDA:0,(anonymous_3)
FNDA:0,(anonymous_4)
DA:8,0
DA:9,0
DA:10,0
DA:12,0
DA:16,0
DA:17,0
DA:18,0
DA:19,0
DA:21,0
DA:23,0
DA:24,0
DA:28,0
DA:30,0
LF:13
LH:0
BRDA:18,0,0,0
BRDA:18,0,1,0
BRDA:24,1,0,0
BRDA:24,1,1,0
BRF:4
BRH:0
end_of_record
TN:
SF:src\hooks\useVoice.js
FN:17,detectLang
FN:19,(anonymous_1)
FN:26,getBestVoice
FN:30,(anonymous_3)
FN:34,(anonymous_4)
FN:41,(anonymous_5)
FN:46,cleanForSpeech
FN:64,useVoice
FN:76,(anonymous_8)
FN:89,(anonymous_9)
FN:102,(anonymous_10)
FN:110,(anonymous_11)
FN:117,(anonymous_12)
FN:124,(anonymous_13)
FN:134,(anonymous_14)
FN:150,(anonymous_15)
FN:155,(anonymous_16)
FN:161,(anonymous_17)
FN:177,(anonymous_18)
FN:182,(anonymous_19)
FN:189,(anonymous_20)
FN:197,(anonymous_21)
FN:205,(anonymous_22)
FN:215,(anonymous_23)
FN:221,(anonymous_24)
FN:222,(anonymous_25)
FNF:26
FNH:0
FNDA:0,detectLang
FNDA:0,(anonymous_1)
FNDA:0,getBestVoice
FNDA:0,(anonymous_3)
FNDA:0,(anonymous_4)
FNDA:0,(anonymous_5)
FNDA:0,cleanForSpeech
FNDA:0,useVoice
FNDA:0,(anonymous_8)
FNDA:0,(anonymous_9)
FNDA:0,(anonymous_10)
FNDA:0,(anonymous_11)
FNDA:0,(anonymous_12)
FNDA:0,(anonymous_13)
FNDA:0,(anonymous_14)
FNDA:0,(anonymous_15)
FNDA:0,(anonymous_16)
FNDA:0,(anonymous_17)
FNDA:0,(anonymous_18)
FNDA:0,(anonymous_19)
FNDA:0,(anonymous_20)
FNDA:0,(anonymous_21)
FNDA:0,(anonymous_22)
FNDA:0,(anonymous_23)
FNDA:0,(anonymous_24)
FNDA:0,(anonymous_25)
DA:9,0
DA:18,0
DA:19,0
DA:21,0
DA:27,0
DA:28,0
DA:30,0
DA:31,0
DA:34,0
DA:35,0
DA:36,0
DA:37,0
DA:38,0
DA:41,0
DA:42,0
DA:47,0
DA:65,0
DA:66,0
DA:67,0
DA:68,0
DA:69,0
DA:71,0
DA:72,0
DA:73,0
DA:76,0
DA:77,0
DA:78,0
DA:80,0
DA:81,0
DA:82,0
DA:84,0
DA:85,0
DA:86,0
DA:87,0
DA:89,0
DA:90,0
DA:91,0
DA:93,0
DA:96,0
DA:97,0
DA:98,0
DA:102,0
DA:103,0
DA:104,0
DA:106,0
DA:107,0
DA:110,0
DA:111,0
DA:114,0
DA:117,0
DA:118,0
DA:119,0
DA:124,0
DA:125,0
DA:126,0
DA:127,0
DA:128,0
DA:129,0
DA:134,0
DA:135,0
DA:137,0
DA:141,0
DA:142,0
DA:143,0
DA:144,0
DA:146,0
DA:150,0
DA:151,0
DA:152,0
DA:155,0
DA:156,0
DA:157,0
DA:161,0
DA:162,0
DA:164,0
DA:166,0
DA:167,0
DA:168,0
DA:170,0
DA:171,0
DA:172,0
DA:173,0
DA:174,0
DA:175,0
DA:177,0
DA:178,0
DA:179,0
DA:182,0
DA:183,0
DA:184,0
DA:187,0
DA:188,0
DA:189,0
DA:190,0
DA:193,0
DA:197,0
DA:198,0
DA:199,0
DA:200,0
DA:204,0
DA:205,0
DA:206,0
DA:207,0
DA:208,0
DA:211,0
DA:215,0
DA:216,0
DA:217,0
DA:221,0
DA:222,0
DA:223,0
DA:225,0
DA:229,0
LF:113
LH:0
BRDA:17,0,0,0
BRDA:21,1,0,0
BRDA:21,1,1,0
BRDA:31,2,0,0
BRDA:31,2,1,0
BRDA:35,3,0,0
BRDA:35,3,1,0
BRDA:36,4,0,0
BRDA:36,4,1,0
BRDA:37,5,0,0
BRDA:37,5,1,0
BRDA:42,6,0,0
BRDA:42,6,1,0
BRDA:46,7,0,0
BRDA:77,8,0,0
BRDA:77,8,1,0
BRDA:80,9,0,0
BRDA:80,9,1,0
BRDA:80,10,0,0
BRDA:80,10,1,0
BRDA:91,11,0,0
BRDA:91,11,1,0
BRDA:93,12,0,0
BRDA:93,12,1,0
BRDA:96,13,0,0
BRDA:96,13,1,0
BRDA:96,14,0,0
BRDA:96,14,1,0
BRDA:103,15,0,0
BRDA:103,15,1,0
BRDA:103,16,0,0
BRDA:103,16,1,0
BRDA:107,17,0,0
BRDA:107,17,1,0
BRDA:126,18,0,0
BRDA:126,18,1,0
BRDA:135,19,0,0
BRDA:135,19,1,0
BRDA:135,20,0,0
BRDA:135,20,1,0
BRDA:156,21,0,0
BRDA:156,21,1,0
BRDA:161,22,0,0
BRDA:162,23,0,0
BRDA:162,23,1,0
BRDA:162,24,0,0
BRDA:162,24,1,0
BRDA:175,25,0,0
BRDA:175,25,1,0
BRDA:184,26,0,0
BRDA:184,26,1,0
BRDA:187,27,0,0
BRDA:187,27,1,0
BRDA:190,28,0,0
BRDA:190,28,1,0
BRDA:198,29,0,0
BRDA:198,29,1,0
BRDA:204,30,0,0
BRDA:204,30,1,0
BRDA:207,31,0,0
BRDA:207,31,1,0
BRDA:223,32,0,0
BRDA:223,32,1,0
BRF:63
BRH:0
end_of_record
